<?xml version="1.0" encoding="UTF-8"?>
<robot generator="Robot 3.1.2 (Python 3.7.6 on darwin)" generated="20200224 16:45:12.360" rpa="false">
<suite id="s1" name="Get10Minutes" source="/Users/shocklee/Documents/github/workspace/Python/proEx/robot/library/tools/get10minutes.robot">
<test id="s1-t1" name="Test Login Web">
<kw name="Login WebUI" library="browser_setting" type="setup">
<doc>Using browser login our ui</doc>
<arguments>
<arg>${URL}</arg>
<arg>${BW}</arg>
</arguments>
<kw name="Convert To Lowercase" library="String">
<doc>Converts string to lowercase.</doc>
<arguments>
<arg>${BW}</arg>
</arguments>
<assign>
<var>${BW}</var>
</assign>
<msg timestamp="20200224 16:45:12.836" level="INFO">${BW} = chrome</msg>
<status status="PASS" starttime="20200224 16:45:12.835" endtime="20200224 16:45:12.836"></status>
</kw>
<kw name="Run Keyword If" library="BuiltIn">
<doc>Runs the given keyword with the given arguments, if ``condition`` is true.</doc>
<arguments>
<arg>'${BW}' == 'firefox'</arg>
<arg>Open Firefox Browser for product</arg>
<arg>${URL}</arg>
<arg>ELSE IF</arg>
<arg>'${BW}' == 'chrome'</arg>
<arg>Open Chrome Browser for product</arg>
<arg>${URL}</arg>
<arg>ELSE IF</arg>
<arg>'${BW}' == 'safari'</arg>
<arg>Open Safari Browser for product</arg>
<arg>${URL}</arg>
</arguments>
<kw name="Open Chrome Browser for product" library="browser_setting">
<arguments>
<arg>${URL}</arg>
</arguments>
<kw name="Evaluate" library="BuiltIn">
<doc>Evaluates the given expression in Python and returns the results.</doc>
<arguments>
<arg>sys.modules['selenium.webdriver'].ChromeOptions()</arg>
<arg>sys</arg>
</arguments>
<assign>
<var>${chromeprofile}</var>
</assign>
<msg timestamp="20200224 16:45:12.838" level="INFO">${chromeprofile} = &lt;selenium.webdriver.chrome.options.Options object at 0x1072694d0&gt;</msg>
<status status="PASS" starttime="20200224 16:45:12.838" endtime="20200224 16:45:12.838"></status>
</kw>
<kw name="Call Method" library="BuiltIn">
<doc>Calls the named method of the given object with the provided arguments.</doc>
<arguments>
<arg>${chromeprofile}</arg>
<arg>add_argument</arg>
<arg>disable-gpu</arg>
</arguments>
<status status="PASS" starttime="20200224 16:45:12.838" endtime="20200224 16:45:12.838"></status>
</kw>
<kw name="Call Method" library="BuiltIn">
<doc>Calls the named method of the given object with the provided arguments.</doc>
<arguments>
<arg>${chromeprofile}</arg>
<arg>add_argument</arg>
<arg>--disable-extensions</arg>
</arguments>
<status status="PASS" starttime="20200224 16:45:12.838" endtime="20200224 16:45:12.839"></status>
</kw>
<kw name="Create Webdriver" library="SeleniumLibrary">
<doc>Creates an instance of Selenium WebDriver.</doc>
<arguments>
<arg>Chrome</arg>
<arg>chrome_options=${chromeprofile}</arg>
</arguments>
<msg timestamp="20200224 16:45:12.839" level="INFO">Creating an instance of the Chrome WebDriver.</msg>
<status status="PASS" starttime="20200224 16:45:12.839" endtime="20200224 16:45:16.642"></status>
</kw>
<kw name="Go To" library="SeleniumLibrary">
<doc>Navigates the current browser window to the provided ``url``.</doc>
<arguments>
<arg>${URL}</arg>
</arguments>
<msg timestamp="20200224 16:45:16.644" level="INFO">Opening url 'http://10minutemail.net//'</msg>
<status status="PASS" starttime="20200224 16:45:16.643" endtime="20200224 16:45:19.607"></status>
</kw>
<status status="PASS" starttime="20200224 16:45:12.837" endtime="20200224 16:45:19.608"></status>
</kw>
<status status="PASS" starttime="20200224 16:45:12.836" endtime="20200224 16:45:19.608"></status>
</kw>
<status status="PASS" starttime="20200224 16:45:12.834" endtime="20200224 16:45:19.608"></status>
</kw>
<kw name="Sleep" library="BuiltIn">
<doc>Pauses the test executed for the given time.</doc>
<arguments>
<arg>5s</arg>
</arguments>
<msg timestamp="20200224 16:45:24.609" level="INFO">Slept 5 seconds</msg>
<status status="PASS" starttime="20200224 16:45:19.608" endtime="20200224 16:45:24.610"></status>
</kw>
<kw name="Wait Until Element Is Visible" library="SeleniumLibrary">
<doc>Waits until the element ``locator`` is visible.</doc>
<arguments>
<arg>//input[@id='fe_text']</arg>
<arg>timeout=10</arg>
</arguments>
<status status="PASS" starttime="20200224 16:45:24.611" endtime="20200224 16:45:24.876"></status>
</kw>
<kw name="Get Value" library="SeleniumLibrary">
<doc>Returns the value attribute of the element identified by ``locator``.</doc>
<arguments>
<arg>//input[@id='fe_text']</arg>
</arguments>
<assign>
<var>${email_address}</var>
</assign>
<msg timestamp="20200224 16:45:24.933" level="INFO">${email_address} = lwk41101@bcaoo.com</msg>
<status status="PASS" starttime="20200224 16:45:24.877" endtime="20200224 16:45:24.933"></status>
</kw>
<kw name="Set Global Variable" library="BuiltIn">
<doc>Makes a variable available globally in all tests and suites.</doc>
<arguments>
<arg>${email_address}</arg>
</arguments>
<msg timestamp="20200224 16:45:24.934" level="INFO">${email_address} = lwk41101@bcaoo.com</msg>
<status status="PASS" starttime="20200224 16:45:24.934" endtime="20200224 16:45:24.935"></status>
</kw>
<status status="PASS" starttime="20200224 16:45:12.834" endtime="20200224 16:45:24.935" critical="yes"></status>
</test>
<test id="s1-t2" name="Test Log Show">
<kw name="Log To Console" library="BuiltIn">
<doc>Logs the given message to the console.</doc>
<arguments>
<arg>: Find email : "${email_address}" in log</arg>
</arguments>
<status status="PASS" starttime="20200224 16:45:24.938" endtime="20200224 16:45:24.939"></status>
</kw>
<status status="PASS" starttime="20200224 16:45:24.936" endtime="20200224 16:45:24.940" critical="yes"></status>
</test>
<doc>xxxxx</doc>
<metadata>
<item name="Version 0.1"></item>
</metadata>
<status status="PASS" starttime="20200224 16:45:12.362" endtime="20200224 16:45:24.942"></status>
</suite>
<statistics>
<total>
<stat pass="2" fail="0">Critical Tests</stat>
<stat pass="2" fail="0">All Tests</stat>
</total>
<tag>
</tag>
<suite>
<stat pass="2" fail="0" id="s1" name="Get10Minutes">Get10Minutes</stat>
</suite>
</statistics>
<errors>
</errors>
</robot>
