<?xml version="1.0" encoding="UTF-8"?>
<robot generator="Robot 3.1.2 (Python 3.7.6 on darwin)" generated="20200413 17:47:10.596" rpa="false">
<suite id="s1" name="Test Login Home" source="/Users/shocklee/Documents/github/workspace/Python/Ace/iOS/test_login_home.robot">
<test id="s1-t1" name="Open Ace App And Login With Mobile">
<kw name="Open Ace App And Login With Mobile" library="login">
<kw name="Open Ace On iOS" library="login">
<kw name="Open Application" library="AppiumLibrary">
<doc>Opens a new application to given Appium server.
Capabilities of appium server, Android and iOS,
Please check https://github.com/appium/appium/blob/master/docs/en/writing-running-appium/server-args.md
| *Option*            | *Man.* | *Description*     |
| remote_url          | Yes    | Appium server url |
| alias               | no     | alias             |</doc>
<arguments>
<arg>${host}</arg>
<arg>platformName=${platformName}</arg>
<arg>deviceName=${deviceName}</arg>
<arg>udid=${udid}</arg>
<arg>xcodeOrgId=${xcodeOrgId}</arg>
<arg>bundleId=${bundleId}</arg>
<arg>xcodeSigningId=${xcodeSigningId}</arg>
<arg>automationName=${automationName}</arg>
</arguments>
<status status="PASS" starttime="20200413 17:47:11.916" endtime="20200413 17:47:27.057"></status>
</kw>
<status status="PASS" starttime="20200413 17:47:11.916" endtime="20200413 17:47:27.058"></status>
</kw>
<kw name="Run Keyword And Return Status" library="BuiltIn">
<doc>Runs the given keyword with given arguments and returns the status as a Boolean value.</doc>
<arguments>
<arg>Page Should Contain Element</arg>
<arg>xpath=(//XCUIElementTypeButton[@name="點擊登入"])[1]</arg>
</arguments>
<assign>
<var>${status}</var>
</assign>
<kw name="Page Should Contain Element" library="AppiumLibrary">
<doc>Verifies that current page contains `locator` element.</doc>
<arguments>
<arg>xpath=(//XCUIElementTypeButton[@name="點擊登入"])[1]</arg>
</arguments>
<kw name="Capture Page Screenshot" library="AppiumLibrary">
<doc>Takes a screenshot of the current page and embeds it into the log.</doc>
<msg timestamp="20200413 17:47:28.024" level="INFO" html="yes">&lt;/td&gt;&lt;/tr&gt;&lt;tr&gt;&lt;td colspan="3"&gt;&lt;a href="appium-screenshot-1.png"&gt;&lt;img src="appium-screenshot-1.png" width="800px"&gt;&lt;/a&gt;</msg>
<status status="PASS" starttime="20200413 17:47:27.814" endtime="20200413 17:47:28.024"></status>
</kw>
<msg timestamp="20200413 17:47:28.025" level="FAIL">Page should have contained element 'xpath=(//XCUIElementTypeButton[@name="點擊登入"])[1]' but did not</msg>
<status status="FAIL" starttime="20200413 17:47:27.058" endtime="20200413 17:47:28.025"></status>
</kw>
<msg timestamp="20200413 17:47:28.025" level="INFO">${status} = False</msg>
<status status="PASS" starttime="20200413 17:47:27.058" endtime="20200413 17:47:28.025"></status>
</kw>
<kw name="Run Keyword If" library="BuiltIn">
<doc>Runs the given keyword with the given arguments, if ``condition`` is true.</doc>
<arguments>
<arg>${status} == True</arg>
<arg>Run Keywords</arg>
<arg>Goto Me Tab On Home Page</arg>
<arg>AND</arg>
<arg>Click Mobile Login On Me Page</arg>
<arg>AND</arg>
<arg>Input Tel Number In Mobile Login On Me Page</arg>
<arg>0936736561</arg>
<arg>AND</arg>
<arg>Input Password In Mobile Login On Me Page</arg>
<arg>Arborabc1234</arg>
<arg>AND</arg>
<arg>Click Login Button In Login On Me Page</arg>
<arg>AND</arg>
<arg>Input Google Auth In Login On Me Page</arg>
<arg>${googleAuth}</arg>
<arg>AND</arg>
<arg>Click Login Button In Auth On Me Page</arg>
<arg>${googleAuth}</arg>
</arguments>
<status status="PASS" starttime="20200413 17:47:28.026" endtime="20200413 17:47:28.027"></status>
</kw>
<status status="PASS" starttime="20200413 17:47:11.915" endtime="20200413 17:47:28.027"></status>
</kw>
<doc>登入ACE 使用 手機 google 驗證</doc>
<tags>
<tag>prod</tag>
</tags>
<status status="PASS" starttime="20200413 17:47:11.914" endtime="20200413 17:47:28.027" critical="yes"></status>
</test>
<test id="s1-t2" name="Test Click Home Page">
<kw name="Goto Home Tab On Home Page" library="navigation">
<doc>Home 分頁</doc>
<kw name="Wait Until Element Is Visible" library="AppiumLibrary">
<doc>Waits until element specified with `locator` is visible.</doc>
<arguments>
<arg>xpath=//XCUIElementTypeButton[@name="首頁"]</arg>
</arguments>
<status status="PASS" starttime="20200413 17:47:28.032" endtime="20200413 17:47:29.248"></status>
</kw>
<kw name="Click Element" library="AppiumLibrary">
<doc>Click element identified by `locator`.</doc>
<arguments>
<arg>xpath=//XCUIElementTypeButton[@name="首頁"]</arg>
</arguments>
<msg timestamp="20200413 17:47:29.251" level="INFO">Clicking element 'xpath=//XCUIElementTypeButton[@name="首頁"]'.</msg>
<status status="PASS" starttime="20200413 17:47:29.249" endtime="20200413 17:47:30.773"></status>
</kw>
<status status="PASS" starttime="20200413 17:47:28.031" endtime="20200413 17:47:30.773"></status>
</kw>
<doc>切換到 首面 點擊 各個頁面</doc>
<tags>
<tag>prod</tag>
</tags>
<status status="PASS" starttime="20200413 17:47:28.028" endtime="20200413 17:47:30.774" critical="yes"></status>
</test>
<test id="s1-t3" name="Test Price And Gainers Tab On Home Page">
<kw name="Click Price Tab On Home Page" library="home">
<doc>Home-&gt;價格榜</doc>
<kw name="Wait Until Element Is Visible" library="AppiumLibrary">
<doc>Waits until element specified with `locator` is visible.</doc>
<arguments>
<arg>xpath=(//XCUIElementTypeStaticText[@name="價格"])[1]</arg>
</arguments>
<status status="PASS" starttime="20200413 17:47:30.779" endtime="20200413 17:47:31.940"></status>
</kw>
<kw name="Click Element" library="AppiumLibrary">
<doc>Click element identified by `locator`.</doc>
<arguments>
<arg>xpath=(//XCUIElementTypeStaticText[@name="價格"])[1]</arg>
</arguments>
<msg timestamp="20200413 17:47:31.942" level="INFO">Clicking element 'xpath=(//XCUIElementTypeStaticText[@name="價格"])[1]'.</msg>
<status status="PASS" starttime="20200413 17:47:31.940" endtime="20200413 17:47:33.472"></status>
</kw>
<status status="PASS" starttime="20200413 17:47:30.778" endtime="20200413 17:47:33.473"></status>
</kw>
<kw name="Click All Exchange In Price And Gainers Tab On Home Page" library="home">
<doc>Home-&gt;價格榜(漲跌榜)-&gt;欄位</doc>
<kw name="Swipe By Percent" library="AppiumLibrary">
<doc>Swipe from one percent of the screen to another percent, for an optional duration.
Normal swipe fails to scale for different screen resolutions, this can be avoided using percent.</doc>
<arguments>
<arg>50</arg>
<arg>50</arg>
<arg>50</arg>
<arg>20</arg>
</arguments>
<status status="PASS" starttime="20200413 17:47:33.474" endtime="20200413 17:47:35.068"></status>
</kw>
<kw name="Get Matching Xpath Count" library="AppiumLibrary">
<doc>Returns number of elements matching ``xpath``</doc>
<arguments>
<arg>//XCUIElementTypeApplication[@name="ACE-dev"]/XCUIElementTypeWindow[1]/XCUIElementTypeOther/XCUIElementTypeOther/XCUIElementTypeOther/XCUIElementTypeOther/XCUIElementTypeOther/XCUIElementTypeOther/XCUIElementTypeOther/XCUIElementTypeOther/XCUIElementTypeOther/XCUIElementTypeTable/XCUIElementTypeCell</arg>
</arguments>
<assign>
<var>${count}</var>
</assign>
<msg timestamp="20200413 17:47:36.141" level="INFO">${count} = 4</msg>
<status status="PASS" starttime="20200413 17:47:35.068" endtime="20200413 17:47:36.142"></status>
</kw>
<kw name="${index} IN RANGE [ ${count} ]" type="for">
<kw name="${index} = 0" type="foritem">
<kw name="Evaluate" library="BuiltIn">
<doc>Evaluates the given expression in Python and returns the results.</doc>
<arguments>
<arg>${index} + 1</arg>
</arguments>
<assign>
<var>${index}</var>
</assign>
<msg timestamp="20200413 17:47:36.143" level="INFO">${index} = 1</msg>
<status status="PASS" starttime="20200413 17:47:36.142" endtime="20200413 17:47:36.143"></status>
</kw>
<kw name="Wait Until Element Is Visible" library="AppiumLibrary">
<doc>Waits until element specified with `locator` is visible.</doc>
<arguments>
<arg>xpath=//XCUIElementTypeApplication[@name="ACE-dev"]/XCUIElementTypeWindow[1]/XCUIElementTypeOther/XCUIElementTypeOther/XCUIElementTypeOther/XCUIElementTypeOther/XCUIElementTypeOther/XCUIElementTypeOther/XCUIElementTypeOther/XCUIElementTypeOther/XCUIElementTypeOther/XCUIElementTypeTable/XCUIElementTypeCell[${index}]</arg>
</arguments>
<status status="PASS" starttime="20200413 17:47:36.143" endtime="20200413 17:47:37.347"></status>
</kw>
<kw name="Click Element" library="AppiumLibrary">
<doc>Click element identified by `locator`.</doc>
<arguments>
<arg>xpath=//XCUIElementTypeApplication[@name="ACE-dev"]/XCUIElementTypeWindow[1]/XCUIElementTypeOther/XCUIElementTypeOther/XCUIElementTypeOther/XCUIElementTypeOther/XCUIElementTypeOther/XCUIElementTypeOther/XCUIElementTypeOther/XCUIElementTypeOther/XCUIElementTypeOther/XCUIElementTypeTable/XCUIElementTypeCell[${index}]</arg>
</arguments>
<msg timestamp="20200413 17:47:37.349" level="INFO">Clicking element 'xpath=//XCUIElementTypeApplication[@name="ACE-dev"]/XCUIElementTypeWindow[1]/XCUIElementTypeOther/XCUIElementTypeOther/XCUIElementTypeOther/XCUIElementTypeOther/XCUIElementTypeOther/XCUIElementTypeOther/XCUIElementTypeOther/XCUIElementTypeOther/XCUIElementTypeOther/XCUIElementTypeTable/XCUIElementTypeCell[1]'.</msg>
<status status="PASS" starttime="20200413 17:47:37.347" endtime="20200413 17:47:38.995"></status>
</kw>
<kw name="Click Back Button On All Page" library="home">
<doc>Home-&gt;其他返回</doc>
<kw name="Sleep" library="BuiltIn">
<doc>Pauses the test executed for the given time.</doc>
<arguments>
<arg>1s</arg>
</arguments>
<msg timestamp="20200413 17:47:39.996" level="INFO">Slept 1 second</msg>
<status status="PASS" starttime="20200413 17:47:38.996" endtime="20200413 17:47:39.996"></status>
</kw>
<kw name="Wait Until Element Is Visible" library="AppiumLibrary">
<doc>Waits until element specified with `locator` is visible.</doc>
<arguments>
<arg>xpath=//XCUIElementTypeButton[@name="返回"]</arg>
</arguments>
<status status="PASS" starttime="20200413 17:47:39.997" endtime="20200413 17:47:41.005"></status>
</kw>
<kw name="Click Element" library="AppiumLibrary">
<doc>Click element identified by `locator`.</doc>
<arguments>
<arg>xpath=//XCUIElementTypeButton[@name="返回"]</arg>
</arguments>
<msg timestamp="20200413 17:47:41.007" level="INFO">Clicking element 'xpath=//XCUIElementTypeButton[@name="返回"]'.</msg>
<status status="PASS" starttime="20200413 17:47:41.005" endtime="20200413 17:47:42.499"></status>
</kw>
<status status="PASS" starttime="20200413 17:47:38.995" endtime="20200413 17:47:42.500"></status>
</kw>
<status status="PASS" starttime="20200413 17:47:36.142" endtime="20200413 17:47:42.500"></status>
</kw>
<kw name="${index} = 1" type="foritem">
<kw name="Evaluate" library="BuiltIn">
<doc>Evaluates the given expression in Python and returns the results.</doc>
<arguments>
<arg>${index} + 1</arg>
</arguments>
<assign>
<var>${index}</var>
</assign>
<msg timestamp="20200413 17:47:42.500" level="INFO">${index} = 2</msg>
<status status="PASS" starttime="20200413 17:47:42.500" endtime="20200413 17:47:42.500"></status>
</kw>
<kw name="Wait Until Element Is Visible" library="AppiumLibrary">
<doc>Waits until element specified with `locator` is visible.</doc>
<arguments>
<arg>xpath=//XCUIElementTypeApplication[@name="ACE-dev"]/XCUIElementTypeWindow[1]/XCUIElementTypeOther/XCUIElementTypeOther/XCUIElementTypeOther/XCUIElementTypeOther/XCUIElementTypeOther/XCUIElementTypeOther/XCUIElementTypeOther/XCUIElementTypeOther/XCUIElementTypeOther/XCUIElementTypeTable/XCUIElementTypeCell[${index}]</arg>
</arguments>
<status status="PASS" starttime="20200413 17:47:42.501" endtime="20200413 17:47:43.902"></status>
</kw>
<kw name="Click Element" library="AppiumLibrary">
<doc>Click element identified by `locator`.</doc>
<arguments>
<arg>xpath=//XCUIElementTypeApplication[@name="ACE-dev"]/XCUIElementTypeWindow[1]/XCUIElementTypeOther/XCUIElementTypeOther/XCUIElementTypeOther/XCUIElementTypeOther/XCUIElementTypeOther/XCUIElementTypeOther/XCUIElementTypeOther/XCUIElementTypeOther/XCUIElementTypeOther/XCUIElementTypeTable/XCUIElementTypeCell[${index}]</arg>
</arguments>
<msg timestamp="20200413 17:47:43.906" level="INFO">Clicking element 'xpath=//XCUIElementTypeApplication[@name="ACE-dev"]/XCUIElementTypeWindow[1]/XCUIElementTypeOther/XCUIElementTypeOther/XCUIElementTypeOther/XCUIElementTypeOther/XCUIElementTypeOther/XCUIElementTypeOther/XCUIElementTypeOther/XCUIElementTypeOther/XCUIElementTypeOther/XCUIElementTypeTable/XCUIElementTypeCell[2]'.</msg>
<status status="PASS" starttime="20200413 17:47:43.902" endtime="20200413 17:47:45.550"></status>
</kw>
<kw name="Click Back Button On All Page" library="home">
<doc>Home-&gt;其他返回</doc>
<kw name="Sleep" library="BuiltIn">
<doc>Pauses the test executed for the given time.</doc>
<arguments>
<arg>1s</arg>
</arguments>
<msg timestamp="20200413 17:47:46.554" level="INFO">Slept 1 second</msg>
<status status="PASS" starttime="20200413 17:47:45.551" endtime="20200413 17:47:46.554"></status>
</kw>
<kw name="Wait Until Element Is Visible" library="AppiumLibrary">
<doc>Waits until element specified with `locator` is visible.</doc>
<arguments>
<arg>xpath=//XCUIElementTypeButton[@name="返回"]</arg>
</arguments>
<status status="PASS" starttime="20200413 17:47:46.554" endtime="20200413 17:47:47.538"></status>
</kw>
<kw name="Click Element" library="AppiumLibrary">
<doc>Click element identified by `locator`.</doc>
<arguments>
<arg>xpath=//XCUIElementTypeButton[@name="返回"]</arg>
</arguments>
<msg timestamp="20200413 17:47:47.540" level="INFO">Clicking element 'xpath=//XCUIElementTypeButton[@name="返回"]'.</msg>
<status status="PASS" starttime="20200413 17:47:47.538" endtime="20200413 17:47:49.017"></status>
</kw>
<status status="PASS" starttime="20200413 17:47:45.551" endtime="20200413 17:47:49.018"></status>
</kw>
<status status="PASS" starttime="20200413 17:47:42.500" endtime="20200413 17:47:49.018"></status>
</kw>
<kw name="${index} = 2" type="foritem">
<kw name="Evaluate" library="BuiltIn">
<doc>Evaluates the given expression in Python and returns the results.</doc>
<arguments>
<arg>${index} + 1</arg>
</arguments>
<assign>
<var>${index}</var>
</assign>
<msg timestamp="20200413 17:47:49.019" level="INFO">${index} = 3</msg>
<status status="PASS" starttime="20200413 17:47:49.018" endtime="20200413 17:47:49.019"></status>
</kw>
<kw name="Wait Until Element Is Visible" library="AppiumLibrary">
<doc>Waits until element specified with `locator` is visible.</doc>
<arguments>
<arg>xpath=//XCUIElementTypeApplication[@name="ACE-dev"]/XCUIElementTypeWindow[1]/XCUIElementTypeOther/XCUIElementTypeOther/XCUIElementTypeOther/XCUIElementTypeOther/XCUIElementTypeOther/XCUIElementTypeOther/XCUIElementTypeOther/XCUIElementTypeOther/XCUIElementTypeOther/XCUIElementTypeTable/XCUIElementTypeCell[${index}]</arg>
</arguments>
<status status="PASS" starttime="20200413 17:47:49.019" endtime="20200413 17:47:51.247"></status>
</kw>
<kw name="Click Element" library="AppiumLibrary">
<doc>Click element identified by `locator`.</doc>
<arguments>
<arg>xpath=//XCUIElementTypeApplication[@name="ACE-dev"]/XCUIElementTypeWindow[1]/XCUIElementTypeOther/XCUIElementTypeOther/XCUIElementTypeOther/XCUIElementTypeOther/XCUIElementTypeOther/XCUIElementTypeOther/XCUIElementTypeOther/XCUIElementTypeOther/XCUIElementTypeOther/XCUIElementTypeTable/XCUIElementTypeCell[${index}]</arg>
</arguments>
<msg timestamp="20200413 17:47:51.249" level="INFO">Clicking element 'xpath=//XCUIElementTypeApplication[@name="ACE-dev"]/XCUIElementTypeWindow[1]/XCUIElementTypeOther/XCUIElementTypeOther/XCUIElementTypeOther/XCUIElementTypeOther/XCUIElementTypeOther/XCUIElementTypeOther/XCUIElementTypeOther/XCUIElementTypeOther/XCUIElementTypeOther/XCUIElementTypeTable/XCUIElementTypeCell[3]'.</msg>
<status status="PASS" starttime="20200413 17:47:51.247" endtime="20200413 17:47:52.874"></status>
</kw>
<kw name="Click Back Button On All Page" library="home">
<doc>Home-&gt;其他返回</doc>
<kw name="Sleep" library="BuiltIn">
<doc>Pauses the test executed for the given time.</doc>
<arguments>
<arg>1s</arg>
</arguments>
<msg timestamp="20200413 17:47:53.876" level="INFO">Slept 1 second</msg>
<status status="PASS" starttime="20200413 17:47:52.875" endtime="20200413 17:47:53.876"></status>
</kw>
<kw name="Wait Until Element Is Visible" library="AppiumLibrary">
<doc>Waits until element specified with `locator` is visible.</doc>
<arguments>
<arg>xpath=//XCUIElementTypeButton[@name="返回"]</arg>
</arguments>
<status status="PASS" starttime="20200413 17:47:53.876" endtime="20200413 17:47:54.852"></status>
</kw>
<kw name="Click Element" library="AppiumLibrary">
<doc>Click element identified by `locator`.</doc>
<arguments>
<arg>xpath=//XCUIElementTypeButton[@name="返回"]</arg>
</arguments>
<msg timestamp="20200413 17:47:54.855" level="INFO">Clicking element 'xpath=//XCUIElementTypeButton[@name="返回"]'.</msg>
<status status="PASS" starttime="20200413 17:47:54.852" endtime="20200413 17:47:56.284"></status>
</kw>
<status status="PASS" starttime="20200413 17:47:52.874" endtime="20200413 17:47:56.284"></status>
</kw>
<status status="PASS" starttime="20200413 17:47:49.018" endtime="20200413 17:47:56.284"></status>
</kw>
<kw name="${index} = 3" type="foritem">
<kw name="Evaluate" library="BuiltIn">
<doc>Evaluates the given expression in Python and returns the results.</doc>
<arguments>
<arg>${index} + 1</arg>
</arguments>
<assign>
<var>${index}</var>
</assign>
<msg timestamp="20200413 17:47:56.285" level="INFO">${index} = 4</msg>
<status status="PASS" starttime="20200413 17:47:56.284" endtime="20200413 17:47:56.285"></status>
</kw>
<kw name="Wait Until Element Is Visible" library="AppiumLibrary">
<doc>Waits until element specified with `locator` is visible.</doc>
<arguments>
<arg>xpath=//XCUIElementTypeApplication[@name="ACE-dev"]/XCUIElementTypeWindow[1]/XCUIElementTypeOther/XCUIElementTypeOther/XCUIElementTypeOther/XCUIElementTypeOther/XCUIElementTypeOther/XCUIElementTypeOther/XCUIElementTypeOther/XCUIElementTypeOther/XCUIElementTypeOther/XCUIElementTypeTable/XCUIElementTypeCell[${index}]</arg>
</arguments>
<status status="PASS" starttime="20200413 17:47:56.285" endtime="20200413 17:47:57.683"></status>
</kw>
<kw name="Click Element" library="AppiumLibrary">
<doc>Click element identified by `locator`.</doc>
<arguments>
<arg>xpath=//XCUIElementTypeApplication[@name="ACE-dev"]/XCUIElementTypeWindow[1]/XCUIElementTypeOther/XCUIElementTypeOther/XCUIElementTypeOther/XCUIElementTypeOther/XCUIElementTypeOther/XCUIElementTypeOther/XCUIElementTypeOther/XCUIElementTypeOther/XCUIElementTypeOther/XCUIElementTypeTable/XCUIElementTypeCell[${index}]</arg>
</arguments>
<msg timestamp="20200413 17:47:57.686" level="INFO">Clicking element 'xpath=//XCUIElementTypeApplication[@name="ACE-dev"]/XCUIElementTypeWindow[1]/XCUIElementTypeOther/XCUIElementTypeOther/XCUIElementTypeOther/XCUIElementTypeOther/XCUIElementTypeOther/XCUIElementTypeOther/XCUIElementTypeOther/XCUIElementTypeOther/XCUIElementTypeOther/XCUIElementTypeTable/XCUIElementTypeCell[4]'.</msg>
<status status="PASS" starttime="20200413 17:47:57.683" endtime="20200413 17:47:59.333"></status>
</kw>
<kw name="Click Back Button On All Page" library="home">
<doc>Home-&gt;其他返回</doc>
<kw name="Sleep" library="BuiltIn">
<doc>Pauses the test executed for the given time.</doc>
<arguments>
<arg>1s</arg>
</arguments>
<msg timestamp="20200413 17:48:00.337" level="INFO">Slept 1 second</msg>
<status status="PASS" starttime="20200413 17:47:59.334" endtime="20200413 17:48:00.338"></status>
</kw>
<kw name="Wait Until Element Is Visible" library="AppiumLibrary">
<doc>Waits until element specified with `locator` is visible.</doc>
<arguments>
<arg>xpath=//XCUIElementTypeButton[@name="返回"]</arg>
</arguments>
<status status="PASS" starttime="20200413 17:48:00.338" endtime="20200413 17:48:01.315"></status>
</kw>
<kw name="Click Element" library="AppiumLibrary">
<doc>Click element identified by `locator`.</doc>
<arguments>
<arg>xpath=//XCUIElementTypeButton[@name="返回"]</arg>
</arguments>
<msg timestamp="20200413 17:48:01.317" level="INFO">Clicking element 'xpath=//XCUIElementTypeButton[@name="返回"]'.</msg>
<status status="PASS" starttime="20200413 17:48:01.315" endtime="20200413 17:48:02.782"></status>
</kw>
<status status="PASS" starttime="20200413 17:47:59.333" endtime="20200413 17:48:02.783"></status>
</kw>
<status status="PASS" starttime="20200413 17:47:56.284" endtime="20200413 17:48:02.783"></status>
</kw>
<status status="PASS" starttime="20200413 17:47:36.142" endtime="20200413 17:48:02.783"></status>
</kw>
<kw name="Swipe By Percent" library="AppiumLibrary">
<doc>Swipe from one percent of the screen to another percent, for an optional duration.
Normal swipe fails to scale for different screen resolutions, this can be avoided using percent.</doc>
<arguments>
<arg>50</arg>
<arg>50</arg>
<arg>50</arg>
<arg>80</arg>
</arguments>
<status status="PASS" starttime="20200413 17:48:02.783" endtime="20200413 17:48:04.488"></status>
</kw>
<status status="PASS" starttime="20200413 17:47:33.473" endtime="20200413 17:48:04.488"></status>
</kw>
<kw name="Click Gainers Tab On Home Page" library="home">
<doc>Home-&gt;漲跌榜</doc>
<kw name="Wait Until Element Is Visible" library="AppiumLibrary">
<doc>Waits until element specified with `locator` is visible.</doc>
<arguments>
<arg>xpath=(//XCUIElementTypeStaticText[@name="漲跌"])[1]</arg>
</arguments>
<status status="PASS" starttime="20200413 17:48:04.489" endtime="20200413 17:48:05.658"></status>
</kw>
<kw name="Click Element" library="AppiumLibrary">
<doc>Click element identified by `locator`.</doc>
<arguments>
<arg>xpath=(//XCUIElementTypeStaticText[@name="漲跌"])[1]</arg>
</arguments>
<msg timestamp="20200413 17:48:05.663" level="INFO">Clicking element 'xpath=(//XCUIElementTypeStaticText[@name="漲跌"])[1]'.</msg>
<status status="PASS" starttime="20200413 17:48:05.659" endtime="20200413 17:48:07.205"></status>
</kw>
<status status="PASS" starttime="20200413 17:48:04.488" endtime="20200413 17:48:07.206"></status>
</kw>
<kw name="Click All Exchange In Price And Gainers Tab On Home Page" library="home">
<doc>Home-&gt;價格榜(漲跌榜)-&gt;欄位</doc>
<kw name="Swipe By Percent" library="AppiumLibrary">
<doc>Swipe from one percent of the screen to another percent, for an optional duration.
Normal swipe fails to scale for different screen resolutions, this can be avoided using percent.</doc>
<arguments>
<arg>50</arg>
<arg>50</arg>
<arg>50</arg>
<arg>20</arg>
</arguments>
<status status="PASS" starttime="20200413 17:48:07.207" endtime="20200413 17:48:08.782"></status>
</kw>
<kw name="Get Matching Xpath Count" library="AppiumLibrary">
<doc>Returns number of elements matching ``xpath``</doc>
<arguments>
<arg>//XCUIElementTypeApplication[@name="ACE-dev"]/XCUIElementTypeWindow[1]/XCUIElementTypeOther/XCUIElementTypeOther/XCUIElementTypeOther/XCUIElementTypeOther/XCUIElementTypeOther/XCUIElementTypeOther/XCUIElementTypeOther/XCUIElementTypeOther/XCUIElementTypeOther/XCUIElementTypeTable/XCUIElementTypeCell</arg>
</arguments>
<assign>
<var>${count}</var>
</assign>
<msg timestamp="20200413 17:48:09.881" level="INFO">${count} = 4</msg>
<status status="PASS" starttime="20200413 17:48:08.783" endtime="20200413 17:48:09.881"></status>
</kw>
<kw name="${index} IN RANGE [ ${count} ]" type="for">
<kw name="${index} = 0" type="foritem">
<kw name="Evaluate" library="BuiltIn">
<doc>Evaluates the given expression in Python and returns the results.</doc>
<arguments>
<arg>${index} + 1</arg>
</arguments>
<assign>
<var>${index}</var>
</assign>
<msg timestamp="20200413 17:48:09.882" level="INFO">${index} = 1</msg>
<status status="PASS" starttime="20200413 17:48:09.882" endtime="20200413 17:48:09.882"></status>
</kw>
<kw name="Wait Until Element Is Visible" library="AppiumLibrary">
<doc>Waits until element specified with `locator` is visible.</doc>
<arguments>
<arg>xpath=//XCUIElementTypeApplication[@name="ACE-dev"]/XCUIElementTypeWindow[1]/XCUIElementTypeOther/XCUIElementTypeOther/XCUIElementTypeOther/XCUIElementTypeOther/XCUIElementTypeOther/XCUIElementTypeOther/XCUIElementTypeOther/XCUIElementTypeOther/XCUIElementTypeOther/XCUIElementTypeTable/XCUIElementTypeCell[${index}]</arg>
</arguments>
<status status="PASS" starttime="20200413 17:48:09.882" endtime="20200413 17:48:11.100"></status>
</kw>
<kw name="Click Element" library="AppiumLibrary">
<doc>Click element identified by `locator`.</doc>
<arguments>
<arg>xpath=//XCUIElementTypeApplication[@name="ACE-dev"]/XCUIElementTypeWindow[1]/XCUIElementTypeOther/XCUIElementTypeOther/XCUIElementTypeOther/XCUIElementTypeOther/XCUIElementTypeOther/XCUIElementTypeOther/XCUIElementTypeOther/XCUIElementTypeOther/XCUIElementTypeOther/XCUIElementTypeTable/XCUIElementTypeCell[${index}]</arg>
</arguments>
<msg timestamp="20200413 17:48:11.104" level="INFO">Clicking element 'xpath=//XCUIElementTypeApplication[@name="ACE-dev"]/XCUIElementTypeWindow[1]/XCUIElementTypeOther/XCUIElementTypeOther/XCUIElementTypeOther/XCUIElementTypeOther/XCUIElementTypeOther/XCUIElementTypeOther/XCUIElementTypeOther/XCUIElementTypeOther/XCUIElementTypeOther/XCUIElementTypeTable/XCUIElementTypeCell[1]'.</msg>
<status status="PASS" starttime="20200413 17:48:11.100" endtime="20200413 17:48:12.750"></status>
</kw>
<kw name="Click Back Button On All Page" library="home">
<doc>Home-&gt;其他返回</doc>
<kw name="Sleep" library="BuiltIn">
<doc>Pauses the test executed for the given time.</doc>
<arguments>
<arg>1s</arg>
</arguments>
<msg timestamp="20200413 17:48:13.753" level="INFO">Slept 1 second</msg>
<status status="PASS" starttime="20200413 17:48:12.752" endtime="20200413 17:48:13.753"></status>
</kw>
<kw name="Wait Until Element Is Visible" library="AppiumLibrary">
<doc>Waits until element specified with `locator` is visible.</doc>
<arguments>
<arg>xpath=//XCUIElementTypeButton[@name="返回"]</arg>
</arguments>
<status status="PASS" starttime="20200413 17:48:13.753" endtime="20200413 17:48:15.196"></status>
</kw>
<kw name="Click Element" library="AppiumLibrary">
<doc>Click element identified by `locator`.</doc>
<arguments>
<arg>xpath=//XCUIElementTypeButton[@name="返回"]</arg>
</arguments>
<msg timestamp="20200413 17:48:15.197" level="INFO">Clicking element 'xpath=//XCUIElementTypeButton[@name="返回"]'.</msg>
<status status="PASS" starttime="20200413 17:48:15.196" endtime="20200413 17:48:16.714"></status>
</kw>
<status status="PASS" starttime="20200413 17:48:12.751" endtime="20200413 17:48:16.714"></status>
</kw>
<status status="PASS" starttime="20200413 17:48:09.882" endtime="20200413 17:48:16.714"></status>
</kw>
<kw name="${index} = 1" type="foritem">
<kw name="Evaluate" library="BuiltIn">
<doc>Evaluates the given expression in Python and returns the results.</doc>
<arguments>
<arg>${index} + 1</arg>
</arguments>
<assign>
<var>${index}</var>
</assign>
<msg timestamp="20200413 17:48:16.715" level="INFO">${index} = 2</msg>
<status status="PASS" starttime="20200413 17:48:16.714" endtime="20200413 17:48:16.715"></status>
</kw>
<kw name="Wait Until Element Is Visible" library="AppiumLibrary">
<doc>Waits until element specified with `locator` is visible.</doc>
<arguments>
<arg>xpath=//XCUIElementTypeApplication[@name="ACE-dev"]/XCUIElementTypeWindow[1]/XCUIElementTypeOther/XCUIElementTypeOther/XCUIElementTypeOther/XCUIElementTypeOther/XCUIElementTypeOther/XCUIElementTypeOther/XCUIElementTypeOther/XCUIElementTypeOther/XCUIElementTypeOther/XCUIElementTypeTable/XCUIElementTypeCell[${index}]</arg>
</arguments>
<status status="PASS" starttime="20200413 17:48:16.715" endtime="20200413 17:48:18.136"></status>
</kw>
<kw name="Click Element" library="AppiumLibrary">
<doc>Click element identified by `locator`.</doc>
<arguments>
<arg>xpath=//XCUIElementTypeApplication[@name="ACE-dev"]/XCUIElementTypeWindow[1]/XCUIElementTypeOther/XCUIElementTypeOther/XCUIElementTypeOther/XCUIElementTypeOther/XCUIElementTypeOther/XCUIElementTypeOther/XCUIElementTypeOther/XCUIElementTypeOther/XCUIElementTypeOther/XCUIElementTypeTable/XCUIElementTypeCell[${index}]</arg>
</arguments>
<msg timestamp="20200413 17:48:18.138" level="INFO">Clicking element 'xpath=//XCUIElementTypeApplication[@name="ACE-dev"]/XCUIElementTypeWindow[1]/XCUIElementTypeOther/XCUIElementTypeOther/XCUIElementTypeOther/XCUIElementTypeOther/XCUIElementTypeOther/XCUIElementTypeOther/XCUIElementTypeOther/XCUIElementTypeOther/XCUIElementTypeOther/XCUIElementTypeTable/XCUIElementTypeCell[2]'.</msg>
<status status="PASS" starttime="20200413 17:48:18.136" endtime="20200413 17:48:19.791"></status>
</kw>
<kw name="Click Back Button On All Page" library="home">
<doc>Home-&gt;其他返回</doc>
<kw name="Sleep" library="BuiltIn">
<doc>Pauses the test executed for the given time.</doc>
<arguments>
<arg>1s</arg>
</arguments>
<msg timestamp="20200413 17:48:20.793" level="INFO">Slept 1 second</msg>
<status status="PASS" starttime="20200413 17:48:19.792" endtime="20200413 17:48:20.793"></status>
</kw>
<kw name="Wait Until Element Is Visible" library="AppiumLibrary">
<doc>Waits until element specified with `locator` is visible.</doc>
<arguments>
<arg>xpath=//XCUIElementTypeButton[@name="返回"]</arg>
</arguments>
<status status="PASS" starttime="20200413 17:48:20.794" endtime="20200413 17:48:21.861"></status>
</kw>
<kw name="Click Element" library="AppiumLibrary">
<doc>Click element identified by `locator`.</doc>
<arguments>
<arg>xpath=//XCUIElementTypeButton[@name="返回"]</arg>
</arguments>
<msg timestamp="20200413 17:48:21.865" level="INFO">Clicking element 'xpath=//XCUIElementTypeButton[@name="返回"]'.</msg>
<status status="PASS" starttime="20200413 17:48:21.861" endtime="20200413 17:48:23.733"></status>
</kw>
<status status="PASS" starttime="20200413 17:48:19.792" endtime="20200413 17:48:23.734"></status>
</kw>
<status status="PASS" starttime="20200413 17:48:16.714" endtime="20200413 17:48:23.734"></status>
</kw>
<kw name="${index} = 2" type="foritem">
<kw name="Evaluate" library="BuiltIn">
<doc>Evaluates the given expression in Python and returns the results.</doc>
<arguments>
<arg>${index} + 1</arg>
</arguments>
<assign>
<var>${index}</var>
</assign>
<msg timestamp="20200413 17:48:23.735" level="INFO">${index} = 3</msg>
<status status="PASS" starttime="20200413 17:48:23.734" endtime="20200413 17:48:23.735"></status>
</kw>
<kw name="Wait Until Element Is Visible" library="AppiumLibrary">
<doc>Waits until element specified with `locator` is visible.</doc>
<arguments>
<arg>xpath=//XCUIElementTypeApplication[@name="ACE-dev"]/XCUIElementTypeWindow[1]/XCUIElementTypeOther/XCUIElementTypeOther/XCUIElementTypeOther/XCUIElementTypeOther/XCUIElementTypeOther/XCUIElementTypeOther/XCUIElementTypeOther/XCUIElementTypeOther/XCUIElementTypeOther/XCUIElementTypeTable/XCUIElementTypeCell[${index}]</arg>
</arguments>
<status status="PASS" starttime="20200413 17:48:23.735" endtime="20200413 17:48:25.066"></status>
</kw>
<kw name="Click Element" library="AppiumLibrary">
<doc>Click element identified by `locator`.</doc>
<arguments>
<arg>xpath=//XCUIElementTypeApplication[@name="ACE-dev"]/XCUIElementTypeWindow[1]/XCUIElementTypeOther/XCUIElementTypeOther/XCUIElementTypeOther/XCUIElementTypeOther/XCUIElementTypeOther/XCUIElementTypeOther/XCUIElementTypeOther/XCUIElementTypeOther/XCUIElementTypeOther/XCUIElementTypeTable/XCUIElementTypeCell[${index}]</arg>
</arguments>
<msg timestamp="20200413 17:48:25.068" level="INFO">Clicking element 'xpath=//XCUIElementTypeApplication[@name="ACE-dev"]/XCUIElementTypeWindow[1]/XCUIElementTypeOther/XCUIElementTypeOther/XCUIElementTypeOther/XCUIElementTypeOther/XCUIElementTypeOther/XCUIElementTypeOther/XCUIElementTypeOther/XCUIElementTypeOther/XCUIElementTypeOther/XCUIElementTypeTable/XCUIElementTypeCell[3]'.</msg>
<status status="PASS" starttime="20200413 17:48:25.066" endtime="20200413 17:48:26.742"></status>
</kw>
<kw name="Click Back Button On All Page" library="home">
<doc>Home-&gt;其他返回</doc>
<kw name="Sleep" library="BuiltIn">
<doc>Pauses the test executed for the given time.</doc>
<arguments>
<arg>1s</arg>
</arguments>
<msg timestamp="20200413 17:48:27.746" level="INFO">Slept 1 second</msg>
<status status="PASS" starttime="20200413 17:48:26.744" endtime="20200413 17:48:27.746"></status>
</kw>
<kw name="Wait Until Element Is Visible" library="AppiumLibrary">
<doc>Waits until element specified with `locator` is visible.</doc>
<arguments>
<arg>xpath=//XCUIElementTypeButton[@name="返回"]</arg>
</arguments>
<status status="PASS" starttime="20200413 17:48:27.747" endtime="20200413 17:48:28.754"></status>
</kw>
<kw name="Click Element" library="AppiumLibrary">
<doc>Click element identified by `locator`.</doc>
<arguments>
<arg>xpath=//XCUIElementTypeButton[@name="返回"]</arg>
</arguments>
<msg timestamp="20200413 17:48:28.755" level="INFO">Clicking element 'xpath=//XCUIElementTypeButton[@name="返回"]'.</msg>
<status status="PASS" starttime="20200413 17:48:28.754" endtime="20200413 17:48:30.258"></status>
</kw>
<status status="PASS" starttime="20200413 17:48:26.743" endtime="20200413 17:48:30.259"></status>
</kw>
<status status="PASS" starttime="20200413 17:48:23.734" endtime="20200413 17:48:30.259"></status>
</kw>
<kw name="${index} = 3" type="foritem">
<kw name="Evaluate" library="BuiltIn">
<doc>Evaluates the given expression in Python and returns the results.</doc>
<arguments>
<arg>${index} + 1</arg>
</arguments>
<assign>
<var>${index}</var>
</assign>
<msg timestamp="20200413 17:48:30.260" level="INFO">${index} = 4</msg>
<status status="PASS" starttime="20200413 17:48:30.259" endtime="20200413 17:48:30.260"></status>
</kw>
<kw name="Wait Until Element Is Visible" library="AppiumLibrary">
<doc>Waits until element specified with `locator` is visible.</doc>
<arguments>
<arg>xpath=//XCUIElementTypeApplication[@name="ACE-dev"]/XCUIElementTypeWindow[1]/XCUIElementTypeOther/XCUIElementTypeOther/XCUIElementTypeOther/XCUIElementTypeOther/XCUIElementTypeOther/XCUIElementTypeOther/XCUIElementTypeOther/XCUIElementTypeOther/XCUIElementTypeOther/XCUIElementTypeTable/XCUIElementTypeCell[${index}]</arg>
</arguments>
<status status="PASS" starttime="20200413 17:48:30.260" endtime="20200413 17:48:31.658"></status>
</kw>
<kw name="Click Element" library="AppiumLibrary">
<doc>Click element identified by `locator`.</doc>
<arguments>
<arg>xpath=//XCUIElementTypeApplication[@name="ACE-dev"]/XCUIElementTypeWindow[1]/XCUIElementTypeOther/XCUIElementTypeOther/XCUIElementTypeOther/XCUIElementTypeOther/XCUIElementTypeOther/XCUIElementTypeOther/XCUIElementTypeOther/XCUIElementTypeOther/XCUIElementTypeOther/XCUIElementTypeTable/XCUIElementTypeCell[${index}]</arg>
</arguments>
<msg timestamp="20200413 17:48:31.660" level="INFO">Clicking element 'xpath=//XCUIElementTypeApplication[@name="ACE-dev"]/XCUIElementTypeWindow[1]/XCUIElementTypeOther/XCUIElementTypeOther/XCUIElementTypeOther/XCUIElementTypeOther/XCUIElementTypeOther/XCUIElementTypeOther/XCUIElementTypeOther/XCUIElementTypeOther/XCUIElementTypeOther/XCUIElementTypeTable/XCUIElementTypeCell[4]'.</msg>
<status status="PASS" starttime="20200413 17:48:31.658" endtime="20200413 17:48:33.290"></status>
</kw>
<kw name="Click Back Button On All Page" library="home">
<doc>Home-&gt;其他返回</doc>
<kw name="Sleep" library="BuiltIn">
<doc>Pauses the test executed for the given time.</doc>
<arguments>
<arg>1s</arg>
</arguments>
<msg timestamp="20200413 17:48:34.292" level="INFO">Slept 1 second</msg>
<status status="PASS" starttime="20200413 17:48:33.290" endtime="20200413 17:48:34.292"></status>
</kw>
<kw name="Wait Until Element Is Visible" library="AppiumLibrary">
<doc>Waits until element specified with `locator` is visible.</doc>
<arguments>
<arg>xpath=//XCUIElementTypeButton[@name="返回"]</arg>
</arguments>
<status status="PASS" starttime="20200413 17:48:34.292" endtime="20200413 17:48:35.301"></status>
</kw>
<kw name="Click Element" library="AppiumLibrary">
<doc>Click element identified by `locator`.</doc>
<arguments>
<arg>xpath=//XCUIElementTypeButton[@name="返回"]</arg>
</arguments>
<msg timestamp="20200413 17:48:35.303" level="INFO">Clicking element 'xpath=//XCUIElementTypeButton[@name="返回"]'.</msg>
<status status="PASS" starttime="20200413 17:48:35.301" endtime="20200413 17:48:36.799"></status>
</kw>
<status status="PASS" starttime="20200413 17:48:33.290" endtime="20200413 17:48:36.799"></status>
</kw>
<status status="PASS" starttime="20200413 17:48:30.259" endtime="20200413 17:48:36.799"></status>
</kw>
<status status="PASS" starttime="20200413 17:48:09.881" endtime="20200413 17:48:36.799"></status>
</kw>
<kw name="Swipe By Percent" library="AppiumLibrary">
<doc>Swipe from one percent of the screen to another percent, for an optional duration.
Normal swipe fails to scale for different screen resolutions, this can be avoided using percent.</doc>
<arguments>
<arg>50</arg>
<arg>50</arg>
<arg>50</arg>
<arg>80</arg>
</arguments>
<status status="PASS" starttime="20200413 17:48:36.799" endtime="20200413 17:48:38.558"></status>
</kw>
<status status="PASS" starttime="20200413 17:48:07.206" endtime="20200413 17:48:38.558"></status>
</kw>
<doc>切換 價格榜 點擊匯率 在切換到 漲跌榜 點擊匯率</doc>
<tags>
<tag>prod</tag>
</tags>
<status status="PASS" starttime="20200413 17:47:30.774" endtime="20200413 17:48:38.559" critical="yes"></status>
</test>
<test id="s1-t4" name="Test Top Exchange Banner On Home Page">
<kw name="Click First Exchange Banner On Home Page" library="home">
<doc>Home-&gt;上方匯率第一項</doc>
<kw name="Wait Until Element Is Visible" library="AppiumLibrary">
<doc>Waits until element specified with `locator` is visible.</doc>
<arguments>
<arg>xpath=//XCUIElementTypeApplication[@name="ACE-dev"]/XCUIElementTypeWindow[1]/XCUIElementTypeOther/XCUIElementTypeOther/XCUIElementTypeOther/XCUIElementTypeOther/XCUIElementTypeOther/XCUIElementTypeOther/XCUIElementTypeOther/XCUIElementTypeOther/XCUIElementTypeOther/XCUIElementTypeTable/XCUIElementTypeOther[2]/XCUIElementTypeCollectionView/XCUIElementTypeCell[1]/XCUIElementTypeOther</arg>
</arguments>
<status status="PASS" starttime="20200413 17:48:38.564" endtime="20200413 17:48:39.894"></status>
</kw>
<kw name="Click Element" library="AppiumLibrary">
<doc>Click element identified by `locator`.</doc>
<arguments>
<arg>xpath=//XCUIElementTypeApplication[@name="ACE-dev"]/XCUIElementTypeWindow[1]/XCUIElementTypeOther/XCUIElementTypeOther/XCUIElementTypeOther/XCUIElementTypeOther/XCUIElementTypeOther/XCUIElementTypeOther/XCUIElementTypeOther/XCUIElementTypeOther/XCUIElementTypeOther/XCUIElementTypeTable/XCUIElementTypeOther[2]/XCUIElementTypeCollectionView/XCUIElementTypeCell[1]/XCUIElementTypeOther</arg>
</arguments>
<msg timestamp="20200413 17:48:39.896" level="INFO">Clicking element 'xpath=//XCUIElementTypeApplication[@name="ACE-dev"]/XCUIElementTypeWindow[1]/XCUIElementTypeOther/XCUIElementTypeOther/XCUIElementTypeOther/XCUIElementTypeOther/XCUIElementTypeOther/XCUIElementTypeOther/XCUIElementTypeOther/XCUIElementTypeOther/XCUIElementTypeOther/XCUIElementTypeTable/XCUIElementTypeOther[2]/XCUIElementTypeCollectionView/XCUIElementTypeCell[1]/XCUIElementTypeOther'.</msg>
<status status="PASS" starttime="20200413 17:48:39.895" endtime="20200413 17:48:41.501"></status>
</kw>
<status status="PASS" starttime="20200413 17:48:38.563" endtime="20200413 17:48:41.501"></status>
</kw>
<kw name="Click Back Button On All Page" library="home">
<doc>Home-&gt;其他返回</doc>
<kw name="Sleep" library="BuiltIn">
<doc>Pauses the test executed for the given time.</doc>
<arguments>
<arg>1s</arg>
</arguments>
<msg timestamp="20200413 17:48:42.504" level="INFO">Slept 1 second</msg>
<status status="PASS" starttime="20200413 17:48:41.503" endtime="20200413 17:48:42.504"></status>
</kw>
<kw name="Wait Until Element Is Visible" library="AppiumLibrary">
<doc>Waits until element specified with `locator` is visible.</doc>
<arguments>
<arg>xpath=//XCUIElementTypeButton[@name="返回"]</arg>
</arguments>
<status status="PASS" starttime="20200413 17:48:42.505" endtime="20200413 17:48:43.510"></status>
</kw>
<kw name="Click Element" library="AppiumLibrary">
<doc>Click element identified by `locator`.</doc>
<arguments>
<arg>xpath=//XCUIElementTypeButton[@name="返回"]</arg>
</arguments>
<msg timestamp="20200413 17:48:43.512" level="INFO">Clicking element 'xpath=//XCUIElementTypeButton[@name="返回"]'.</msg>
<status status="PASS" starttime="20200413 17:48:43.510" endtime="20200413 17:48:45.018"></status>
</kw>
<status status="PASS" starttime="20200413 17:48:41.502" endtime="20200413 17:48:45.018"></status>
</kw>
<kw name="Click Second Exchange Banner On Home Page" library="home">
<doc>Home-&gt;上方匯率第二項</doc>
<kw name="Wait Until Element Is Visible" library="AppiumLibrary">
<doc>Waits until element specified with `locator` is visible.</doc>
<arguments>
<arg>xpath=//XCUIElementTypeApplication[@name="ACE-dev"]/XCUIElementTypeWindow[1]/XCUIElementTypeOther/XCUIElementTypeOther/XCUIElementTypeOther/XCUIElementTypeOther/XCUIElementTypeOther/XCUIElementTypeOther/XCUIElementTypeOther/XCUIElementTypeOther/XCUIElementTypeOther/XCUIElementTypeTable/XCUIElementTypeOther[2]/XCUIElementTypeCollectionView/XCUIElementTypeCell[2]/XCUIElementTypeOther</arg>
</arguments>
<status status="PASS" starttime="20200413 17:48:45.019" endtime="20200413 17:48:46.467"></status>
</kw>
<kw name="Click Element" library="AppiumLibrary">
<doc>Click element identified by `locator`.</doc>
<arguments>
<arg>xpath=//XCUIElementTypeApplication[@name="ACE-dev"]/XCUIElementTypeWindow[1]/XCUIElementTypeOther/XCUIElementTypeOther/XCUIElementTypeOther/XCUIElementTypeOther/XCUIElementTypeOther/XCUIElementTypeOther/XCUIElementTypeOther/XCUIElementTypeOther/XCUIElementTypeOther/XCUIElementTypeTable/XCUIElementTypeOther[2]/XCUIElementTypeCollectionView/XCUIElementTypeCell[2]/XCUIElementTypeOther</arg>
</arguments>
<msg timestamp="20200413 17:48:46.469" level="INFO">Clicking element 'xpath=//XCUIElementTypeApplication[@name="ACE-dev"]/XCUIElementTypeWindow[1]/XCUIElementTypeOther/XCUIElementTypeOther/XCUIElementTypeOther/XCUIElementTypeOther/XCUIElementTypeOther/XCUIElementTypeOther/XCUIElementTypeOther/XCUIElementTypeOther/XCUIElementTypeOther/XCUIElementTypeTable/XCUIElementTypeOther[2]/XCUIElementTypeCollectionView/XCUIElementTypeCell[2]/XCUIElementTypeOther'.</msg>
<status status="PASS" starttime="20200413 17:48:46.467" endtime="20200413 17:48:48.263"></status>
</kw>
<status status="PASS" starttime="20200413 17:48:45.018" endtime="20200413 17:48:48.264"></status>
</kw>
<kw name="Click Back Button On All Page" library="home">
<doc>Home-&gt;其他返回</doc>
<kw name="Sleep" library="BuiltIn">
<doc>Pauses the test executed for the given time.</doc>
<arguments>
<arg>1s</arg>
</arguments>
<msg timestamp="20200413 17:48:49.267" level="INFO">Slept 1 second</msg>
<status status="PASS" starttime="20200413 17:48:48.265" endtime="20200413 17:48:49.267"></status>
</kw>
<kw name="Wait Until Element Is Visible" library="AppiumLibrary">
<doc>Waits until element specified with `locator` is visible.</doc>
<arguments>
<arg>xpath=//XCUIElementTypeButton[@name="返回"]</arg>
</arguments>
<status status="PASS" starttime="20200413 17:48:49.267" endtime="20200413 17:48:50.451"></status>
</kw>
<kw name="Click Element" library="AppiumLibrary">
<doc>Click element identified by `locator`.</doc>
<arguments>
<arg>xpath=//XCUIElementTypeButton[@name="返回"]</arg>
</arguments>
<msg timestamp="20200413 17:48:50.454" level="INFO">Clicking element 'xpath=//XCUIElementTypeButton[@name="返回"]'.</msg>
<status status="PASS" starttime="20200413 17:48:50.451" endtime="20200413 17:48:52.019"></status>
</kw>
<status status="PASS" starttime="20200413 17:48:48.264" endtime="20200413 17:48:52.019"></status>
</kw>
<kw name="Click Third Exchange Banner On Home Page" library="home">
<doc>Home-&gt;上方匯率第三項</doc>
<kw name="Wait Until Element Is Visible" library="AppiumLibrary">
<doc>Waits until element specified with `locator` is visible.</doc>
<arguments>
<arg>xpath=//XCUIElementTypeApplication[@name="ACE-dev"]/XCUIElementTypeWindow[1]/XCUIElementTypeOther/XCUIElementTypeOther/XCUIElementTypeOther/XCUIElementTypeOther/XCUIElementTypeOther/XCUIElementTypeOther/XCUIElementTypeOther/XCUIElementTypeOther/XCUIElementTypeOther/XCUIElementTypeTable/XCUIElementTypeOther[2]/XCUIElementTypeCollectionView/XCUIElementTypeCell[3]/XCUIElementTypeOther</arg>
</arguments>
<status status="PASS" starttime="20200413 17:48:52.020" endtime="20200413 17:48:53.408"></status>
</kw>
<kw name="Click Element" library="AppiumLibrary">
<doc>Click element identified by `locator`.</doc>
<arguments>
<arg>xpath=//XCUIElementTypeApplication[@name="ACE-dev"]/XCUIElementTypeWindow[1]/XCUIElementTypeOther/XCUIElementTypeOther/XCUIElementTypeOther/XCUIElementTypeOther/XCUIElementTypeOther/XCUIElementTypeOther/XCUIElementTypeOther/XCUIElementTypeOther/XCUIElementTypeOther/XCUIElementTypeTable/XCUIElementTypeOther[2]/XCUIElementTypeCollectionView/XCUIElementTypeCell[3]/XCUIElementTypeOther</arg>
</arguments>
<msg timestamp="20200413 17:48:53.409" level="INFO">Clicking element 'xpath=//XCUIElementTypeApplication[@name="ACE-dev"]/XCUIElementTypeWindow[1]/XCUIElementTypeOther/XCUIElementTypeOther/XCUIElementTypeOther/XCUIElementTypeOther/XCUIElementTypeOther/XCUIElementTypeOther/XCUIElementTypeOther/XCUIElementTypeOther/XCUIElementTypeOther/XCUIElementTypeTable/XCUIElementTypeOther[2]/XCUIElementTypeCollectionView/XCUIElementTypeCell[3]/XCUIElementTypeOther'.</msg>
<status status="PASS" starttime="20200413 17:48:53.408" endtime="20200413 17:48:55.065"></status>
</kw>
<status status="PASS" starttime="20200413 17:48:52.019" endtime="20200413 17:48:55.065"></status>
</kw>
<kw name="Click Back Button On All Page" library="home">
<doc>Home-&gt;其他返回</doc>
<kw name="Sleep" library="BuiltIn">
<doc>Pauses the test executed for the given time.</doc>
<arguments>
<arg>1s</arg>
</arguments>
<msg timestamp="20200413 17:48:56.067" level="INFO">Slept 1 second</msg>
<status status="PASS" starttime="20200413 17:48:55.067" endtime="20200413 17:48:56.067"></status>
</kw>
<kw name="Wait Until Element Is Visible" library="AppiumLibrary">
<doc>Waits until element specified with `locator` is visible.</doc>
<arguments>
<arg>xpath=//XCUIElementTypeButton[@name="返回"]</arg>
</arguments>
<status status="PASS" starttime="20200413 17:48:56.068" endtime="20200413 17:48:57.155"></status>
</kw>
<kw name="Click Element" library="AppiumLibrary">
<doc>Click element identified by `locator`.</doc>
<arguments>
<arg>xpath=//XCUIElementTypeButton[@name="返回"]</arg>
</arguments>
<msg timestamp="20200413 17:48:57.157" level="INFO">Clicking element 'xpath=//XCUIElementTypeButton[@name="返回"]'.</msg>
<status status="PASS" starttime="20200413 17:48:57.155" endtime="20200413 17:48:58.804"></status>
</kw>
<status status="PASS" starttime="20200413 17:48:55.066" endtime="20200413 17:48:58.804"></status>
</kw>
<kw name="Swipe Right To Left On Home Page" library="home">
<doc>Home-&gt;上方匯率的向右滑轉</doc>
<kw name="Sleep" library="BuiltIn">
<doc>Pauses the test executed for the given time.</doc>
<arguments>
<arg>1s</arg>
</arguments>
<msg timestamp="20200413 17:48:59.807" level="INFO">Slept 1 second</msg>
<status status="PASS" starttime="20200413 17:48:58.805" endtime="20200413 17:48:59.808"></status>
</kw>
<kw name="Swipe By Percent" library="AppiumLibrary">
<doc>Swipe from one percent of the screen to another percent, for an optional duration.
Normal swipe fails to scale for different screen resolutions, this can be avoided using percent.</doc>
<arguments>
<arg>90</arg>
<arg>25</arg>
<arg>10</arg>
<arg>25</arg>
</arguments>
<status status="PASS" starttime="20200413 17:48:59.808" endtime="20200413 17:49:01.603"></status>
</kw>
<kw name="Sleep" library="BuiltIn">
<doc>Pauses the test executed for the given time.</doc>
<arguments>
<arg>1s</arg>
</arguments>
<msg timestamp="20200413 17:49:02.604" level="INFO">Slept 1 second</msg>
<status status="PASS" starttime="20200413 17:49:01.603" endtime="20200413 17:49:02.604"></status>
</kw>
<status status="PASS" starttime="20200413 17:48:58.804" endtime="20200413 17:49:02.604"></status>
</kw>
<kw name="Click First Exchange Banner On Home Page" library="home">
<doc>Home-&gt;上方匯率第一項</doc>
<kw name="Wait Until Element Is Visible" library="AppiumLibrary">
<doc>Waits until element specified with `locator` is visible.</doc>
<arguments>
<arg>xpath=//XCUIElementTypeApplication[@name="ACE-dev"]/XCUIElementTypeWindow[1]/XCUIElementTypeOther/XCUIElementTypeOther/XCUIElementTypeOther/XCUIElementTypeOther/XCUIElementTypeOther/XCUIElementTypeOther/XCUIElementTypeOther/XCUIElementTypeOther/XCUIElementTypeOther/XCUIElementTypeTable/XCUIElementTypeOther[2]/XCUIElementTypeCollectionView/XCUIElementTypeCell[1]/XCUIElementTypeOther</arg>
</arguments>
<status status="PASS" starttime="20200413 17:49:02.605" endtime="20200413 17:49:04.004"></status>
</kw>
<kw name="Click Element" library="AppiumLibrary">
<doc>Click element identified by `locator`.</doc>
<arguments>
<arg>xpath=//XCUIElementTypeApplication[@name="ACE-dev"]/XCUIElementTypeWindow[1]/XCUIElementTypeOther/XCUIElementTypeOther/XCUIElementTypeOther/XCUIElementTypeOther/XCUIElementTypeOther/XCUIElementTypeOther/XCUIElementTypeOther/XCUIElementTypeOther/XCUIElementTypeOther/XCUIElementTypeTable/XCUIElementTypeOther[2]/XCUIElementTypeCollectionView/XCUIElementTypeCell[1]/XCUIElementTypeOther</arg>
</arguments>
<msg timestamp="20200413 17:49:04.006" level="INFO">Clicking element 'xpath=//XCUIElementTypeApplication[@name="ACE-dev"]/XCUIElementTypeWindow[1]/XCUIElementTypeOther/XCUIElementTypeOther/XCUIElementTypeOther/XCUIElementTypeOther/XCUIElementTypeOther/XCUIElementTypeOther/XCUIElementTypeOther/XCUIElementTypeOther/XCUIElementTypeOther/XCUIElementTypeTable/XCUIElementTypeOther[2]/XCUIElementTypeCollectionView/XCUIElementTypeCell[1]/XCUIElementTypeOther'.</msg>
<status status="PASS" starttime="20200413 17:49:04.004" endtime="20200413 17:49:05.802"></status>
</kw>
<status status="PASS" starttime="20200413 17:49:02.605" endtime="20200413 17:49:05.802"></status>
</kw>
<kw name="Click Back Button On All Page" library="home">
<doc>Home-&gt;其他返回</doc>
<kw name="Sleep" library="BuiltIn">
<doc>Pauses the test executed for the given time.</doc>
<arguments>
<arg>1s</arg>
</arguments>
<msg timestamp="20200413 17:49:06.805" level="INFO">Slept 1 second</msg>
<status status="PASS" starttime="20200413 17:49:05.804" endtime="20200413 17:49:06.805"></status>
</kw>
<kw name="Wait Until Element Is Visible" library="AppiumLibrary">
<doc>Waits until element specified with `locator` is visible.</doc>
<arguments>
<arg>xpath=//XCUIElementTypeButton[@name="返回"]</arg>
</arguments>
<status status="PASS" starttime="20200413 17:49:06.805" endtime="20200413 17:49:07.914"></status>
</kw>
<kw name="Click Element" library="AppiumLibrary">
<doc>Click element identified by `locator`.</doc>
<arguments>
<arg>xpath=//XCUIElementTypeButton[@name="返回"]</arg>
</arguments>
<msg timestamp="20200413 17:49:07.917" level="INFO">Clicking element 'xpath=//XCUIElementTypeButton[@name="返回"]'.</msg>
<status status="PASS" starttime="20200413 17:49:07.914" endtime="20200413 17:49:09.502"></status>
</kw>
<status status="PASS" starttime="20200413 17:49:05.803" endtime="20200413 17:49:09.502"></status>
</kw>
<kw name="Click Second Exchange Banner On Home Page" library="home">
<doc>Home-&gt;上方匯率第二項</doc>
<kw name="Wait Until Element Is Visible" library="AppiumLibrary">
<doc>Waits until element specified with `locator` is visible.</doc>
<arguments>
<arg>xpath=//XCUIElementTypeApplication[@name="ACE-dev"]/XCUIElementTypeWindow[1]/XCUIElementTypeOther/XCUIElementTypeOther/XCUIElementTypeOther/XCUIElementTypeOther/XCUIElementTypeOther/XCUIElementTypeOther/XCUIElementTypeOther/XCUIElementTypeOther/XCUIElementTypeOther/XCUIElementTypeTable/XCUIElementTypeOther[2]/XCUIElementTypeCollectionView/XCUIElementTypeCell[2]/XCUIElementTypeOther</arg>
</arguments>
<status status="PASS" starttime="20200413 17:49:09.504" endtime="20200413 17:49:10.907"></status>
</kw>
<kw name="Click Element" library="AppiumLibrary">
<doc>Click element identified by `locator`.</doc>
<arguments>
<arg>xpath=//XCUIElementTypeApplication[@name="ACE-dev"]/XCUIElementTypeWindow[1]/XCUIElementTypeOther/XCUIElementTypeOther/XCUIElementTypeOther/XCUIElementTypeOther/XCUIElementTypeOther/XCUIElementTypeOther/XCUIElementTypeOther/XCUIElementTypeOther/XCUIElementTypeOther/XCUIElementTypeTable/XCUIElementTypeOther[2]/XCUIElementTypeCollectionView/XCUIElementTypeCell[2]/XCUIElementTypeOther</arg>
</arguments>
<msg timestamp="20200413 17:49:10.909" level="INFO">Clicking element 'xpath=//XCUIElementTypeApplication[@name="ACE-dev"]/XCUIElementTypeWindow[1]/XCUIElementTypeOther/XCUIElementTypeOther/XCUIElementTypeOther/XCUIElementTypeOther/XCUIElementTypeOther/XCUIElementTypeOther/XCUIElementTypeOther/XCUIElementTypeOther/XCUIElementTypeOther/XCUIElementTypeTable/XCUIElementTypeOther[2]/XCUIElementTypeCollectionView/XCUIElementTypeCell[2]/XCUIElementTypeOther'.</msg>
<status status="PASS" starttime="20200413 17:49:10.907" endtime="20200413 17:49:12.561"></status>
</kw>
<status status="PASS" starttime="20200413 17:49:09.503" endtime="20200413 17:49:12.561"></status>
</kw>
<kw name="Click Back Button On All Page" library="home">
<doc>Home-&gt;其他返回</doc>
<kw name="Sleep" library="BuiltIn">
<doc>Pauses the test executed for the given time.</doc>
<arguments>
<arg>1s</arg>
</arguments>
<msg timestamp="20200413 17:49:13.563" level="INFO">Slept 1 second</msg>
<status status="PASS" starttime="20200413 17:49:12.562" endtime="20200413 17:49:13.563"></status>
</kw>
<kw name="Wait Until Element Is Visible" library="AppiumLibrary">
<doc>Waits until element specified with `locator` is visible.</doc>
<arguments>
<arg>xpath=//XCUIElementTypeButton[@name="返回"]</arg>
</arguments>
<status status="PASS" starttime="20200413 17:49:13.563" endtime="20200413 17:49:14.609"></status>
</kw>
<kw name="Click Element" library="AppiumLibrary">
<doc>Click element identified by `locator`.</doc>
<arguments>
<arg>xpath=//XCUIElementTypeButton[@name="返回"]</arg>
</arguments>
<msg timestamp="20200413 17:49:14.612" level="INFO">Clicking element 'xpath=//XCUIElementTypeButton[@name="返回"]'.</msg>
<status status="PASS" starttime="20200413 17:49:14.609" endtime="20200413 17:49:16.916"></status>
</kw>
<status status="PASS" starttime="20200413 17:49:12.562" endtime="20200413 17:49:16.916"></status>
</kw>
<kw name="Click Third Exchange Banner On Home Page" library="home">
<doc>Home-&gt;上方匯率第三項</doc>
<kw name="Wait Until Element Is Visible" library="AppiumLibrary">
<doc>Waits until element specified with `locator` is visible.</doc>
<arguments>
<arg>xpath=//XCUIElementTypeApplication[@name="ACE-dev"]/XCUIElementTypeWindow[1]/XCUIElementTypeOther/XCUIElementTypeOther/XCUIElementTypeOther/XCUIElementTypeOther/XCUIElementTypeOther/XCUIElementTypeOther/XCUIElementTypeOther/XCUIElementTypeOther/XCUIElementTypeOther/XCUIElementTypeTable/XCUIElementTypeOther[2]/XCUIElementTypeCollectionView/XCUIElementTypeCell[3]/XCUIElementTypeOther</arg>
</arguments>
<status status="PASS" starttime="20200413 17:49:16.917" endtime="20200413 17:49:18.359"></status>
</kw>
<kw name="Click Element" library="AppiumLibrary">
<doc>Click element identified by `locator`.</doc>
<arguments>
<arg>xpath=//XCUIElementTypeApplication[@name="ACE-dev"]/XCUIElementTypeWindow[1]/XCUIElementTypeOther/XCUIElementTypeOther/XCUIElementTypeOther/XCUIElementTypeOther/XCUIElementTypeOther/XCUIElementTypeOther/XCUIElementTypeOther/XCUIElementTypeOther/XCUIElementTypeOther/XCUIElementTypeTable/XCUIElementTypeOther[2]/XCUIElementTypeCollectionView/XCUIElementTypeCell[3]/XCUIElementTypeOther</arg>
</arguments>
<msg timestamp="20200413 17:49:18.362" level="INFO">Clicking element 'xpath=//XCUIElementTypeApplication[@name="ACE-dev"]/XCUIElementTypeWindow[1]/XCUIElementTypeOther/XCUIElementTypeOther/XCUIElementTypeOther/XCUIElementTypeOther/XCUIElementTypeOther/XCUIElementTypeOther/XCUIElementTypeOther/XCUIElementTypeOther/XCUIElementTypeOther/XCUIElementTypeTable/XCUIElementTypeOther[2]/XCUIElementTypeCollectionView/XCUIElementTypeCell[3]/XCUIElementTypeOther'.</msg>
<status status="PASS" starttime="20200413 17:49:18.359" endtime="20200413 17:49:20.059"></status>
</kw>
<status status="PASS" starttime="20200413 17:49:16.917" endtime="20200413 17:49:20.060"></status>
</kw>
<kw name="Click Back Button On All Page" library="home">
<doc>Home-&gt;其他返回</doc>
<kw name="Sleep" library="BuiltIn">
<doc>Pauses the test executed for the given time.</doc>
<arguments>
<arg>1s</arg>
</arguments>
<msg timestamp="20200413 17:49:21.062" level="INFO">Slept 1 second</msg>
<status status="PASS" starttime="20200413 17:49:20.061" endtime="20200413 17:49:21.062"></status>
</kw>
<kw name="Wait Until Element Is Visible" library="AppiumLibrary">
<doc>Waits until element specified with `locator` is visible.</doc>
<arguments>
<arg>xpath=//XCUIElementTypeButton[@name="返回"]</arg>
</arguments>
<status status="PASS" starttime="20200413 17:49:21.062" endtime="20200413 17:49:22.211"></status>
</kw>
<kw name="Click Element" library="AppiumLibrary">
<doc>Click element identified by `locator`.</doc>
<arguments>
<arg>xpath=//XCUIElementTypeButton[@name="返回"]</arg>
</arguments>
<msg timestamp="20200413 17:49:22.214" level="INFO">Clicking element 'xpath=//XCUIElementTypeButton[@name="返回"]'.</msg>
<status status="PASS" starttime="20200413 17:49:22.212" endtime="20200413 17:49:23.859"></status>
</kw>
<status status="PASS" starttime="20200413 17:49:20.060" endtime="20200413 17:49:23.861"></status>
</kw>
<kw name="Swipe Left To Right On Home Page" library="home">
<doc>Home-&gt;上方匯率的向左滑轉</doc>
<kw name="Sleep" library="BuiltIn">
<doc>Pauses the test executed for the given time.</doc>
<arguments>
<arg>1s</arg>
</arguments>
<msg timestamp="20200413 17:49:24.863" level="INFO">Slept 1 second</msg>
<status status="PASS" starttime="20200413 17:49:23.862" endtime="20200413 17:49:24.863"></status>
</kw>
<kw name="Swipe By Percent" library="AppiumLibrary">
<doc>Swipe from one percent of the screen to another percent, for an optional duration.
Normal swipe fails to scale for different screen resolutions, this can be avoided using percent.</doc>
<arguments>
<arg>10</arg>
<arg>25</arg>
<arg>90</arg>
<arg>25</arg>
</arguments>
<status status="PASS" starttime="20200413 17:49:24.863" endtime="20200413 17:49:26.571"></status>
</kw>
<kw name="Sleep" library="BuiltIn">
<doc>Pauses the test executed for the given time.</doc>
<arguments>
<arg>1s</arg>
</arguments>
<msg timestamp="20200413 17:49:27.571" level="INFO">Slept 1 second</msg>
<status status="PASS" starttime="20200413 17:49:26.571" endtime="20200413 17:49:27.571"></status>
</kw>
<status status="PASS" starttime="20200413 17:49:23.861" endtime="20200413 17:49:27.572"></status>
</kw>
<kw name="Click Eye On Home Page" library="home">
<doc>Home-&gt;Eye</doc>
<kw name="Wait Until Element Is Visible" library="AppiumLibrary">
<doc>Waits until element specified with `locator` is visible.</doc>
<arguments>
<arg>xpath=(//XCUIElementTypeButton[@name="home btn reveal"])[1]</arg>
</arguments>
<status status="PASS" starttime="20200413 17:49:27.572" endtime="20200413 17:49:28.857"></status>
</kw>
<kw name="Click Element" library="AppiumLibrary">
<doc>Click element identified by `locator`.</doc>
<arguments>
<arg>xpath=(//XCUIElementTypeButton[@name="home btn reveal"])[1]</arg>
</arguments>
<msg timestamp="20200413 17:49:28.859" level="INFO">Clicking element 'xpath=(//XCUIElementTypeButton[@name="home btn reveal"])[1]'.</msg>
<status status="PASS" starttime="20200413 17:49:28.857" endtime="20200413 17:49:30.508"></status>
</kw>
<status status="PASS" starttime="20200413 17:49:27.572" endtime="20200413 17:49:30.509"></status>
</kw>
<doc>點擊上面Bar 的三種匯率，向右滑動 在點擊三種匯率，再向左滑動</doc>
<tags>
<tag>prod</tag>
</tags>
<status status="PASS" starttime="20200413 17:48:38.559" endtime="20200413 17:49:30.509" critical="yes"></status>
</test>
<status status="PASS" starttime="20200413 17:47:10.600" endtime="20200413 17:49:30.513"></status>
</suite>
<statistics>
<total>
<stat pass="4" fail="0">Critical Tests</stat>
<stat pass="4" fail="0">All Tests</stat>
</total>
<tag>
<stat pass="4" fail="0">prod</stat>
</tag>
<suite>
<stat pass="4" fail="0" id="s1" name="Test Login Home">Test Login Home</stat>
</suite>
</statistics>
<errors>
<msg timestamp="20200413 17:47:10.565" level="WARN">Collapsing consecutive whitespace during parsing is deprecated. Fix ' #' in file '/Users/shocklee/Documents/github/workspace/Python/Ace/iOS/test_login_home.robot' on line 64.</msg>
</errors>
</robot>
