<?xml version="1.0" encoding="UTF-8"?>
<robot generator="Robot 3.1.2 (Python 3.7.4 on darwin)" generated="20200219 22:51:03.055" rpa="false">
<suite id="s1" name="Test" source="/Users/shocklee/Documents/GitHub/workspace/Python/proEx/robot/execute/test.robot">
<test id="s1-t1" name="Test Login ProEx Web">
<kw name="Login WebUI" library="browser_setting" type="setup">
<doc>Using browser login our ui</doc>
<arguments>
<arg>${URL}</arg>
<arg>${BW}</arg>
</arguments>
<kw name="Convert To Lowercase" library="String">
<doc>Converts string to lowercase.</doc>
<arguments>
<arg>${BW}</arg>
</arguments>
<assign>
<var>${BW}</var>
</assign>
<msg timestamp="20200219 22:51:03.222" level="INFO">${BW} = chrome</msg>
<status status="PASS" starttime="20200219 22:51:03.222" endtime="20200219 22:51:03.222"></status>
</kw>
<kw name="Run Keyword If" library="BuiltIn">
<doc>Runs the given keyword with the given arguments, if ``condition`` is true.</doc>
<arguments>
<arg>'${BW}' == 'firefox'</arg>
<arg>Open Firefox Browser for product</arg>
<arg>${URL}</arg>
<arg>ELSE IF</arg>
<arg>'${BW}' == 'chrome'</arg>
<arg>Open Chrome Browser for product</arg>
<arg>${URL}</arg>
<arg>ELSE IF</arg>
<arg>'${BW}' == 'safari'</arg>
<arg>Open Safari Browser for product</arg>
<arg>${URL}</arg>
</arguments>
<kw name="Open Chrome Browser for product" library="browser_setting">
<arguments>
<arg>${URL}</arg>
</arguments>
<kw name="Evaluate" library="BuiltIn">
<doc>Evaluates the given expression in Python and returns the results.</doc>
<arguments>
<arg>sys.modules['selenium.webdriver'].ChromeOptions()</arg>
<arg>sys</arg>
</arguments>
<assign>
<var>${chromeprofile}</var>
</assign>
<msg timestamp="20200219 22:51:03.223" level="INFO">${chromeprofile} = &lt;selenium.webdriver.chrome.options.Options object at 0x10adb6210&gt;</msg>
<status status="PASS" starttime="20200219 22:51:03.223" endtime="20200219 22:51:03.223"></status>
</kw>
<kw name="Call Method" library="BuiltIn">
<doc>Calls the named method of the given object with the provided arguments.</doc>
<arguments>
<arg>${chromeprofile}</arg>
<arg>add_argument</arg>
<arg>disable-gpu</arg>
</arguments>
<status status="PASS" starttime="20200219 22:51:03.223" endtime="20200219 22:51:03.224"></status>
</kw>
<kw name="Call Method" library="BuiltIn">
<doc>Calls the named method of the given object with the provided arguments.</doc>
<arguments>
<arg>${chromeprofile}</arg>
<arg>add_argument</arg>
<arg>--disable-extensions</arg>
</arguments>
<status status="PASS" starttime="20200219 22:51:03.224" endtime="20200219 22:51:03.224"></status>
</kw>
<kw name="Create Webdriver" library="SeleniumLibrary">
<doc>Creates an instance of Selenium WebDriver.</doc>
<arguments>
<arg>Chrome</arg>
<arg>chrome_options=${chromeprofile}</arg>
</arguments>
<msg timestamp="20200219 22:51:03.224" level="INFO">Creating an instance of the Chrome WebDriver.</msg>
<status status="PASS" starttime="20200219 22:51:03.224" endtime="20200219 22:51:05.177"></status>
</kw>
<kw name="Go To" library="SeleniumLibrary">
<doc>Navigates the current browser window to the provided ``url``.</doc>
<arguments>
<arg>${URL}</arg>
</arguments>
<msg timestamp="20200219 22:51:05.179" level="INFO">Opening url 'http://www.proex.io//'</msg>
<status status="PASS" starttime="20200219 22:51:05.178" endtime="20200219 22:51:08.864"></status>
</kw>
<status status="PASS" starttime="20200219 22:51:03.223" endtime="20200219 22:51:08.865"></status>
</kw>
<status status="PASS" starttime="20200219 22:51:03.222" endtime="20200219 22:51:08.865"></status>
</kw>
<status status="PASS" starttime="20200219 22:51:03.221" endtime="20200219 22:51:08.865"></status>
</kw>
<kw name="Login ProEx Web" library="browser_setting">
<arguments>
<arg>softnextqcshock@gmail.com</arg>
<arg>Arborabc1234</arg>
<arg>6RJFVNCMKMOG62SU</arg>
</arguments>
<kw name="Click Element" library="SeleniumLibrary">
<doc>Click the element identified by ``locator``.</doc>
<arguments>
<arg>//div[@class='name']/a[@href='/index.php?m=login']</arg>
</arguments>
<msg timestamp="20200219 22:51:08.866" level="INFO">Clicking element '//div[@class='name']/a[@href='/index.php?m=login']'.</msg>
<status status="PASS" starttime="20200219 22:51:08.866" endtime="20200219 22:51:09.240"></status>
</kw>
<kw name="Wait Until Element Is Visible" library="SeleniumLibrary">
<doc>Waits until the element ``locator`` is visible.</doc>
<arguments>
<arg>//input[@id='username']</arg>
<arg>timeout=10</arg>
</arguments>
<status status="PASS" starttime="20200219 22:51:09.241" endtime="20200219 22:51:09.268"></status>
</kw>
<kw name="Input Text" library="SeleniumLibrary">
<doc>Types the given ``text`` into the text field identified by ``locator``.</doc>
<arguments>
<arg>//input[@id='username']</arg>
<arg>${username}</arg>
</arguments>
<msg timestamp="20200219 22:51:09.268" level="INFO">Typing text 'softnextqcshock@gmail.com' into text field '//input[@id='username']'.</msg>
<status status="PASS" starttime="20200219 22:51:09.268" endtime="20200219 22:51:09.416"></status>
</kw>
<kw name="Input Text" library="SeleniumLibrary">
<doc>Types the given ``text`` into the text field identified by ``locator``.</doc>
<arguments>
<arg>//input[@id='password']</arg>
<arg>${password}</arg>
</arguments>
<msg timestamp="20200219 22:51:09.416" level="INFO">Typing text 'Arborabc1234' into text field '//input[@id='password']'.</msg>
<status status="PASS" starttime="20200219 22:51:09.416" endtime="20200219 22:51:09.496"></status>
</kw>
<kw name="Click Element" library="SeleniumLibrary">
<doc>Click the element identified by ``locator``.</doc>
<arguments>
<arg>//button[@class='login_btn']</arg>
</arguments>
<msg timestamp="20200219 22:51:09.497" level="INFO">Clicking element '//button[@class='login_btn']'.</msg>
<status status="PASS" starttime="20200219 22:51:09.496" endtime="20200219 22:51:09.553"></status>
</kw>
<kw name="Wait Until Element Is Visible" library="SeleniumLibrary">
<doc>Waits until the element ``locator`` is visible.</doc>
<arguments>
<arg>//input[@class='mail_text']</arg>
<arg>timeout=10</arg>
</arguments>
<status status="PASS" starttime="20200219 22:51:09.554" endtime="20200219 22:51:09.792"></status>
</kw>
<kw name="Run Keyword" library="BuiltIn">
<doc>Executes the given keyword with the given arguments.</doc>
<arguments>
<arg>get_totp_token</arg>
<arg>${key}</arg>
</arguments>
<assign>
<var>${token}</var>
</assign>
<kw name="Get Totp Token" library="getTotp">
<arguments>
<arg>${key}</arg>
</arguments>
<status status="PASS" starttime="20200219 22:51:09.792" endtime="20200219 22:51:09.793"></status>
</kw>
<msg timestamp="20200219 22:51:09.793" level="INFO">${token} = 349221</msg>
<status status="PASS" starttime="20200219 22:51:09.792" endtime="20200219 22:51:09.793"></status>
</kw>
<kw name="Input Text" library="SeleniumLibrary">
<doc>Types the given ``text`` into the text field identified by ``locator``.</doc>
<arguments>
<arg>//input[@class='mail_text']</arg>
<arg>${token}</arg>
</arguments>
<msg timestamp="20200219 22:51:09.793" level="INFO">Typing text '349221' into text field '//input[@class='mail_text']'.</msg>
<status status="PASS" starttime="20200219 22:51:09.793" endtime="20200219 22:51:09.849"></status>
</kw>
<kw name="Click Element" library="SeleniumLibrary">
<doc>Click the element identified by ``locator``.</doc>
<arguments>
<arg>//button[@class='login_send']</arg>
</arguments>
<msg timestamp="20200219 22:51:09.849" level="INFO">Clicking element '//button[@class='login_send']'.</msg>
<status status="PASS" starttime="20200219 22:51:09.849" endtime="20200219 22:51:09.888"></status>
</kw>
<kw name="Wait Until Element Is Visible" library="SeleniumLibrary">
<doc>Waits until the element ``locator`` is visible.</doc>
<arguments>
<arg>//span[@class='icon icon-close safety_announcemen_close']</arg>
<arg>timeout=10</arg>
</arguments>
<status status="PASS" starttime="20200219 22:51:09.889" endtime="20200219 22:51:11.862"></status>
</kw>
<kw name="Click Element" library="SeleniumLibrary">
<doc>Click the element identified by ``locator``.</doc>
<arguments>
<arg>//span[@class='icon icon-close safety_announcemen_close']</arg>
</arguments>
<msg timestamp="20200219 22:51:11.863" level="INFO">Clicking element '//span[@class='icon icon-close safety_announcemen_close']'.</msg>
<status status="PASS" starttime="20200219 22:51:11.863" endtime="20200219 22:51:11.900"></status>
</kw>
<status status="PASS" starttime="20200219 22:51:08.865" endtime="20200219 22:51:11.900"></status>
</kw>
<status status="PASS" starttime="20200219 22:51:03.220" endtime="20200219 22:51:11.900" critical="yes"></status>
</test>
<test id="s1-t2" name="Test Every Web Page">
<kw name="Goto Home Page" library="front_menu">
<doc>點擊 首頁</doc>
<kw name="Wait Until Element Is Visible" library="SeleniumLibrary">
<doc>Waits until the element ``locator`` is visible.</doc>
<arguments>
<arg>//a[@href='/']</arg>
<arg>timeout=10</arg>
</arguments>
<status status="PASS" starttime="20200219 22:51:11.902" endtime="20200219 22:51:11.935"></status>
</kw>
<kw name="Click Element" library="SeleniumLibrary">
<doc>Click the element identified by ``locator``.</doc>
<arguments>
<arg>//a[@href='/']</arg>
</arguments>
<msg timestamp="20200219 22:51:11.935" level="INFO">Clicking element '//a[@href='/']'.</msg>
<status status="PASS" starttime="20200219 22:51:11.935" endtime="20200219 22:51:12.155"></status>
</kw>
<status status="PASS" starttime="20200219 22:51:11.902" endtime="20200219 22:51:12.155"></status>
</kw>
<kw name="Goto IEO Page" library="front_menu">
<doc>點擊 IEO</doc>
<kw name="Wait Until Element Is Visible" library="SeleniumLibrary">
<doc>Waits until the element ``locator`` is visible.</doc>
<arguments>
<arg>//a[@href="/index.php?s=ieo&amp;c=ieo&amp;m=plan2"]</arg>
<arg>timeout=10</arg>
</arguments>
<status status="PASS" starttime="20200219 22:51:12.156" endtime="20200219 22:51:12.180"></status>
</kw>
<kw name="Click Element" library="SeleniumLibrary">
<doc>Click the element identified by ``locator``.</doc>
<arguments>
<arg>//a[@href="/index.php?s=ieo&amp;c=ieo&amp;m=plan2"]</arg>
</arguments>
<msg timestamp="20200219 22:51:12.182" level="INFO">Clicking element '//a[@href="/index.php?s=ieo&amp;c=ieo&amp;m=plan2"]'.</msg>
<status status="PASS" starttime="20200219 22:51:12.181" endtime="20200219 22:51:13.453"></status>
</kw>
<status status="PASS" starttime="20200219 22:51:12.156" endtime="20200219 22:51:13.453"></status>
</kw>
<kw name="Goto C2C Account Page" library="front_menu">
<doc>點擊 資產-&gt;C2C 帳戶</doc>
<kw name="Wait Until Element Is Visible" library="SeleniumLibrary">
<doc>Waits until the element ``locator`` is visible.</doc>
<arguments>
<arg>//span[@class="icon icon-creditcard"]</arg>
<arg>timeout=10</arg>
</arguments>
<status status="PASS" starttime="20200219 22:51:13.454" endtime="20200219 22:51:13.476"></status>
</kw>
<kw name="Mouse Over" library="SeleniumLibrary">
<doc>Simulates hovering the mouse over the element ``locator``.</doc>
<arguments>
<arg>//span[@class="icon icon-creditcard"]</arg>
</arguments>
<msg timestamp="20200219 22:51:13.477" level="INFO">Simulating Mouse Over on element '//span[@class="icon icon-creditcard"]'.</msg>
<status status="PASS" starttime="20200219 22:51:13.476" endtime="20200219 22:51:13.749"></status>
</kw>
<kw name="Wait Until Element Is Visible" library="SeleniumLibrary">
<doc>Waits until the element ``locator`` is visible.</doc>
<arguments>
<arg>//a[@href="/index.php?m=otc"]</arg>
<arg>timeout=10</arg>
</arguments>
<status status="PASS" starttime="20200219 22:51:13.749" endtime="20200219 22:51:13.772"></status>
</kw>
<kw name="Click Element" library="SeleniumLibrary">
<doc>Click the element identified by ``locator``.</doc>
<arguments>
<arg>//a[@href="/index.php?m=otc"]</arg>
</arguments>
<msg timestamp="20200219 22:51:13.773" level="INFO">Clicking element '//a[@href="/index.php?m=otc"]'.</msg>
<status status="PASS" starttime="20200219 22:51:13.773" endtime="20200219 22:51:14.022"></status>
</kw>
<status status="PASS" starttime="20200219 22:51:13.453" endtime="20200219 22:51:14.022"></status>
</kw>
<kw name="Goto Open Orders Page" library="front_menu">
<doc>點擊 訂單-&gt;當前委託</doc>
<kw name="Wait Until Element Is Visible" library="SeleniumLibrary">
<doc>Waits until the element ``locator`` is visible.</doc>
<arguments>
<arg>//span[@class="icon icon-file-text-o"]</arg>
<arg>timeout=10</arg>
</arguments>
<status status="PASS" starttime="20200219 22:51:14.023" endtime="20200219 22:51:14.043"></status>
</kw>
<kw name="Mouse Over" library="SeleniumLibrary">
<doc>Simulates hovering the mouse over the element ``locator``.</doc>
<arguments>
<arg>//span[@class="icon icon-file-text-o"]</arg>
</arguments>
<msg timestamp="20200219 22:51:14.044" level="INFO">Simulating Mouse Over on element '//span[@class="icon icon-file-text-o"]'.</msg>
<status status="PASS" starttime="20200219 22:51:14.044" endtime="20200219 22:51:14.071"></status>
</kw>
<kw name="Sleep" library="BuiltIn">
<doc>Pauses the test executed for the given time.</doc>
<arguments>
<arg>1s</arg>
</arguments>
<msg timestamp="20200219 22:51:15.072" level="INFO">Slept 1 second</msg>
<status status="PASS" starttime="20200219 22:51:14.072" endtime="20200219 22:51:15.073"></status>
</kw>
<kw name="Wait Until Element Is Visible" library="SeleniumLibrary">
<doc>Waits until the element ``locator`` is visible.</doc>
<arguments>
<arg>//a[contains(@href,'/record/current/')]</arg>
<arg>timeout=10</arg>
</arguments>
<status status="PASS" starttime="20200219 22:51:15.073" endtime="20200219 22:51:15.095"></status>
</kw>
<kw name="Click Element" library="SeleniumLibrary">
<doc>Click the element identified by ``locator``.</doc>
<arguments>
<arg>//a[contains(@href,'/record/current/')]</arg>
</arguments>
<msg timestamp="20200219 22:51:15.095" level="INFO">Clicking element '//a[contains(@href,'/record/current/')]'.</msg>
<status status="PASS" starttime="20200219 22:51:15.095" endtime="20200219 22:51:16.010"></status>
</kw>
<status status="PASS" starttime="20200219 22:51:14.022" endtime="20200219 22:51:16.010"></status>
</kw>
<kw name="Goto Order History Page" library="front_menu">
<doc>點擊 訂單-&gt;歷史委託</doc>
<kw name="Wait Until Element Is Visible" library="SeleniumLibrary">
<doc>Waits until the element ``locator`` is visible.</doc>
<arguments>
<arg>//span[@class="icon icon-file-text-o"]</arg>
<arg>timeout=10</arg>
</arguments>
<status status="PASS" starttime="20200219 22:51:16.011" endtime="20200219 22:51:16.037"></status>
</kw>
<kw name="Mouse Over" library="SeleniumLibrary">
<doc>Simulates hovering the mouse over the element ``locator``.</doc>
<arguments>
<arg>//span[@class="icon icon-file-text-o"]</arg>
</arguments>
<msg timestamp="20200219 22:51:16.037" level="INFO">Simulating Mouse Over on element '//span[@class="icon icon-file-text-o"]'.</msg>
<status status="PASS" starttime="20200219 22:51:16.037" endtime="20200219 22:51:16.070"></status>
</kw>
<kw name="Sleep" library="BuiltIn">
<doc>Pauses the test executed for the given time.</doc>
<arguments>
<arg>1s</arg>
</arguments>
<msg timestamp="20200219 22:51:17.072" level="INFO">Slept 1 second</msg>
<status status="PASS" starttime="20200219 22:51:16.071" endtime="20200219 22:51:17.072"></status>
</kw>
<kw name="Wait Until Element Is Visible" library="SeleniumLibrary">
<doc>Waits until the element ``locator`` is visible.</doc>
<arguments>
<arg>//a[contains(@href,'/record/history/')]</arg>
<arg>timeout=10</arg>
</arguments>
<kw name="Capture Page Screenshot" library="SeleniumLibrary">
<doc>Takes a screenshot of the current page and embeds it into a log file.</doc>
<msg timestamp="20200219 22:51:27.690" level="INFO" html="yes">&lt;/td&gt;&lt;/tr&gt;&lt;tr&gt;&lt;td colspan="3"&gt;&lt;a href="selenium-screenshot-17.png"&gt;&lt;img src="selenium-screenshot-17.png" width="800px"&gt;&lt;/a&gt;</msg>
<status status="PASS" starttime="20200219 22:51:27.194" endtime="20200219 22:51:27.691"></status>
</kw>
<msg timestamp="20200219 22:51:27.692" level="FAIL">Element '//a[contains(@href,'/record/history/')]' not visible after 10 seconds.</msg>
<status status="FAIL" starttime="20200219 22:51:17.073" endtime="20200219 22:51:27.692"></status>
</kw>
<status status="FAIL" starttime="20200219 22:51:16.010" endtime="20200219 22:51:27.692"></status>
</kw>
<status status="FAIL" starttime="20200219 22:51:11.901" endtime="20200219 22:51:27.692" critical="yes">Element '//a[contains(@href,'/record/history/')]' not visible after 10 seconds.</status>
</test>
<doc>xxxxx</doc>
<metadata>
<item name="Version 0.1"></item>
</metadata>
<status status="FAIL" starttime="20200219 22:51:03.057" endtime="20200219 22:51:27.693"></status>
</suite>
<statistics>
<total>
<stat pass="1" fail="1">Critical Tests</stat>
<stat pass="1" fail="1">All Tests</stat>
</total>
<tag>
</tag>
<suite>
<stat pass="1" fail="1" id="s1" name="Test">Test</stat>
</suite>
</statistics>
<errors>
</errors>
</robot>
