<?xml version="1.0" encoding="UTF-8"?>
<robot generator="Robot 3.1.2 (Python 3.7.6 on darwin)" generated="20200406 18:11:38.822" rpa="false">
<suite id="s1" name="Test Login Quote Collections" source="/Users/shocklee/Documents/github/workspace/Python/Ace/Android/test_login_quote_collections.robot">
<test id="s1-t1" name="Test Login Ace On Android">
<kw name="Open Ace App And Login With Mobile" library="login">
<kw name="Open Ace On Android" library="login">
<kw name="Open Application" library="AppiumLibrary">
<doc>Opens a new application to given Appium server.
Capabilities of appium server, Android and iOS,
Please check https://github.com/appium/appium/blob/master/docs/en/writing-running-appium/server-args.md
| *Option*            | *Man.* | *Description*     |
| remote_url          | Yes    | Appium server url |
| alias               | no     | alias             |</doc>
<arguments>
<arg>${host}</arg>
<arg>platformName=${platformName}</arg>
<arg>deviceName=${deviceName}</arg>
<arg>appPackage=${appPackage}</arg>
<arg>appActivity=${appActivity}</arg>
</arguments>
<status status="PASS" starttime="20200406 18:11:39.447" endtime="20200406 18:11:45.843"></status>
</kw>
<kw name="Goto Me Tab On Home Page" library="navigation">
<doc>我 分頁</doc>
<kw name="Wait Until Element Is Visible" library="AppiumLibrary">
<doc>Waits until element specified with `locator` is visible.</doc>
<arguments>
<arg>id=com.asiainnovations.ace.taiwan:id/navigation_me</arg>
</arguments>
<status status="PASS" starttime="20200406 18:11:45.844" endtime="20200406 18:11:47.831"></status>
</kw>
<kw name="Click Element" library="AppiumLibrary">
<doc>Click element identified by `locator`.</doc>
<arguments>
<arg>id=com.asiainnovations.ace.taiwan:id/navigation_me</arg>
</arguments>
<msg timestamp="20200406 18:11:47.834" level="INFO">Clicking element 'id=com.asiainnovations.ace.taiwan:id/navigation_me'.</msg>
<status status="PASS" starttime="20200406 18:11:47.831" endtime="20200406 18:11:47.977"></status>
</kw>
<status status="PASS" starttime="20200406 18:11:45.843" endtime="20200406 18:11:47.977"></status>
</kw>
<status status="PASS" starttime="20200406 18:11:39.447" endtime="20200406 18:11:47.978"></status>
</kw>
<kw name="Click Mobile Login On Me Page" library="me">
<doc>我-&gt;電話 登入</doc>
<kw name="Wait Until Element Is Visible" library="AppiumLibrary">
<doc>Waits until element specified with `locator` is visible.</doc>
<arguments>
<arg>id=com.asiainnovations.ace.taiwan:id/tv_phone_login</arg>
</arguments>
<status status="PASS" starttime="20200406 18:11:47.981" endtime="20200406 18:11:48.785"></status>
</kw>
<kw name="Click Element" library="AppiumLibrary">
<doc>Click element identified by `locator`.</doc>
<arguments>
<arg>id=com.asiainnovations.ace.taiwan:id/tv_phone_login</arg>
</arguments>
<msg timestamp="20200406 18:11:48.789" level="INFO">Clicking element 'id=com.asiainnovations.ace.taiwan:id/tv_phone_login'.</msg>
<status status="PASS" starttime="20200406 18:11:48.786" endtime="20200406 18:11:49.476"></status>
</kw>
<status status="PASS" starttime="20200406 18:11:47.978" endtime="20200406 18:11:49.477"></status>
</kw>
<kw name="Input Tel Number In Mobile Login On Me Page" library="me">
<doc>我-&gt;電話 登入-&gt;輸入 電話</doc>
<arguments>
<arg>0936736561</arg>
</arguments>
<kw name="Wait Until Element Is Visible" library="AppiumLibrary">
<doc>Waits until element specified with `locator` is visible.</doc>
<arguments>
<arg>id=com.asiainnovations.ace.taiwan:id/aet_phone</arg>
</arguments>
<status status="PASS" starttime="20200406 18:11:49.478" endtime="20200406 18:11:49.528"></status>
</kw>
<kw name="Input Text" library="AppiumLibrary">
<doc>Types the given `text` into text field identified by `locator`.</doc>
<arguments>
<arg>id=com.asiainnovations.ace.taiwan:id/aet_phone</arg>
<arg>${tel_number}</arg>
</arguments>
<msg timestamp="20200406 18:11:49.530" level="INFO">Typing text '0936736561' into text field 'id=com.asiainnovations.ace.taiwan:id/aet_phone'</msg>
<status status="PASS" starttime="20200406 18:11:49.528" endtime="20200406 18:11:50.102"></status>
</kw>
<status status="PASS" starttime="20200406 18:11:49.477" endtime="20200406 18:11:50.102"></status>
</kw>
<kw name="Input Password In Mobile Login On Me Page" library="me">
<doc>我-&gt;電話 登入-&gt;輸入 密碼</doc>
<arguments>
<arg>Arborabc1234</arg>
</arguments>
<kw name="Wait Until Element Is Visible" library="AppiumLibrary">
<doc>Waits until element specified with `locator` is visible.</doc>
<arguments>
<arg>id=com.asiainnovations.ace.taiwan:id/aet_password</arg>
</arguments>
<status status="PASS" starttime="20200406 18:11:50.103" endtime="20200406 18:11:50.635"></status>
</kw>
<kw name="Input Text" library="AppiumLibrary">
<doc>Types the given `text` into text field identified by `locator`.</doc>
<arguments>
<arg>id=com.asiainnovations.ace.taiwan:id/aet_password</arg>
<arg>${Password}</arg>
</arguments>
<msg timestamp="20200406 18:11:50.637" level="INFO">Typing text 'Arborabc1234' into text field 'id=com.asiainnovations.ace.taiwan:id/aet_password'</msg>
<status status="PASS" starttime="20200406 18:11:50.636" endtime="20200406 18:11:51.212"></status>
</kw>
<status status="PASS" starttime="20200406 18:11:50.102" endtime="20200406 18:11:51.213"></status>
</kw>
<kw name="Click Login Button In Login On Me Page" library="me">
<doc>我-&gt;電話orEmail 登入-&gt;登入</doc>
<kw name="Wait Until Element Is Visible" library="AppiumLibrary">
<doc>Waits until element specified with `locator` is visible.</doc>
<arguments>
<arg>id=com.asiainnovations.ace.taiwan:id/acb_login</arg>
</arguments>
<status status="PASS" starttime="20200406 18:11:51.214" endtime="20200406 18:11:51.751"></status>
</kw>
<kw name="Click Element" library="AppiumLibrary">
<doc>Click element identified by `locator`.</doc>
<arguments>
<arg>id=com.asiainnovations.ace.taiwan:id/acb_login</arg>
</arguments>
<msg timestamp="20200406 18:11:51.753" level="INFO">Clicking element 'id=com.asiainnovations.ace.taiwan:id/acb_login'.</msg>
<status status="PASS" starttime="20200406 18:11:51.751" endtime="20200406 18:11:51.839"></status>
</kw>
<kw name="Sleep" library="BuiltIn">
<doc>Pauses the test executed for the given time.</doc>
<arguments>
<arg>1s</arg>
</arguments>
<msg timestamp="20200406 18:11:52.842" level="INFO">Slept 1 second</msg>
<status status="PASS" starttime="20200406 18:11:51.839" endtime="20200406 18:11:52.842"></status>
</kw>
<status status="PASS" starttime="20200406 18:11:51.213" endtime="20200406 18:11:52.842"></status>
</kw>
<kw name="Input Google Auth In Login On Me Page" library="me">
<arguments>
<arg>${googleAuth}</arg>
</arguments>
<kw name="Run Keyword" library="BuiltIn">
<doc>Executes the given keyword with the given arguments.</doc>
<arguments>
<arg>get_totp_token</arg>
<arg>${key}</arg>
</arguments>
<assign>
<var>${token}</var>
</assign>
<kw name="Get Totp Token" library="getTotp">
<arguments>
<arg>${key}</arg>
</arguments>
<status status="PASS" starttime="20200406 18:11:52.844" endtime="20200406 18:11:52.845"></status>
</kw>
<msg timestamp="20200406 18:11:52.845" level="INFO">${token} = 276771</msg>
<status status="PASS" starttime="20200406 18:11:52.843" endtime="20200406 18:11:52.845"></status>
</kw>
<kw name="Wait Until Element Is Visible" library="AppiumLibrary">
<doc>Waits until element specified with `locator` is visible.</doc>
<arguments>
<arg>id=com.asiainnovations.ace.taiwan:id/aet_vertify</arg>
</arguments>
<status status="PASS" starttime="20200406 18:11:52.845" endtime="20200406 18:11:53.014"></status>
</kw>
<kw name="Input Text" library="AppiumLibrary">
<doc>Types the given `text` into text field identified by `locator`.</doc>
<arguments>
<arg>id=com.asiainnovations.ace.taiwan:id/aet_vertify</arg>
<arg>${token}</arg>
</arguments>
<msg timestamp="20200406 18:11:53.017" level="INFO">Typing text '276771' into text field 'id=com.asiainnovations.ace.taiwan:id/aet_vertify'</msg>
<status status="PASS" starttime="20200406 18:11:53.015" endtime="20200406 18:11:53.096"></status>
</kw>
<status status="PASS" starttime="20200406 18:11:52.843" endtime="20200406 18:11:53.096"></status>
</kw>
<kw name="Click Login Button In Auth On Me Page" library="me">
<arguments>
<arg>${googleAuth}</arg>
</arguments>
<kw name="Wait Until Element Is Visible" library="AppiumLibrary">
<doc>Waits until element specified with `locator` is visible.</doc>
<arguments>
<arg>id=com.asiainnovations.ace.taiwan:id/acb_commit</arg>
</arguments>
<status status="PASS" starttime="20200406 18:11:53.097" endtime="20200406 18:11:53.633"></status>
</kw>
<kw name="Click Element" library="AppiumLibrary">
<doc>Click element identified by `locator`.</doc>
<arguments>
<arg>id=com.asiainnovations.ace.taiwan:id/acb_commit</arg>
</arguments>
<msg timestamp="20200406 18:11:53.636" level="INFO">Clicking element 'id=com.asiainnovations.ace.taiwan:id/acb_commit'.</msg>
<status status="PASS" starttime="20200406 18:11:53.633" endtime="20200406 18:11:53.725"></status>
</kw>
<kw name="Sleep" library="BuiltIn">
<doc>Pauses the test executed for the given time.</doc>
<arguments>
<arg>2s</arg>
</arguments>
<msg timestamp="20200406 18:11:55.727" level="INFO">Slept 2 seconds</msg>
<status status="PASS" starttime="20200406 18:11:53.725" endtime="20200406 18:11:55.727"></status>
</kw>
<kw name="Run Keyword And Return Status" library="BuiltIn">
<doc>Runs the given keyword with given arguments and returns the status as a Boolean value.</doc>
<arguments>
<arg>Page Should Contain Element</arg>
<arg>id=com.asiainnovations.ace.taiwan:id/acb_commit</arg>
</arguments>
<assign>
<var>${status}</var>
</assign>
<kw name="Page Should Contain Element" library="AppiumLibrary">
<doc>Verifies that current page contains `locator` element.</doc>
<arguments>
<arg>id=com.asiainnovations.ace.taiwan:id/acb_commit</arg>
</arguments>
<kw name="Capture Page Screenshot" library="AppiumLibrary">
<doc>Takes a screenshot of the current page and embeds it into the log.</doc>
<msg timestamp="20200406 18:11:56.694" level="INFO" html="yes">&lt;/td&gt;&lt;/tr&gt;&lt;tr&gt;&lt;td colspan="3"&gt;&lt;a href="appium-screenshot-1.png"&gt;&lt;img src="appium-screenshot-1.png" width="800px"&gt;&lt;/a&gt;</msg>
<status status="PASS" starttime="20200406 18:11:56.005" endtime="20200406 18:11:56.694"></status>
</kw>
<msg timestamp="20200406 18:11:56.694" level="FAIL">Page should have contained element 'id=com.asiainnovations.ace.taiwan:id/acb_commit' but did not</msg>
<status status="FAIL" starttime="20200406 18:11:55.728" endtime="20200406 18:11:56.694"></status>
</kw>
<msg timestamp="20200406 18:11:56.695" level="INFO">${status} = False</msg>
<status status="PASS" starttime="20200406 18:11:55.728" endtime="20200406 18:11:56.695"></status>
</kw>
<kw name="Run Keyword" library="BuiltIn">
<doc>Executes the given keyword with the given arguments.</doc>
<arguments>
<arg>get_totp_token</arg>
<arg>${key}</arg>
</arguments>
<assign>
<var>${token}</var>
</assign>
<kw name="Get Totp Token" library="getTotp">
<arguments>
<arg>${key}</arg>
</arguments>
<status status="PASS" starttime="20200406 18:11:56.695" endtime="20200406 18:11:56.695"></status>
</kw>
<msg timestamp="20200406 18:11:56.695" level="INFO">${token} = 276771</msg>
<status status="PASS" starttime="20200406 18:11:56.695" endtime="20200406 18:11:56.696"></status>
</kw>
<kw name="Run Keyword If" library="BuiltIn">
<doc>Runs the given keyword with the given arguments, if ``condition`` is true.</doc>
<arguments>
<arg>${status} == True</arg>
<arg>Run Keywords</arg>
<arg>Input Text</arg>
<arg>id=com.asiainnovations.ace.taiwan:id/aet_vertify</arg>
<arg>${token}</arg>
<arg>AND</arg>
<arg>Click Element</arg>
<arg>id=com.asiainnovations.ace.taiwan:id/acb_commit</arg>
</arguments>
<status status="PASS" starttime="20200406 18:11:56.696" endtime="20200406 18:11:56.696"></status>
</kw>
<status status="PASS" starttime="20200406 18:11:53.096" endtime="20200406 18:11:56.696"></status>
</kw>
<status status="PASS" starttime="20200406 18:11:39.446" endtime="20200406 18:11:56.696"></status>
</kw>
<doc>登入ACE 使用 手機 google 驗證</doc>
<tags>
<tag>prod</tag>
</tags>
<status status="PASS" starttime="20200406 18:11:39.445" endtime="20200406 18:11:56.697" critical="yes"></status>
</test>
<test id="s1-t2" name="Test Click Quote Page">
<kw name="Goto Quotes Tab On Home Page" library="navigation">
<doc>行情 分頁</doc>
<kw name="Wait Until Element Is Visible" library="AppiumLibrary">
<doc>Waits until element specified with `locator` is visible.</doc>
<arguments>
<arg>id=com.asiainnovations.ace.taiwan:id/navigation_quotes</arg>
</arguments>
<status status="PASS" starttime="20200406 18:11:56.699" endtime="20200406 18:11:56.800"></status>
</kw>
<kw name="Click Element" library="AppiumLibrary">
<doc>Click element identified by `locator`.</doc>
<arguments>
<arg>id=com.asiainnovations.ace.taiwan:id/navigation_quotes</arg>
</arguments>
<msg timestamp="20200406 18:11:56.803" level="INFO">Clicking element 'id=com.asiainnovations.ace.taiwan:id/navigation_quotes'.</msg>
<status status="PASS" starttime="20200406 18:11:56.801" endtime="20200406 18:11:56.959"></status>
</kw>
<status status="PASS" starttime="20200406 18:11:56.698" endtime="20200406 18:11:56.959"></status>
</kw>
<kw name="Click Banner On Quote Page" library="quote">
<arguments>
<arg>TWD</arg>
</arguments>
<kw name="Wait Until Element Is Visible" library="AppiumLibrary">
<doc>Waits until element specified with `locator` is visible.</doc>
<arguments>
<arg>xpath=//*[@resource-id='android:id/text1' and @text='${Cryptocurrency}']</arg>
</arguments>
<status status="PASS" starttime="20200406 18:11:56.960" endtime="20200406 18:11:58.616"></status>
</kw>
<kw name="Click Element" library="AppiumLibrary">
<doc>Click element identified by `locator`.</doc>
<arguments>
<arg>xpath=//*[@resource-id='android:id/text1' and @text='${Cryptocurrency}']</arg>
</arguments>
<msg timestamp="20200406 18:11:58.618" level="INFO">Clicking element 'xpath=//*[@resource-id='android:id/text1' and @text='TWD']'.</msg>
<status status="PASS" starttime="20200406 18:11:58.617" endtime="20200406 18:12:00.061"></status>
</kw>
<status status="PASS" starttime="20200406 18:11:56.960" endtime="20200406 18:12:00.061"></status>
</kw>
<kw name="Check All Collections On Quote Page" library="quote">
<kw name="Get Matching Xpath Count" library="AppiumLibrary">
<doc>Returns number of elements matching ``xpath``</doc>
<arguments>
<arg>xpath=//*[@resource-id='com.asiainnovations.ace.taiwan:id/viewCollection']</arg>
</arguments>
<assign>
<var>${count}</var>
</assign>
<msg timestamp="20200406 18:12:00.608" level="INFO">${count} = 9</msg>
<status status="PASS" starttime="20200406 18:12:00.063" endtime="20200406 18:12:00.608"></status>
</kw>
<kw name="Log" library="BuiltIn">
<doc>Logs the given message with the given level.</doc>
<arguments>
<arg>${count}</arg>
<arg>WARN</arg>
</arguments>
<msg timestamp="20200406 18:12:00.609" level="WARN">9</msg>
<status status="PASS" starttime="20200406 18:12:00.608" endtime="20200406 18:12:00.609"></status>
</kw>
<kw name="${index} IN RANGE [ ${count} ]" type="for">
<kw name="${index} = 0" type="foritem">
<kw name="Sleep" library="BuiltIn">
<doc>Pauses the test executed for the given time.</doc>
<arguments>
<arg>0.5s</arg>
</arguments>
<msg timestamp="20200406 18:12:01.111" level="INFO">Slept 500 milliseconds</msg>
<status status="PASS" starttime="20200406 18:12:00.610" endtime="20200406 18:12:01.112"></status>
</kw>
<kw name="Click Element" library="AppiumLibrary">
<doc>Click element identified by `locator`.</doc>
<arguments>
<arg>xpath=//*[@resource-id='com.asiainnovations.ace.taiwan:id/cl_item_layout' and @index='${index}']/*[@resource-id='com.asiainnovations.ace.taiwan:id/viewCollection']</arg>
</arguments>
<msg timestamp="20200406 18:12:01.116" level="INFO">Clicking element 'xpath=//*[@resource-id='com.asiainnovations.ace.taiwan:id/cl_item_layout' and @index='0']/*[@resource-id='com.asiainnovations.ace.taiwan:id/viewCollection']'.</msg>
<status status="PASS" starttime="20200406 18:12:01.113" endtime="20200406 18:12:01.740"></status>
</kw>
<kw name="Get Element Attribute" library="AppiumLibrary">
<doc>Get element attribute using given attribute: name, value,...</doc>
<arguments>
<arg>xpath=//*[@resource-id='com.asiainnovations.ace.taiwan:id/cl_item_layout' and @index='${index}']/*[@resource-id='com.asiainnovations.ace.taiwan:id/tvCurrencyName']</arg>
<arg>text</arg>
</arguments>
<assign>
<var>${text}</var>
</assign>
<msg timestamp="20200406 18:12:02.299" level="INFO">Element 'xpath=//*[@resource-id='com.asiainnovations.ace.taiwan:id/cl_item_layout' and @index='0']/*[@resource-id='com.asiainnovations.ace.taiwan:id/tvCurrencyName']' attribute 'text' value 'BTC' </msg>
<msg timestamp="20200406 18:12:02.299" level="INFO">${text} = BTC</msg>
<status status="PASS" starttime="20200406 18:12:01.740" endtime="20200406 18:12:02.299"></status>
</kw>
<kw name="Log" library="BuiltIn">
<doc>Logs the given message with the given level.</doc>
<arguments>
<arg>Checked : ${text}</arg>
<arg>WARN</arg>
</arguments>
<msg timestamp="20200406 18:12:02.300" level="WARN">Checked : BTC</msg>
<status status="PASS" starttime="20200406 18:12:02.300" endtime="20200406 18:12:02.300"></status>
</kw>
<status status="PASS" starttime="20200406 18:12:00.610" endtime="20200406 18:12:02.300"></status>
</kw>
<kw name="${index} = 1" type="foritem">
<kw name="Sleep" library="BuiltIn">
<doc>Pauses the test executed for the given time.</doc>
<arguments>
<arg>0.5s</arg>
</arguments>
<msg timestamp="20200406 18:12:02.801" level="INFO">Slept 500 milliseconds</msg>
<status status="PASS" starttime="20200406 18:12:02.301" endtime="20200406 18:12:02.802"></status>
</kw>
<kw name="Click Element" library="AppiumLibrary">
<doc>Click element identified by `locator`.</doc>
<arguments>
<arg>xpath=//*[@resource-id='com.asiainnovations.ace.taiwan:id/cl_item_layout' and @index='${index}']/*[@resource-id='com.asiainnovations.ace.taiwan:id/viewCollection']</arg>
</arguments>
<msg timestamp="20200406 18:12:02.805" level="INFO">Clicking element 'xpath=//*[@resource-id='com.asiainnovations.ace.taiwan:id/cl_item_layout' and @index='1']/*[@resource-id='com.asiainnovations.ace.taiwan:id/viewCollection']'.</msg>
<status status="PASS" starttime="20200406 18:12:02.802" endtime="20200406 18:12:03.320"></status>
</kw>
<kw name="Get Element Attribute" library="AppiumLibrary">
<doc>Get element attribute using given attribute: name, value,...</doc>
<arguments>
<arg>xpath=//*[@resource-id='com.asiainnovations.ace.taiwan:id/cl_item_layout' and @index='${index}']/*[@resource-id='com.asiainnovations.ace.taiwan:id/tvCurrencyName']</arg>
<arg>text</arg>
</arguments>
<assign>
<var>${text}</var>
</assign>
<msg timestamp="20200406 18:12:04.334" level="INFO">Element 'xpath=//*[@resource-id='com.asiainnovations.ace.taiwan:id/cl_item_layout' and @index='1']/*[@resource-id='com.asiainnovations.ace.taiwan:id/tvCurrencyName']' attribute 'text' value 'ETH' </msg>
<msg timestamp="20200406 18:12:04.334" level="INFO">${text} = ETH</msg>
<status status="PASS" starttime="20200406 18:12:03.321" endtime="20200406 18:12:04.334"></status>
</kw>
<kw name="Log" library="BuiltIn">
<doc>Logs the given message with the given level.</doc>
<arguments>
<arg>Checked : ${text}</arg>
<arg>WARN</arg>
</arguments>
<msg timestamp="20200406 18:12:04.335" level="WARN">Checked : ETH</msg>
<status status="PASS" starttime="20200406 18:12:04.334" endtime="20200406 18:12:04.335"></status>
</kw>
<status status="PASS" starttime="20200406 18:12:02.300" endtime="20200406 18:12:04.335"></status>
</kw>
<kw name="${index} = 2" type="foritem">
<kw name="Sleep" library="BuiltIn">
<doc>Pauses the test executed for the given time.</doc>
<arguments>
<arg>0.5s</arg>
</arguments>
<msg timestamp="20200406 18:12:04.838" level="INFO">Slept 500 milliseconds</msg>
<status status="PASS" starttime="20200406 18:12:04.336" endtime="20200406 18:12:04.838"></status>
</kw>
<kw name="Click Element" library="AppiumLibrary">
<doc>Click element identified by `locator`.</doc>
<arguments>
<arg>xpath=//*[@resource-id='com.asiainnovations.ace.taiwan:id/cl_item_layout' and @index='${index}']/*[@resource-id='com.asiainnovations.ace.taiwan:id/viewCollection']</arg>
</arguments>
<msg timestamp="20200406 18:12:04.841" level="INFO">Clicking element 'xpath=//*[@resource-id='com.asiainnovations.ace.taiwan:id/cl_item_layout' and @index='2']/*[@resource-id='com.asiainnovations.ace.taiwan:id/viewCollection']'.</msg>
<status status="PASS" starttime="20200406 18:12:04.838" endtime="20200406 18:12:05.391"></status>
</kw>
<kw name="Get Element Attribute" library="AppiumLibrary">
<doc>Get element attribute using given attribute: name, value,...</doc>
<arguments>
<arg>xpath=//*[@resource-id='com.asiainnovations.ace.taiwan:id/cl_item_layout' and @index='${index}']/*[@resource-id='com.asiainnovations.ace.taiwan:id/tvCurrencyName']</arg>
<arg>text</arg>
</arguments>
<assign>
<var>${text}</var>
</assign>
<msg timestamp="20200406 18:12:06.830" level="INFO">Element 'xpath=//*[@resource-id='com.asiainnovations.ace.taiwan:id/cl_item_layout' and @index='2']/*[@resource-id='com.asiainnovations.ace.taiwan:id/tvCurrencyName']' attribute 'text' value 'GTO' </msg>
<msg timestamp="20200406 18:12:06.830" level="INFO">${text} = GTO</msg>
<status status="PASS" starttime="20200406 18:12:05.392" endtime="20200406 18:12:06.830"></status>
</kw>
<kw name="Log" library="BuiltIn">
<doc>Logs the given message with the given level.</doc>
<arguments>
<arg>Checked : ${text}</arg>
<arg>WARN</arg>
</arguments>
<msg timestamp="20200406 18:12:06.831" level="WARN">Checked : GTO</msg>
<status status="PASS" starttime="20200406 18:12:06.830" endtime="20200406 18:12:06.831"></status>
</kw>
<status status="PASS" starttime="20200406 18:12:04.335" endtime="20200406 18:12:06.831"></status>
</kw>
<kw name="${index} = 3" type="foritem">
<kw name="Sleep" library="BuiltIn">
<doc>Pauses the test executed for the given time.</doc>
<arguments>
<arg>0.5s</arg>
</arguments>
<msg timestamp="20200406 18:12:07.332" level="INFO">Slept 500 milliseconds</msg>
<status status="PASS" starttime="20200406 18:12:06.831" endtime="20200406 18:12:07.333"></status>
</kw>
<kw name="Click Element" library="AppiumLibrary">
<doc>Click element identified by `locator`.</doc>
<arguments>
<arg>xpath=//*[@resource-id='com.asiainnovations.ace.taiwan:id/cl_item_layout' and @index='${index}']/*[@resource-id='com.asiainnovations.ace.taiwan:id/viewCollection']</arg>
</arguments>
<msg timestamp="20200406 18:12:07.337" level="INFO">Clicking element 'xpath=//*[@resource-id='com.asiainnovations.ace.taiwan:id/cl_item_layout' and @index='3']/*[@resource-id='com.asiainnovations.ace.taiwan:id/viewCollection']'.</msg>
<status status="PASS" starttime="20200406 18:12:07.333" endtime="20200406 18:12:07.889"></status>
</kw>
<kw name="Get Element Attribute" library="AppiumLibrary">
<doc>Get element attribute using given attribute: name, value,...</doc>
<arguments>
<arg>xpath=//*[@resource-id='com.asiainnovations.ace.taiwan:id/cl_item_layout' and @index='${index}']/*[@resource-id='com.asiainnovations.ace.taiwan:id/tvCurrencyName']</arg>
<arg>text</arg>
</arguments>
<assign>
<var>${text}</var>
</assign>
<msg timestamp="20200406 18:12:09.288" level="INFO">Element 'xpath=//*[@resource-id='com.asiainnovations.ace.taiwan:id/cl_item_layout' and @index='3']/*[@resource-id='com.asiainnovations.ace.taiwan:id/tvCurrencyName']' attribute 'text' value 'USDT' </msg>
<msg timestamp="20200406 18:12:09.288" level="INFO">${text} = USDT</msg>
<status status="PASS" starttime="20200406 18:12:07.890" endtime="20200406 18:12:09.288"></status>
</kw>
<kw name="Log" library="BuiltIn">
<doc>Logs the given message with the given level.</doc>
<arguments>
<arg>Checked : ${text}</arg>
<arg>WARN</arg>
</arguments>
<msg timestamp="20200406 18:12:09.289" level="WARN">Checked : USDT</msg>
<status status="PASS" starttime="20200406 18:12:09.288" endtime="20200406 18:12:09.289"></status>
</kw>
<status status="PASS" starttime="20200406 18:12:06.831" endtime="20200406 18:12:09.289"></status>
</kw>
<kw name="${index} = 4" type="foritem">
<kw name="Sleep" library="BuiltIn">
<doc>Pauses the test executed for the given time.</doc>
<arguments>
<arg>0.5s</arg>
</arguments>
<msg timestamp="20200406 18:12:09.791" level="INFO">Slept 500 milliseconds</msg>
<status status="PASS" starttime="20200406 18:12:09.289" endtime="20200406 18:12:09.791"></status>
</kw>
<kw name="Click Element" library="AppiumLibrary">
<doc>Click element identified by `locator`.</doc>
<arguments>
<arg>xpath=//*[@resource-id='com.asiainnovations.ace.taiwan:id/cl_item_layout' and @index='${index}']/*[@resource-id='com.asiainnovations.ace.taiwan:id/viewCollection']</arg>
</arguments>
<msg timestamp="20200406 18:12:09.795" level="INFO">Clicking element 'xpath=//*[@resource-id='com.asiainnovations.ace.taiwan:id/cl_item_layout' and @index='4']/*[@resource-id='com.asiainnovations.ace.taiwan:id/viewCollection']'.</msg>
<status status="PASS" starttime="20200406 18:12:09.792" endtime="20200406 18:12:10.321"></status>
</kw>
<kw name="Get Element Attribute" library="AppiumLibrary">
<doc>Get element attribute using given attribute: name, value,...</doc>
<arguments>
<arg>xpath=//*[@resource-id='com.asiainnovations.ace.taiwan:id/cl_item_layout' and @index='${index}']/*[@resource-id='com.asiainnovations.ace.taiwan:id/tvCurrencyName']</arg>
<arg>text</arg>
</arguments>
<assign>
<var>${text}</var>
</assign>
<msg timestamp="20200406 18:12:11.724" level="INFO">Element 'xpath=//*[@resource-id='com.asiainnovations.ace.taiwan:id/cl_item_layout' and @index='4']/*[@resource-id='com.asiainnovations.ace.taiwan:id/tvCurrencyName']' attribute 'text' value 'ZNA' </msg>
<msg timestamp="20200406 18:12:11.725" level="INFO">${text} = ZNA</msg>
<status status="PASS" starttime="20200406 18:12:10.321" endtime="20200406 18:12:11.725"></status>
</kw>
<kw name="Log" library="BuiltIn">
<doc>Logs the given message with the given level.</doc>
<arguments>
<arg>Checked : ${text}</arg>
<arg>WARN</arg>
</arguments>
<msg timestamp="20200406 18:12:11.725" level="WARN">Checked : ZNA</msg>
<status status="PASS" starttime="20200406 18:12:11.725" endtime="20200406 18:12:11.725"></status>
</kw>
<status status="PASS" starttime="20200406 18:12:09.289" endtime="20200406 18:12:11.725"></status>
</kw>
<kw name="${index} = 5" type="foritem">
<kw name="Sleep" library="BuiltIn">
<doc>Pauses the test executed for the given time.</doc>
<arguments>
<arg>0.5s</arg>
</arguments>
<msg timestamp="20200406 18:12:12.227" level="INFO">Slept 500 milliseconds</msg>
<status status="PASS" starttime="20200406 18:12:11.726" endtime="20200406 18:12:12.228"></status>
</kw>
<kw name="Click Element" library="AppiumLibrary">
<doc>Click element identified by `locator`.</doc>
<arguments>
<arg>xpath=//*[@resource-id='com.asiainnovations.ace.taiwan:id/cl_item_layout' and @index='${index}']/*[@resource-id='com.asiainnovations.ace.taiwan:id/viewCollection']</arg>
</arguments>
<msg timestamp="20200406 18:12:12.231" level="INFO">Clicking element 'xpath=//*[@resource-id='com.asiainnovations.ace.taiwan:id/cl_item_layout' and @index='5']/*[@resource-id='com.asiainnovations.ace.taiwan:id/viewCollection']'.</msg>
<status status="PASS" starttime="20200406 18:12:12.228" endtime="20200406 18:12:12.770"></status>
</kw>
<kw name="Get Element Attribute" library="AppiumLibrary">
<doc>Get element attribute using given attribute: name, value,...</doc>
<arguments>
<arg>xpath=//*[@resource-id='com.asiainnovations.ace.taiwan:id/cl_item_layout' and @index='${index}']/*[@resource-id='com.asiainnovations.ace.taiwan:id/tvCurrencyName']</arg>
<arg>text</arg>
</arguments>
<assign>
<var>${text}</var>
</assign>
<msg timestamp="20200406 18:12:14.189" level="INFO">Element 'xpath=//*[@resource-id='com.asiainnovations.ace.taiwan:id/cl_item_layout' and @index='5']/*[@resource-id='com.asiainnovations.ace.taiwan:id/tvCurrencyName']' attribute 'text' value 'FTT' </msg>
<msg timestamp="20200406 18:12:14.189" level="INFO">${text} = FTT</msg>
<status status="PASS" starttime="20200406 18:12:12.771" endtime="20200406 18:12:14.189"></status>
</kw>
<kw name="Log" library="BuiltIn">
<doc>Logs the given message with the given level.</doc>
<arguments>
<arg>Checked : ${text}</arg>
<arg>WARN</arg>
</arguments>
<msg timestamp="20200406 18:12:14.190" level="WARN">Checked : FTT</msg>
<status status="PASS" starttime="20200406 18:12:14.190" endtime="20200406 18:12:14.190"></status>
</kw>
<status status="PASS" starttime="20200406 18:12:11.726" endtime="20200406 18:12:14.190"></status>
</kw>
<kw name="${index} = 6" type="foritem">
<kw name="Sleep" library="BuiltIn">
<doc>Pauses the test executed for the given time.</doc>
<arguments>
<arg>0.5s</arg>
</arguments>
<msg timestamp="20200406 18:12:14.692" level="INFO">Slept 500 milliseconds</msg>
<status status="PASS" starttime="20200406 18:12:14.191" endtime="20200406 18:12:14.693"></status>
</kw>
<kw name="Click Element" library="AppiumLibrary">
<doc>Click element identified by `locator`.</doc>
<arguments>
<arg>xpath=//*[@resource-id='com.asiainnovations.ace.taiwan:id/cl_item_layout' and @index='${index}']/*[@resource-id='com.asiainnovations.ace.taiwan:id/viewCollection']</arg>
</arguments>
<msg timestamp="20200406 18:12:14.696" level="INFO">Clicking element 'xpath=//*[@resource-id='com.asiainnovations.ace.taiwan:id/cl_item_layout' and @index='6']/*[@resource-id='com.asiainnovations.ace.taiwan:id/viewCollection']'.</msg>
<status status="PASS" starttime="20200406 18:12:14.693" endtime="20200406 18:12:15.239"></status>
</kw>
<kw name="Get Element Attribute" library="AppiumLibrary">
<doc>Get element attribute using given attribute: name, value,...</doc>
<arguments>
<arg>xpath=//*[@resource-id='com.asiainnovations.ace.taiwan:id/cl_item_layout' and @index='${index}']/*[@resource-id='com.asiainnovations.ace.taiwan:id/tvCurrencyName']</arg>
<arg>text</arg>
</arguments>
<assign>
<var>${text}</var>
</assign>
<msg timestamp="20200406 18:12:16.230" level="INFO">Element 'xpath=//*[@resource-id='com.asiainnovations.ace.taiwan:id/cl_item_layout' and @index='6']/*[@resource-id='com.asiainnovations.ace.taiwan:id/tvCurrencyName']' attribute 'text' value 'HGG' </msg>
<msg timestamp="20200406 18:12:16.231" level="INFO">${text} = HGG</msg>
<status status="PASS" starttime="20200406 18:12:15.239" endtime="20200406 18:12:16.231"></status>
</kw>
<kw name="Log" library="BuiltIn">
<doc>Logs the given message with the given level.</doc>
<arguments>
<arg>Checked : ${text}</arg>
<arg>WARN</arg>
</arguments>
<msg timestamp="20200406 18:12:16.231" level="WARN">Checked : HGG</msg>
<status status="PASS" starttime="20200406 18:12:16.231" endtime="20200406 18:12:16.232"></status>
</kw>
<status status="PASS" starttime="20200406 18:12:14.190" endtime="20200406 18:12:16.232"></status>
</kw>
<kw name="${index} = 7" type="foritem">
<kw name="Sleep" library="BuiltIn">
<doc>Pauses the test executed for the given time.</doc>
<arguments>
<arg>0.5s</arg>
</arguments>
<msg timestamp="20200406 18:12:16.733" level="INFO">Slept 500 milliseconds</msg>
<status status="PASS" starttime="20200406 18:12:16.232" endtime="20200406 18:12:16.733"></status>
</kw>
<kw name="Click Element" library="AppiumLibrary">
<doc>Click element identified by `locator`.</doc>
<arguments>
<arg>xpath=//*[@resource-id='com.asiainnovations.ace.taiwan:id/cl_item_layout' and @index='${index}']/*[@resource-id='com.asiainnovations.ace.taiwan:id/viewCollection']</arg>
</arguments>
<msg timestamp="20200406 18:12:16.737" level="INFO">Clicking element 'xpath=//*[@resource-id='com.asiainnovations.ace.taiwan:id/cl_item_layout' and @index='7']/*[@resource-id='com.asiainnovations.ace.taiwan:id/viewCollection']'.</msg>
<status status="PASS" starttime="20200406 18:12:16.734" endtime="20200406 18:12:17.272"></status>
</kw>
<kw name="Get Element Attribute" library="AppiumLibrary">
<doc>Get element attribute using given attribute: name, value,...</doc>
<arguments>
<arg>xpath=//*[@resource-id='com.asiainnovations.ace.taiwan:id/cl_item_layout' and @index='${index}']/*[@resource-id='com.asiainnovations.ace.taiwan:id/tvCurrencyName']</arg>
<arg>text</arg>
</arguments>
<assign>
<var>${text}</var>
</assign>
<msg timestamp="20200406 18:12:18.268" level="INFO">Element 'xpath=//*[@resource-id='com.asiainnovations.ace.taiwan:id/cl_item_layout' and @index='7']/*[@resource-id='com.asiainnovations.ace.taiwan:id/tvCurrencyName']' attribute 'text' value 'SOX' </msg>
<msg timestamp="20200406 18:12:18.268" level="INFO">${text} = SOX</msg>
<status status="PASS" starttime="20200406 18:12:17.273" endtime="20200406 18:12:18.268"></status>
</kw>
<kw name="Log" library="BuiltIn">
<doc>Logs the given message with the given level.</doc>
<arguments>
<arg>Checked : ${text}</arg>
<arg>WARN</arg>
</arguments>
<msg timestamp="20200406 18:12:18.269" level="WARN">Checked : SOX</msg>
<status status="PASS" starttime="20200406 18:12:18.268" endtime="20200406 18:12:18.269"></status>
</kw>
<status status="PASS" starttime="20200406 18:12:16.232" endtime="20200406 18:12:18.269"></status>
</kw>
<kw name="${index} = 8" type="foritem">
<kw name="Sleep" library="BuiltIn">
<doc>Pauses the test executed for the given time.</doc>
<arguments>
<arg>0.5s</arg>
</arguments>
<msg timestamp="20200406 18:12:18.771" level="INFO">Slept 500 milliseconds</msg>
<status status="PASS" starttime="20200406 18:12:18.270" endtime="20200406 18:12:18.771"></status>
</kw>
<kw name="Click Element" library="AppiumLibrary">
<doc>Click element identified by `locator`.</doc>
<arguments>
<arg>xpath=//*[@resource-id='com.asiainnovations.ace.taiwan:id/cl_item_layout' and @index='${index}']/*[@resource-id='com.asiainnovations.ace.taiwan:id/viewCollection']</arg>
</arguments>
<msg timestamp="20200406 18:12:18.775" level="INFO">Clicking element 'xpath=//*[@resource-id='com.asiainnovations.ace.taiwan:id/cl_item_layout' and @index='8']/*[@resource-id='com.asiainnovations.ace.taiwan:id/viewCollection']'.</msg>
<status status="PASS" starttime="20200406 18:12:18.772" endtime="20200406 18:12:19.305"></status>
</kw>
<kw name="Get Element Attribute" library="AppiumLibrary">
<doc>Get element attribute using given attribute: name, value,...</doc>
<arguments>
<arg>xpath=//*[@resource-id='com.asiainnovations.ace.taiwan:id/cl_item_layout' and @index='${index}']/*[@resource-id='com.asiainnovations.ace.taiwan:id/tvCurrencyName']</arg>
<arg>text</arg>
</arguments>
<assign>
<var>${text}</var>
</assign>
<msg timestamp="20200406 18:12:20.660" level="INFO">Element 'xpath=//*[@resource-id='com.asiainnovations.ace.taiwan:id/cl_item_layout' and @index='8']/*[@resource-id='com.asiainnovations.ace.taiwan:id/tvCurrencyName']' attribute 'text' value 'ACEX' </msg>
<msg timestamp="20200406 18:12:20.660" level="INFO">${text} = ACEX</msg>
<status status="PASS" starttime="20200406 18:12:19.305" endtime="20200406 18:12:20.660"></status>
</kw>
<kw name="Log" library="BuiltIn">
<doc>Logs the given message with the given level.</doc>
<arguments>
<arg>Checked : ${text}</arg>
<arg>WARN</arg>
</arguments>
<msg timestamp="20200406 18:12:20.661" level="WARN">Checked : ACEX</msg>
<status status="PASS" starttime="20200406 18:12:20.661" endtime="20200406 18:12:20.661"></status>
</kw>
<status status="PASS" starttime="20200406 18:12:18.269" endtime="20200406 18:12:20.662"></status>
</kw>
<status status="PASS" starttime="20200406 18:12:00.609" endtime="20200406 18:12:20.662"></status>
</kw>
<status status="PASS" starttime="20200406 18:12:00.062" endtime="20200406 18:12:20.662"></status>
</kw>
<doc>切換到 行情 點擊 各個頁面</doc>
<tags>
<tag>prod</tag>
</tags>
<status status="PASS" starttime="20200406 18:11:56.697" endtime="20200406 18:12:20.662" critical="yes"></status>
</test>
<status status="PASS" starttime="20200406 18:11:38.825" endtime="20200406 18:12:20.663"></status>
</suite>
<statistics>
<total>
<stat pass="2" fail="0">Critical Tests</stat>
<stat pass="2" fail="0">All Tests</stat>
</total>
<tag>
<stat pass="2" fail="0">prod</stat>
</tag>
<suite>
<stat pass="2" fail="0" id="s1" name="Test Login Quote Collections">Test Login Quote Collections</stat>
</suite>
</statistics>
<errors>
<msg timestamp="20200406 18:12:00.609" level="WARN">9</msg>
<msg timestamp="20200406 18:12:02.300" level="WARN">Checked : BTC</msg>
<msg timestamp="20200406 18:12:04.335" level="WARN">Checked : ETH</msg>
<msg timestamp="20200406 18:12:06.831" level="WARN">Checked : GTO</msg>
<msg timestamp="20200406 18:12:09.289" level="WARN">Checked : USDT</msg>
<msg timestamp="20200406 18:12:11.725" level="WARN">Checked : ZNA</msg>
<msg timestamp="20200406 18:12:14.190" level="WARN">Checked : FTT</msg>
<msg timestamp="20200406 18:12:16.231" level="WARN">Checked : HGG</msg>
<msg timestamp="20200406 18:12:18.269" level="WARN">Checked : SOX</msg>
<msg timestamp="20200406 18:12:20.661" level="WARN">Checked : ACEX</msg>
</errors>
</robot>
