<?xml version="1.0" encoding="UTF-8"?>
<robot generator="Robot 3.1.2 (Python 3.7.6 on darwin)" generated="20200318 17:48:14.580" rpa="false">
<suite id="s1" name="Test Login Me" source="/Users/shocklee/Documents/github/workspace/Python/Ace/Android/test_login_me.robot">
<test id="s1-t1" name="Test Login Ace On Android">
<kw name="Open Ace App And Login" library="login">
<kw name="Set Selenium Speed">
<arguments>
<arg>0.5s</arg>
</arguments>
<msg timestamp="20200318 17:48:17.414" level="FAIL">No keyword with name 'Set Selenium Speed' found.</msg>
<status status="FAIL" starttime="20200318 17:48:17.412" endtime="20200318 17:48:17.414"></status>
</kw>
<status status="FAIL" starttime="20200318 17:48:17.387" endtime="20200318 17:48:17.414"></status>
</kw>
<doc>登入ACE 使用 google 驗證</doc>
<status status="FAIL" starttime="20200318 17:48:17.385" endtime="20200318 17:48:17.423" critical="yes">No keyword with name 'Set Selenium Speed' found.</status>
</test>
<test id="s1-t2" name="Test Click Me Page">
<kw name="Goto Me Tab On Home Page" library="navigation">
<doc>我 分頁</doc>
<kw name="Wait Until Element Is Visible" library="AppiumLibrary">
<doc>Waits until element specified with `locator` is visible.</doc>
<arguments>
<arg>id=com.asiainnovations.ace.taiwan:id/navigation_me</arg>
</arguments>
<kw name="Capture Page Screenshot" library="AppiumLibrary">
<doc>Takes a screenshot of the current page and embeds it into the log.</doc>
<msg timestamp="20200318 17:48:17.511" level="FAIL">No application is open</msg>
<status status="FAIL" starttime="20200318 17:48:17.460" endtime="20200318 17:48:17.512"></status>
</kw>
<msg timestamp="20200318 17:48:17.513" level="WARN">Keyword 'Capture Page Screenshot' could not be run on failure: No application is open</msg>
<msg timestamp="20200318 17:48:17.525" level="FAIL">No application is open</msg>
<status status="FAIL" starttime="20200318 17:48:17.443" endtime="20200318 17:48:17.525"></status>
</kw>
<status status="FAIL" starttime="20200318 17:48:17.443" endtime="20200318 17:48:17.525"></status>
</kw>
<doc>切換到 我 點擊 各個頁面</doc>
<status status="FAIL" starttime="20200318 17:48:17.439" endtime="20200318 17:48:17.526" critical="yes">No application is open</status>
</test>
<status status="FAIL" starttime="20200318 17:48:14.586" endtime="20200318 17:48:17.528"></status>
</suite>
<statistics>
<total>
<stat pass="0" fail="2">Critical Tests</stat>
<stat pass="0" fail="2">All Tests</stat>
</total>
<tag>
</tag>
<suite>
<stat pass="0" fail="2" id="s1" name="Test Login Me">Test Login Me</stat>
</suite>
</statistics>
<errors>
<msg timestamp="20200318 17:48:17.513" level="WARN">Keyword 'Capture Page Screenshot' could not be run on failure: No application is open</msg>
</errors>
</robot>
