<?xml version="1.0" encoding="UTF-8"?>
<robot generator="Robot 3.1.2 (Python 3.7.4 on win32)" generated="20200316 22:38:48.771" rpa="false">
<suite id="s1" name="Test Login Wallet" source="D:\GitHub\workspace\Python\Ace\Android\test_login_wallet.robot">
<test id="s1-t1" name="Test Login Ace On Android">
<kw name="Open Ace App And Login" library="login">
<kw name="Open Application" library="AppiumLibrary">
<doc>Opens a new application to given Appium server.
Capabilities of appium server, Android and iOS,
Please check https://github.com/appium/appium/blob/master/docs/en/writing-running-appium/server-args.md
| *Option*            | *Man.* | *Description*     |
| remote_url          | Yes    | Appium server url |
| alias               | no     | alias             |</doc>
<arguments>
<arg>${host}</arg>
<arg>platformName=${platformName}</arg>
<arg>deviceName=${deviceName}</arg>
<arg>appPackage=${appPackage}</arg>
<arg>appActivity=${appActivity}</arg>
</arguments>
<status status="PASS" starttime="20200316 22:38:49.083" endtime="20200316 22:39:12.901"></status>
</kw>
<kw name="Goto Me Tab On Home Page" library="navigation">
<doc>我 分頁</doc>
<kw name="Wait Until Element Is Visible" library="AppiumLibrary">
<doc>Waits until element specified with `locator` is visible.</doc>
<arguments>
<arg>id=com.asiainnovations.ace.taiwan:id/navigation_me</arg>
</arguments>
<status status="PASS" starttime="20200316 22:39:12.902" endtime="20200316 22:39:17.043"></status>
</kw>
<kw name="Click Element" library="AppiumLibrary">
<doc>Click element identified by `locator`.</doc>
<arguments>
<arg>id=com.asiainnovations.ace.taiwan:id/navigation_me</arg>
</arguments>
<msg timestamp="20200316 22:39:17.045" level="INFO">Clicking element 'id=com.asiainnovations.ace.taiwan:id/navigation_me'.</msg>
<status status="PASS" starttime="20200316 22:39:17.044" endtime="20200316 22:39:17.224"></status>
</kw>
<status status="PASS" starttime="20200316 22:39:12.901" endtime="20200316 22:39:17.224"></status>
</kw>
<kw name="Click Mobile Login On Me Page" library="me">
<kw name="Wait Until Element Is Visible" library="AppiumLibrary">
<doc>Waits until element specified with `locator` is visible.</doc>
<arguments>
<arg>id=com.asiainnovations.ace.taiwan:id/tv_phone_login</arg>
</arguments>
<status status="PASS" starttime="20200316 22:39:17.225" endtime="20200316 22:39:18.980"></status>
</kw>
<kw name="Click Element" library="AppiumLibrary">
<doc>Click element identified by `locator`.</doc>
<arguments>
<arg>id=com.asiainnovations.ace.taiwan:id/tv_phone_login</arg>
</arguments>
<msg timestamp="20200316 22:39:18.982" level="INFO">Clicking element 'id=com.asiainnovations.ace.taiwan:id/tv_phone_login'.</msg>
<status status="PASS" starttime="20200316 22:39:18.981" endtime="20200316 22:39:19.060"></status>
</kw>
<status status="PASS" starttime="20200316 22:39:17.225" endtime="20200316 22:39:19.060"></status>
</kw>
<kw name="Input Tel Number In Mobile Login On Me Page" library="me">
<arguments>
<arg>0936736561</arg>
</arguments>
<kw name="Wait Until Element Is Visible" library="AppiumLibrary">
<doc>Waits until element specified with `locator` is visible.</doc>
<arguments>
<arg>id=com.asiainnovations.ace.taiwan:id/aet_phone</arg>
</arguments>
<status status="PASS" starttime="20200316 22:39:19.061" endtime="20200316 22:39:19.702"></status>
</kw>
<kw name="Input Text" library="AppiumLibrary">
<doc>Types the given `text` into text field identified by `locator`.</doc>
<arguments>
<arg>id=com.asiainnovations.ace.taiwan:id/aet_phone</arg>
<arg>${tel_number}</arg>
</arguments>
<msg timestamp="20200316 22:39:19.703" level="INFO">Typing text '0936736561' into text field 'id=com.asiainnovations.ace.taiwan:id/aet_phone'</msg>
<status status="PASS" starttime="20200316 22:39:19.702" endtime="20200316 22:39:20.304"></status>
</kw>
<status status="PASS" starttime="20200316 22:39:19.061" endtime="20200316 22:39:20.304"></status>
</kw>
<kw name="Input Password In Mobile Login On Me Page" library="me">
<arguments>
<arg>Arborabc1234</arg>
</arguments>
<kw name="Wait Until Element Is Visible" library="AppiumLibrary">
<doc>Waits until element specified with `locator` is visible.</doc>
<arguments>
<arg>id=com.asiainnovations.ace.taiwan:id/aet_password</arg>
</arguments>
<status status="PASS" starttime="20200316 22:39:20.305" endtime="20200316 22:39:20.871"></status>
</kw>
<kw name="Input Text" library="AppiumLibrary">
<doc>Types the given `text` into text field identified by `locator`.</doc>
<arguments>
<arg>id=com.asiainnovations.ace.taiwan:id/aet_password</arg>
<arg>${Password}</arg>
</arguments>
<msg timestamp="20200316 22:39:20.873" level="INFO">Typing text 'Arborabc1234' into text field 'id=com.asiainnovations.ace.taiwan:id/aet_password'</msg>
<status status="PASS" starttime="20200316 22:39:20.871" endtime="20200316 22:39:21.456"></status>
</kw>
<status status="PASS" starttime="20200316 22:39:20.304" endtime="20200316 22:39:21.456"></status>
</kw>
<kw name="Click Login Button In Mobile Login On Me Page" library="me">
<kw name="Wait Until Element Is Visible" library="AppiumLibrary">
<doc>Waits until element specified with `locator` is visible.</doc>
<arguments>
<arg>id=com.asiainnovations.ace.taiwan:id/acb_login</arg>
</arguments>
<status status="PASS" starttime="20200316 22:39:21.456" endtime="20200316 22:39:21.990"></status>
</kw>
<kw name="Click Element" library="AppiumLibrary">
<doc>Click element identified by `locator`.</doc>
<arguments>
<arg>id=com.asiainnovations.ace.taiwan:id/acb_login</arg>
</arguments>
<msg timestamp="20200316 22:39:21.991" level="INFO">Clicking element 'id=com.asiainnovations.ace.taiwan:id/acb_login'.</msg>
<status status="PASS" starttime="20200316 22:39:21.990" endtime="20200316 22:39:22.063"></status>
</kw>
<kw name="Sleep" library="BuiltIn">
<doc>Pauses the test executed for the given time.</doc>
<arguments>
<arg>1s</arg>
</arguments>
<msg timestamp="20200316 22:39:23.064" level="INFO">Slept 1 second</msg>
<status status="PASS" starttime="20200316 22:39:22.063" endtime="20200316 22:39:23.064"></status>
</kw>
<status status="PASS" starttime="20200316 22:39:21.456" endtime="20200316 22:39:23.064"></status>
</kw>
<kw name="Input Google Auth In Login On Me Page" library="me">
<arguments>
<arg>${googleAuth}</arg>
</arguments>
<kw name="Run Keyword" library="BuiltIn">
<doc>Executes the given keyword with the given arguments.</doc>
<arguments>
<arg>get_totp_token</arg>
<arg>${key}</arg>
</arguments>
<assign>
<var>${token}</var>
</assign>
<kw name="Get Totp Token" library="getTotp">
<arguments>
<arg>${key}</arg>
</arguments>
<status status="PASS" starttime="20200316 22:39:23.065" endtime="20200316 22:39:23.066"></status>
</kw>
<msg timestamp="20200316 22:39:23.066" level="INFO">${token} = 307219</msg>
<status status="PASS" starttime="20200316 22:39:23.065" endtime="20200316 22:39:23.066"></status>
</kw>
<kw name="Wait Until Element Is Visible" library="AppiumLibrary">
<doc>Waits until element specified with `locator` is visible.</doc>
<arguments>
<arg>id=com.asiainnovations.ace.taiwan:id/aet_vertify</arg>
</arguments>
<status status="PASS" starttime="20200316 22:39:23.066" endtime="20200316 22:39:24.181"></status>
</kw>
<kw name="Input Text" library="AppiumLibrary">
<doc>Types the given `text` into text field identified by `locator`.</doc>
<arguments>
<arg>id=com.asiainnovations.ace.taiwan:id/aet_vertify</arg>
<arg>${token}</arg>
</arguments>
<msg timestamp="20200316 22:39:24.182" level="INFO">Typing text '307219' into text field 'id=com.asiainnovations.ace.taiwan:id/aet_vertify'</msg>
<status status="PASS" starttime="20200316 22:39:24.181" endtime="20200316 22:39:24.805"></status>
</kw>
<status status="PASS" starttime="20200316 22:39:23.064" endtime="20200316 22:39:24.805"></status>
</kw>
<kw name="Click Login Button In Auth On Me Page" library="me">
<kw name="Wait Until Element Is Visible" library="AppiumLibrary">
<doc>Waits until element specified with `locator` is visible.</doc>
<arguments>
<arg>id=com.asiainnovations.ace.taiwan:id/acb_commit</arg>
</arguments>
<status status="PASS" starttime="20200316 22:39:24.806" endtime="20200316 22:39:25.347"></status>
</kw>
<kw name="Click Element" library="AppiumLibrary">
<doc>Click element identified by `locator`.</doc>
<arguments>
<arg>id=com.asiainnovations.ace.taiwan:id/acb_commit</arg>
</arguments>
<msg timestamp="20200316 22:39:25.348" level="INFO">Clicking element 'id=com.asiainnovations.ace.taiwan:id/acb_commit'.</msg>
<status status="PASS" starttime="20200316 22:39:25.347" endtime="20200316 22:39:25.407"></status>
</kw>
<status status="PASS" starttime="20200316 22:39:24.805" endtime="20200316 22:39:25.407"></status>
</kw>
<status status="PASS" starttime="20200316 22:38:49.083" endtime="20200316 22:39:25.407"></status>
</kw>
<doc>登入ACE 使用 google 驗證</doc>
<status status="PASS" starttime="20200316 22:38:49.082" endtime="20200316 22:39:25.409" critical="yes"></status>
</test>
<test id="s1-t2" name="Test Check Info On Wallet Page">
<kw name="Goto Wallet Tab On Home Page" library="navigation">
<doc>錢包 分頁</doc>
<kw name="Wait Until Element Is Visible" library="AppiumLibrary">
<doc>Waits until element specified with `locator` is visible.</doc>
<arguments>
<arg>id=com.asiainnovations.ace.taiwan:id/navigation_wallet</arg>
</arguments>
<status status="PASS" starttime="20200316 22:39:25.413" endtime="20200316 22:39:27.869"></status>
</kw>
<kw name="Click Element" library="AppiumLibrary">
<doc>Click element identified by `locator`.</doc>
<arguments>
<arg>id=com.asiainnovations.ace.taiwan:id/navigation_wallet</arg>
</arguments>
<msg timestamp="20200316 22:39:27.871" level="INFO">Clicking element 'id=com.asiainnovations.ace.taiwan:id/navigation_wallet'.</msg>
<status status="PASS" starttime="20200316 22:39:27.869" endtime="20200316 22:39:28.002"></status>
</kw>
<status status="PASS" starttime="20200316 22:39:25.412" endtime="20200316 22:39:28.002"></status>
</kw>
<kw name="Click Charge Cash On Trade Page" library="wallet">
<kw name="Wait Until Element Is Visible" library="AppiumLibrary">
<doc>Waits until element specified with `locator` is visible.</doc>
<arguments>
<arg>id=com.asiainnovations.ace.taiwan:id/atv_recharge</arg>
</arguments>
<status status="PASS" starttime="20200316 22:39:28.003" endtime="20200316 22:39:30.219"></status>
</kw>
<kw name="Click Element" library="AppiumLibrary">
<doc>Click element identified by `locator`.</doc>
<arguments>
<arg>id=com.asiainnovations.ace.taiwan:id/atv_recharge</arg>
</arguments>
<msg timestamp="20200316 22:39:30.220" level="INFO">Clicking element 'id=com.asiainnovations.ace.taiwan:id/atv_recharge'.</msg>
<status status="PASS" starttime="20200316 22:39:30.219" endtime="20200316 22:39:31.906"></status>
</kw>
<status status="PASS" starttime="20200316 22:39:28.002" endtime="20200316 22:39:31.906"></status>
</kw>
<kw name="Get Info In Charge Cash On Trade Page" library="wallet">
<arguments>
<arg>銀行資訊</arg>
</arguments>
<kw name="Wait Until Element Is Visible" library="AppiumLibrary">
<doc>Waits until element specified with `locator` is visible.</doc>
<arguments>
<arg>xpath=//*[@text='${info}']/following-sibling::*[1]</arg>
<arg>timeout=10</arg>
</arguments>
<msg timestamp="20200316 22:39:42.440" level="INFO">&lt;?xml version='1.0' encoding='UTF-8' standalone='yes' ?&gt;
&lt;hierarchy index="0" class="hierarchy" rotation="0" width="1080" height="1794"&gt;
  &lt;android.widget.FrameLayout index="0" package="com.asiainnovations.ace.taiwan" class="android.widget.FrameLayout" text="" checkable="false" checked="false" clickable="false" enabled="true" focusable="false" focused="false" long-clickable="false" password="false" scrollable="false" selected="false" bounds="[0,0][1080,1794]" displayed="true"&gt;
    &lt;android.widget.LinearLayout index="0" package="com.asiainnovations.ace.taiwan" class="android.widget.LinearLayout" text="" checkable="false" checked="false" clickable="false" enabled="true" focusable="false" focused="false" long-clickable="false" password="false" scrollable="false" selected="false" bounds="[0,0][1080,1794]" displayed="true"&gt;
      &lt;android.widget.FrameLayout index="0" package="com.asiainnovations.ace.taiwan" class="android.widget.FrameLayout" text="" checkable="false" checked="false" clickable="false" enabled="true" focusable="false" focused="false" long-clickable="false" password="false" scrollable="false" selected="false" bounds="[0,63][1080,1794]" displayed="true"&gt;
        &lt;android.widget.LinearLayout index="0" package="com.asiainnovations.ace.taiwan" class="android.widget.LinearLayout" text="" resource-id="com.asiainnovations.ace.taiwan:id/action_bar_root" checkable="false" checked="false" clickable="false" enabled="true" focusable="false" focused="false" long-clickable="false" password="false" scrollable="false" selected="false" bounds="[0,63][1080,1794]" displayed="true"&gt;
          &lt;android.widget.FrameLayout index="0" package="com.asiainnovations.ace.taiwan" class="android.widget.FrameLayout" text="" resource-id="android:id/content" checkable="false" checked="false" clickable="false" enabled="true" focusable="false" focused="false" long-clickable="false" password="false" scrollable="false" selected="false" bounds="[0,63][1080,1794]" displayed="true"&gt;
            &lt;android.widget.FrameLayout index="0" package="com.asiainnovations.ace.taiwan" class="android.widget.FrameLayout" text="" resource-id="com.asiainnovations.ace.taiwan:id/container" checkable="false" checked="false" clickable="false" enabled="true" focusable="false" focused="false" long-clickable="false" password="false" scrollable="false" selected="false" bounds="[0,63][1080,1794]" displayed="true"&gt;
              &lt;android.view.ViewGroup index="0" package="com.asiainnovations.ace.taiwan" class="android.view.ViewGroup" text="" resource-id="com.asiainnovations.ace.taiwan:id/ConstLayout" checkable="false" checked="false" clickable="false" enabled="true" focusable="false" focused="false" long-clickable="false" password="false" scrollable="false" selected="false" bounds="[0,63][1080,1794]" displayed="true"&gt;
                &lt;android.view.ViewGroup index="0" package="com.asiainnovations.ace.taiwan" class="android.view.ViewGroup" text="" resource-id="com.asiainnovations.ace.taiwan:id/title_bar" checkable="false" checked="false" clickable="false" enabled="true" focusable="false" focused="false" long-clickable="false" password="false" scrollable="false" selected="false" bounds="[0,63][1080,210]" displayed="true"&gt;
                  &lt;android.view.View index="0" package="com.asiainnovations.ace.taiwan" class="android.view.View" text="" resource-id="com.asiainnovations.ace.taiwan:id/title_bar_bg" checkable="false" checked="false" clickable="false" enabled="true" focusable="false" focused="false" long-clickable="false" password="false" scrollable="false" selected="false" bounds="[0,63][1080,210]" displayed="true" /&gt;
                  &lt;android.widget.TextView index="1" package="com.asiainnovations.ace.taiwan" class="android.widget.TextView" text="入金" resource-id="com.asiainnovations.ace.taiwan:id/tv_title" checkable="false" checked="false" clickable="false" enabled="true" focusable="false" focused="false" long-clickable="false" password="false" scrollable="false" selected="false" bounds="[0,106][1080,167]" displayed="true" /&gt;
                  &lt;android.widget.ImageView index="2" package="com.asiainnovations.ace.taiwan" class="android.widget.ImageView" text="" resource-id="com.asiainnovations.ace.taiwan:id/iv_back" checkable="false" checked="false" clickable="true" enabled="true" focusable="true" focused="false" long-clickable="false" password="false" scrollable="false" selected="false" bounds="[0,122][121,151]" displayed="true" /&gt;
                  &lt;android.view.View index="3" package="com.asiainnovations.ace.taiwan" class="android.view.View" text="" resource-id="com.asiainnovations.ace.taiwan:id/divider" checkable="false" checked="false" clickable="false" enabled="true" focusable="false" focused="false" long-clickable="false" password="false" scrollable="false" selected="false" bounds="[0,209][1080,210]" displayed="true" /&gt;
                &lt;/android.view.ViewGroup&gt;
                &lt;android.webkit.WebView index="1" package="com.asiainnovations.ace.taiwan" class="android.webkit.WebView" text="" checkable="false" checked="false" clickable="false" enabled="true" focusable="false" focused="false" long-clickable="false" password="false" scrollable="false" selected="false" bounds="[0,210][1080,1794]" displayed="true"&gt;
                  &lt;android.webkit.WebView index="0" package="com.asiainnovations.ace.taiwan" class="android.webkit.WebView" text="" content-desc="入金" checkable="false" checked="false" clickable="false" enabled="true" focusable="true" focused="true" long-clickable="false" password="false" scrollable="true" selected="false" bounds="[0,210][1080,1794]" displayed="true"&gt;
                    &lt;android.view.View index="0" package="com.asiainnovations.ace.taiwan" class="android.view.View" text="" content-desc="" checkable="false" checked="false" clickable="false" enabled="true" focusable="false" focused="false" long-clickable="false" password="false" scrollable="false" selected="false" bounds="[0,210][1080,1794]" displayed="true"&gt;
                      &lt;android.view.View index="0" package="com.asiainnovations.ace.taiwan" class="android.view.View" text="" content-desc="入金訊息" checkable="false" checked="false" clickable="false" enabled="true" focusable="false" focused="false" long-clickable="false" password="false" scrollable="false" selected="false" bounds="[52,259][1029,320]" displayed="true" /&gt;
                      &lt;android.view.View index="1" package="com.asiainnovations.ace.taiwan" class="android.view.View" text="" content-desc="" checkable="false" checked="false" clickable="false" enabled="true" focusable="false" focused="false" long-clickable="false" password="false" scrollable="false" selected="false" bounds="[52,351][1029,506]" displayed="true"&gt;
                        &lt;android.view.View index="0" package="com.asiainnovations.ace.taiwan" class="android.view.View" text="" content-desc="銀行資訊805 遠東銀行" checkable="false" checked="false" clickable="false" enabled="true" focusable="false" focused="false" long-clickable="false" password="false" scrollable="false" selected="false" bounds="[52,351][1029,506]" displayed="true" /&gt;
                      &lt;/android.view.View&gt;
                      &lt;android.view.View index="2" package="com.asiainnovations.ace.taiwan" class="android.view.View" text="" content-desc="" checkable="false" checked="false" clickable="false" enabled="true" focusable="false" focused="false" long-clickable="false" password="false" scrollable="false" selected="false" bounds="[52,504][1029,658]" displayed="true"&gt;
                        &lt;android.view.View index="0" package="com.asiainnovations.ace.taiwan" class="android.view.View" text="" content-desc="匯款帳號1023110000004375" checkable="false" checked="false" clickable="false" enabled="true" focusable="false" focused="false" long-clickable="false" password="false" scrollable="false" selected="false" bounds="[52,504][1029,658]" displayed="true" /&gt;
                      &lt;/android.view.View&gt;
                      &lt;android.view.View index="3" package="com.asiainnovations.ace.taiwan" class="android.view.View" text="" content-desc="" checkable="false" checked="false" clickable="false" enabled="true" focusable="false" focused="false" long-clickable="false" password="false" scrollable="false" selected="false" bounds="[52,656][1029,808]" displayed="true"&gt;
                        &lt;android.view.View index="0" package="com.asiainnovations.ace.taiwan" class="android.view.View" text="" content-desc="" checkable="false" checked="false" clickable="false" enabled="true" focusable="false" focused="false" long-clickable="false" password="false" scrollable="false" selected="false" bounds="[52,656][1029,808]" displayed="true" /&gt;
                      &lt;/android.view.View&gt;
                      &lt;android.view.View index="4" package="com.asiainnovations.ace.taiwan" class="android.view.View" text="" content-desc="請使用網路銀行或者線下銀行向以下帳號進行匯款完成入金，必須使用綁定的銀行帳戶支付" checkable="false" checked="false" clickable="false" enabled="true" focusable="false" focused="false" long-clickable="false" password="false" scrollable="false" selected="false" bounds="[52,824][1029,1000]" displayed="true" /&gt;
                      &lt;android.widget.ListView index="5" package="com.asiainnovations.ace.taiwan" class="android.widget.ListView" text="" content-desc="" checkable="false" checked="false" clickable="false" enabled="true" focusable="false" focused="false" long-clickable="false" password="false" scrollable="false" selected="false" bounds="[52,1102][1029,1467]" displayed="true"&gt;
                        &lt;android.view.View index="0" package="com.asiainnovations.ace.taiwan" class="android.view.View" text="" content-desc="溫馨提示：" checkable="false" checked="false" clickable="false" enabled="true" focusable="false" focused="false" long-clickable="false" password="false" scrollable="false" selected="false" bounds="[52,1102][1029,1165]" displayed="true" /&gt;
                        &lt;android.view.View index="1" package="com.asiainnovations.ace.taiwan" class="android.view.View" text="" content-desc="·請使用已綁定的銀行帳號透過實體ATM、手機網銀或網路銀行進行轉帳。" checkable="false" checked="false" clickable="false" enabled="true" focusable="false" focused="false" long-clickable="false" password="false" scrollable="false" selected="false" bounds="[52,1162][1029,1286]" displayed="true" /&gt;
                        &lt;android.view.View index="2" package="com.asiainnovations.ace.taiwan" class="android.view.View" text="" content-desc="·請勿使用臨櫃匯款、 ATM 現金存款 、ATM無卡存款" checkable="false" checked="false" clickable="false" enabled="true" focusable="false" focused="false" long-clickable="false" password="false" scrollable="false" selected="false" bounds="[52,1283][1029,1346]" displayed="true" /&gt;
                        &lt;android.view.View index="3" package="com.asiainnovations.ace.taiwan" class="android.view.View" text="" content-desc="·入金免手續費，完成匯款後可即時於個人資產中查詢入帳狀況" checkable="false" checked="false" clickable="false" enabled="true" focusable="false" focused="false" long-clickable="false" password="false" scrollable="false" selected="false" bounds="[52,1344][1029,1407]" displayed="true" /&gt;
                        &lt;android.view.View index="4" package="com.asiainnovations.ace.taiwan" class="android.view.View" text="" content-desc="·若您的轉帳銀行為「遠東銀行」，可免銀行轉帳手續費" checkable="false" checked="false" clickable="false" enabled="true" focusable="false" focused="false" long-clickable="false" password="false" scrollable="false" selected="false" bounds="[52,1404][1029,1467]" displayed="true" /&gt;
                      &lt;/android.widget.ListView&gt;
                    &lt;/android.view.View&gt;
                  &lt;/android.webkit.WebView&gt;
                &lt;/android.webkit.WebView&gt;
              &lt;/android.view.ViewGroup&gt;
            &lt;/android.widget.FrameLayout&gt;
          &lt;/android.widget.FrameLayout&gt;
        &lt;/android.widget.LinearLayout&gt;
      &lt;/android.widget.FrameLayout&gt;
    &lt;/android.widget.LinearLayout&gt;
  &lt;/android.widget.FrameLayout&gt;
&lt;/hierarchy&gt;</msg>
<kw name="Capture Page Screenshot" library="AppiumLibrary">
<doc>Takes a screenshot of the current page and embeds it into the log.</doc>
<msg timestamp="20200316 22:39:43.227" level="INFO" html="yes">&lt;/td&gt;&lt;/tr&gt;&lt;tr&gt;&lt;td colspan="3"&gt;&lt;a href="appium-screenshot-1.png"&gt;&lt;img src="appium-screenshot-1.png" width="800px"&gt;&lt;/a&gt;</msg>
<status status="PASS" starttime="20200316 22:39:42.441" endtime="20200316 22:39:43.227"></status>
</kw>
<msg timestamp="20200316 22:39:43.227" level="FAIL">Element locator 'xpath=//*[@text='銀行資訊']/following-sibling::*[1]' did not match any elements after 10 seconds</msg>
<status status="FAIL" starttime="20200316 22:39:31.908" endtime="20200316 22:39:43.228"></status>
</kw>
<status status="FAIL" starttime="20200316 22:39:31.908" endtime="20200316 22:39:43.228"></status>
</kw>
<status status="FAIL" starttime="20200316 22:39:25.412" endtime="20200316 22:39:43.228" critical="yes">Element locator 'xpath=//*[@text='銀行資訊']/following-sibling::*[1]' did not match any elements after 10 seconds</status>
</test>
<status status="FAIL" starttime="20200316 22:38:48.776" endtime="20200316 22:39:43.240"></status>
</suite>
<statistics>
<total>
<stat pass="1" fail="1">Critical Tests</stat>
<stat pass="1" fail="1">All Tests</stat>
</total>
<tag>
</tag>
<suite>
<stat pass="1" fail="1" id="s1" name="Test Login Wallet">Test Login Wallet</stat>
</suite>
</statistics>
<errors>
</errors>
</robot>
