<?xml version="1.0" encoding="UTF-8"?>
<robot generator="Robot 3.1.2 (Python 3.7.6 on darwin)" generated="20200312 18:12:32.182" rpa="false">
<suite id="s1" name="Test" source="/Users/shocklee/Documents/github/workspace/Python/Ace/Android/test.robot">
<test id="s1-t1" name="Open Application On Android">
<kw name="Open Application" library="AppiumLibrary">
<doc>Opens a new application to given Appium server.
Capabilities of appium server, Android and iOS,
Please check https://github.com/appium/appium/blob/master/docs/en/writing-running-appium/server-args.md
| *Option*            | *Man.* | *Description*     |
| remote_url          | Yes    | Appium server url |
| alias               | no     | alias             |</doc>
<arguments>
<arg>http://localhost:4723/wd/hub</arg>
<arg>platformName=Android</arg>
<arg>deviceName=PNXGAM8932802833</arg>
<arg>appPackage=com.asiainnovations.ace.taiwan</arg>
<arg>appActivity=com.asiainnovations.ace.main.MainActivity</arg>
</arguments>
<kw name="Capture Page Screenshot" library="AppiumLibrary">
<doc>Takes a screenshot of the current page and embeds it into the log.</doc>
<msg timestamp="20200312 18:12:44.431" level="FAIL">No application is open</msg>
<status status="FAIL" starttime="20200312 18:12:44.423" endtime="20200312 18:12:44.431"></status>
</kw>
<msg timestamp="20200312 18:12:44.432" level="WARN">Keyword 'Capture Page Screenshot' could not be run on failure: No application is open</msg>
<msg timestamp="20200312 18:12:44.441" level="FAIL">WebDriverException: Message: An unknown server-side error occurred while processing the command. Original error: Cannot start the 'com.asiainnovations.ace.taiwan' application. Visit https://github.com/appium/appium/blob/master/docs/en/writing-running-appium/android/activity-startup.md for troubleshooting. Original error: Error executing adbExec. Original error: 'Command '/Users/shocklee/Library/Android/sdk/platform-tools/adb -P 5037 -s PNXGAM8932802833 shell am start -W -n com.asiainnovations.ace.taiwan/com.asiainnovations.ace.main.MainActivity -S' exited with code 255'; Stderr: 'Security exception: Permission Denial: starting Intent { flg=0x10000000 cmp=com.asiainnovations.ace.taiwan/com.asiainnovations.ace.main.MainActivity } from null (pid=3401, uid=2000) not exported from uid 10269

java.lang.SecurityException: Permission Denial: starting Intent { flg=0x10000000 cmp=com.asiainnovations.ace.taiwan/com.asiainnovations.ace.main.MainActivity } from null (pid=3401, uid=2000) not exported from uid 10269
	at com.android.server.wm.ActivityStackSupervisor.checkStartAnyActivityPermission(ActivityStackSupervisor.java:1056)
	at com.android.server.wm.ActivityStarter.startActivity(ActivityStarter.java:764)
	at com.android.server.wm.ActivityStarter.startActivity(ActivityStarter.java:587)
	at com.android.server.wm.ActivityStarter.startActivityMayWait(ActivityStarter.java:1292)
	at com.android.server.wm.ActivityStarter.execute(ActivityStarter.java:518)
	at com.android.server.wm.ActivityTaskManagerService.startActivityAndWait(ActivityTaskManagerService.java:1231)
	at com.android.server.am.ActivityManagerService.startActivityAndWait(ActivityManagerService.java:3763)
	at com.android.server.am.ActivityManagerShellCommand.runStartActivity(ActivityManagerShellCommand.java:513)
	at com.android.server.am.ActivityManagerShellCommand.onCommand(ActivityManagerShellCommand.java:172)
	at android.os.ShellCommand.exec(ShellCommand.java:104)
	at com.android.server.am.ActivityManagerService.onShellCommand(ActivityManagerService.java:10269)
	at android.os.Binder.shellCommand(Binder.java:881)
	at android.os.Binder.onTransact(Binder.java:765)
	at android.app.IActivityManager$Stub.onTransact(IActivityManager.java:4606)
	at com.android.server.am.ActivityManagerService.onTransact(ActivityManagerService.java:2906)
	at android.os.Binder.execTransactInternal(Binder.java:1021)
	at android.os.Binder.execTransact(Binder.java:994)'; Code: '255'
</msg>
<status status="FAIL" starttime="20200312 18:12:33.308" endtime="20200312 18:12:44.441"></status>
</kw>
<status status="FAIL" starttime="20200312 18:12:33.307" endtime="20200312 18:12:44.442" critical="yes">WebDriverException: Message: An unknown server-side error occurred while processing the command. Original error: Cannot start the 'com.asiainnovations.ace.taiwan' application. Visit https://github.com/appium/appium/blob/master/docs/en/writing-running-appium/android/activity-startup.md for troubleshooting. Original error: Error executing adbExec. Original error: 'Command '/Users/shocklee/Library/Android/sdk/platform-tools/adb -P 5037 -s PNXGAM8932802833 shell am start -W -n com.asiainnovations.ace.taiwan/com.asiainnovations.ace.main.MainActivity -S' exited with code 255'; Stderr: 'Security exception: Permission Denial: starting Intent { flg=0x10000000 cmp=com.asiainnovations.ace.taiwan/com.asiainnovations.ace.main.MainActivity } from null (pid=3401, uid=2000) not exported from uid 10269

java.lang.SecurityException: Permission Denial: starting Intent { flg=0x10000000 cmp=com.asiainnovations.ace.taiwan/com.asiainnovations.ace.main.MainActivity } from null (pid=3401, uid=2000) not exported from uid 10269
	at com.android.server.wm.ActivityStackSupervisor.checkStartAnyActivityPermission(ActivityStackSupervisor.java:1056)
	at com.android.server.wm.ActivityStarter.startActivity(ActivityStarter.java:764)
	at com.android.server.wm.ActivityStarter.startActivity(ActivityStarter.jav...
    [ Message content over the limit has been removed. ]
...d.server.wm.ActivityStarter.startActivityMayWait(ActivityStarter.java:1292)
	at com.android.server.wm.ActivityStarter.execute(ActivityStarter.java:518)
	at com.android.server.wm.ActivityTaskManagerService.startActivityAndWait(ActivityTaskManagerService.java:1231)
	at com.android.server.am.ActivityManagerService.startActivityAndWait(ActivityManagerService.java:3763)
	at com.android.server.am.ActivityManagerShellCommand.runStartActivity(ActivityManagerShellCommand.java:513)
	at com.android.server.am.ActivityManagerShellCommand.onCommand(ActivityManagerShellCommand.java:172)
	at android.os.ShellCommand.exec(ShellCommand.java:104)
	at com.android.server.am.ActivityManagerService.onShellCommand(ActivityManagerService.java:10269)
	at android.os.Binder.shellCommand(Binder.java:881)
	at android.os.Binder.onTransact(Binder.java:765)
	at android.app.IActivityManager$Stub.onTransact(IActivityManager.java:4606)
	at com.android.server.am.ActivityManagerService.onTransact(ActivityManagerService.java:2906)
	at android.os.Binder.execTransactInternal(Binder.java:1021)
	at android.os.Binder.execTransact(Binder.java:994)'; Code: '255'</status>
</test>
<status status="FAIL" starttime="20200312 18:12:32.186" endtime="20200312 18:12:44.461"></status>
</suite>
<statistics>
<total>
<stat pass="0" fail="1">Critical Tests</stat>
<stat pass="0" fail="1">All Tests</stat>
</total>
<tag>
</tag>
<suite>
<stat pass="0" fail="1" id="s1" name="Test">Test</stat>
</suite>
</statistics>
<errors>
<msg timestamp="20200312 18:12:44.432" level="WARN">Keyword 'Capture Page Screenshot' could not be run on failure: No application is open</msg>
</errors>
</robot>
