<?xml version="1.0" encoding="UTF-8"?>
<robot generator="Robot 3.1.2 (Python 3.7.4 on win32)" generated="20200314 00:15:49.688" rpa="false">
<suite id="s1" name="Test" source="D:\GitHub\workspace\Python\Ace\Android\test.robot">
<test id="s1-t1" name="Login Ace On Android">
<kw name="Open Ace App And Login" library="login">
<kw name="Open Application" library="AppiumLibrary">
<doc>Opens a new application to given Appium server.
Capabilities of appium server, Android and iOS,
Please check https://github.com/appium/appium/blob/master/docs/en/writing-running-appium/server-args.md
| *Option*            | *Man.* | *Description*     |
| remote_url          | Yes    | Appium server url |
| alias               | no     | alias             |</doc>
<arguments>
<arg>${host}</arg>
<arg>platformName=${platformName}</arg>
<arg>deviceName=${deviceName}</arg>
<arg>appPackage=${appPackage}</arg>
<arg>appActivity=${appActivity}</arg>
</arguments>
<status status="PASS" starttime="20200314 00:15:49.930" endtime="20200314 00:16:11.206"></status>
</kw>
<kw name="Goto Me Tab On Home Page" library="navigation">
<doc>我 分頁</doc>
<kw name="Wait Until Element Is Visible" library="AppiumLibrary">
<doc>Waits until element specified with `locator` is visible.</doc>
<arguments>
<arg>id=com.asiainnovations.ace.taiwan:id/navigation_me</arg>
</arguments>
<status status="PASS" starttime="20200314 00:16:11.206" endtime="20200314 00:16:15.279"></status>
</kw>
<kw name="Click Element" library="AppiumLibrary">
<doc>Click element identified by `locator`.</doc>
<arguments>
<arg>id=com.asiainnovations.ace.taiwan:id/navigation_me</arg>
</arguments>
<msg timestamp="20200314 00:16:15.282" level="INFO">Clicking element 'id=com.asiainnovations.ace.taiwan:id/navigation_me'.</msg>
<status status="PASS" starttime="20200314 00:16:15.280" endtime="20200314 00:16:15.480"></status>
</kw>
<status status="PASS" starttime="20200314 00:16:11.206" endtime="20200314 00:16:15.480"></status>
</kw>
<kw name="Click Mobile Login On Me Page" library="me">
<kw name="Wait Until Element Is Visible" library="AppiumLibrary">
<doc>Waits until element specified with `locator` is visible.</doc>
<arguments>
<arg>id=com.asiainnovations.ace.taiwan:id/tv_phone_login</arg>
</arguments>
<status status="PASS" starttime="20200314 00:16:15.480" endtime="20200314 00:16:17.150"></status>
</kw>
<kw name="Click Element" library="AppiumLibrary">
<doc>Click element identified by `locator`.</doc>
<arguments>
<arg>id=com.asiainnovations.ace.taiwan:id/tv_phone_login</arg>
</arguments>
<msg timestamp="20200314 00:16:17.151" level="INFO">Clicking element 'id=com.asiainnovations.ace.taiwan:id/tv_phone_login'.</msg>
<status status="PASS" starttime="20200314 00:16:17.150" endtime="20200314 00:16:17.261"></status>
</kw>
<status status="PASS" starttime="20200314 00:16:15.480" endtime="20200314 00:16:17.261"></status>
</kw>
<kw name="Input Tel Number In Mobile Login On Me Page" library="me">
<arguments>
<arg>0936736561</arg>
</arguments>
<kw name="Wait Until Element Is Visible" library="AppiumLibrary">
<doc>Waits until element specified with `locator` is visible.</doc>
<arguments>
<arg>id=com.asiainnovations.ace.taiwan:id/aet_phone</arg>
</arguments>
<status status="PASS" starttime="20200314 00:16:17.261" endtime="20200314 00:16:17.912"></status>
</kw>
<kw name="Input Text" library="AppiumLibrary">
<doc>Types the given `text` into text field identified by `locator`.</doc>
<arguments>
<arg>id=com.asiainnovations.ace.taiwan:id/aet_phone</arg>
<arg>${tel_number}</arg>
</arguments>
<msg timestamp="20200314 00:16:17.914" level="INFO">Typing text '0936736561' into text field 'id=com.asiainnovations.ace.taiwan:id/aet_phone'</msg>
<status status="PASS" starttime="20200314 00:16:17.912" endtime="20200314 00:16:18.514"></status>
</kw>
<status status="PASS" starttime="20200314 00:16:17.261" endtime="20200314 00:16:18.514"></status>
</kw>
<kw name="Input Password In Mobile Login On Me Page" library="me">
<arguments>
<arg>Arborabc1234</arg>
</arguments>
<kw name="Wait Until Element Is Visible" library="AppiumLibrary">
<doc>Waits until element specified with `locator` is visible.</doc>
<arguments>
<arg>id=com.asiainnovations.ace.taiwan:id/aet_password</arg>
</arguments>
<status status="PASS" starttime="20200314 00:16:18.514" endtime="20200314 00:16:19.061"></status>
</kw>
<kw name="Input Text" library="AppiumLibrary">
<doc>Types the given `text` into text field identified by `locator`.</doc>
<arguments>
<arg>id=com.asiainnovations.ace.taiwan:id/aet_password</arg>
<arg>${Password}</arg>
</arguments>
<msg timestamp="20200314 00:16:19.063" level="INFO">Typing text 'Arborabc1234' into text field 'id=com.asiainnovations.ace.taiwan:id/aet_password'</msg>
<status status="PASS" starttime="20200314 00:16:19.061" endtime="20200314 00:16:19.644"></status>
</kw>
<status status="PASS" starttime="20200314 00:16:18.514" endtime="20200314 00:16:19.644"></status>
</kw>
<kw name="Click Login Button In Mobile Login On Me Page" library="me">
<kw name="Wait Until Element Is Visible" library="AppiumLibrary">
<doc>Waits until element specified with `locator` is visible.</doc>
<arguments>
<arg>id=com.asiainnovations.ace.taiwan:id/acb_login</arg>
</arguments>
<status status="PASS" starttime="20200314 00:16:19.644" endtime="20200314 00:16:20.179"></status>
</kw>
<kw name="Click Element" library="AppiumLibrary">
<doc>Click element identified by `locator`.</doc>
<arguments>
<arg>id=com.asiainnovations.ace.taiwan:id/acb_login</arg>
</arguments>
<msg timestamp="20200314 00:16:20.180" level="INFO">Clicking element 'id=com.asiainnovations.ace.taiwan:id/acb_login'.</msg>
<status status="PASS" starttime="20200314 00:16:20.179" endtime="20200314 00:16:20.242"></status>
</kw>
<kw name="Sleep" library="BuiltIn">
<doc>Pauses the test executed for the given time.</doc>
<arguments>
<arg>1s</arg>
</arguments>
<msg timestamp="20200314 00:16:21.244" level="INFO">Slept 1 second</msg>
<status status="PASS" starttime="20200314 00:16:20.242" endtime="20200314 00:16:21.244"></status>
</kw>
<status status="PASS" starttime="20200314 00:16:19.644" endtime="20200314 00:16:21.244"></status>
</kw>
<kw name="Input Google Auth In Login On Me Page" library="me">
<arguments>
<arg>${googleAuth}</arg>
</arguments>
<kw name="Run Keyword" library="BuiltIn">
<doc>Executes the given keyword with the given arguments.</doc>
<arguments>
<arg>get_totp_token</arg>
<arg>${key}</arg>
</arguments>
<assign>
<var>${token}</var>
</assign>
<kw name="Get Totp Token" library="getTotp">
<arguments>
<arg>${key}</arg>
</arguments>
<status status="PASS" starttime="20200314 00:16:21.245" endtime="20200314 00:16:21.245"></status>
</kw>
<msg timestamp="20200314 00:16:21.245" level="INFO">${token} = 379803</msg>
<status status="PASS" starttime="20200314 00:16:21.245" endtime="20200314 00:16:21.245"></status>
</kw>
<kw name="Wait Until Element Is Visible" library="AppiumLibrary">
<doc>Waits until element specified with `locator` is visible.</doc>
<arguments>
<arg>id=com.asiainnovations.ace.taiwan:id/aet_vertify</arg>
</arguments>
<status status="PASS" starttime="20200314 00:16:21.245" endtime="20200314 00:16:22.266"></status>
</kw>
<kw name="Input Text" library="AppiumLibrary">
<doc>Types the given `text` into text field identified by `locator`.</doc>
<arguments>
<arg>id=com.asiainnovations.ace.taiwan:id/aet_vertify</arg>
<arg>${token}</arg>
</arguments>
<msg timestamp="20200314 00:16:22.267" level="INFO">Typing text '379803' into text field 'id=com.asiainnovations.ace.taiwan:id/aet_vertify'</msg>
<status status="PASS" starttime="20200314 00:16:22.266" endtime="20200314 00:16:22.862"></status>
</kw>
<status status="PASS" starttime="20200314 00:16:21.244" endtime="20200314 00:16:22.863"></status>
</kw>
<kw name="Click Login Button In Auth On Me Page" library="me">
<kw name="Wait Until Element Is Visible" library="AppiumLibrary">
<doc>Waits until element specified with `locator` is visible.</doc>
<arguments>
<arg>id=com.asiainnovations.ace.taiwan:id/acb_commit</arg>
</arguments>
<status status="PASS" starttime="20200314 00:16:22.863" endtime="20200314 00:16:23.394"></status>
</kw>
<kw name="Click Element" library="AppiumLibrary">
<doc>Click element identified by `locator`.</doc>
<arguments>
<arg>id=com.asiainnovations.ace.taiwan:id/acb_commit</arg>
</arguments>
<msg timestamp="20200314 00:16:23.396" level="INFO">Clicking element 'id=com.asiainnovations.ace.taiwan:id/acb_commit'.</msg>
<status status="PASS" starttime="20200314 00:16:23.395" endtime="20200314 00:16:23.453"></status>
</kw>
<status status="PASS" starttime="20200314 00:16:22.863" endtime="20200314 00:16:23.453"></status>
</kw>
<status status="PASS" starttime="20200314 00:15:49.929" endtime="20200314 00:16:23.453"></status>
</kw>
<kw name="Goto Home Tab On Home Page" library="navigation">
<doc>Home 分頁</doc>
<kw name="Wait Until Element Is Visible" library="AppiumLibrary">
<doc>Waits until element specified with `locator` is visible.</doc>
<arguments>
<arg>id=com.asiainnovations.ace.taiwan:id/navigation_home</arg>
</arguments>
<status status="PASS" starttime="20200314 00:16:23.455" endtime="20200314 00:16:25.643"></status>
</kw>
<kw name="Click Element" library="AppiumLibrary">
<doc>Click element identified by `locator`.</doc>
<arguments>
<arg>id=com.asiainnovations.ace.taiwan:id/navigation_home</arg>
</arguments>
<msg timestamp="20200314 00:16:25.645" level="INFO">Clicking element 'id=com.asiainnovations.ace.taiwan:id/navigation_home'.</msg>
<status status="PASS" starttime="20200314 00:16:25.643" endtime="20200314 00:16:25.784"></status>
</kw>
<status status="PASS" starttime="20200314 00:16:23.455" endtime="20200314 00:16:25.785"></status>
</kw>
<kw name="Swipe Middle To Left On Home Page" library="home">
<kw name="Swipe" library="AppiumLibrary">
<doc>Swipe from one point to another point, for an optional duration.</doc>
<arguments>
<arg>1000</arg>
<arg>560</arg>
<arg>0</arg>
<arg>560</arg>
<arg>5000</arg>
</arguments>
<status status="PASS" starttime="20200314 00:16:25.787" endtime="20200314 00:16:29.015"></status>
</kw>
<status status="PASS" starttime="20200314 00:16:25.786" endtime="20200314 00:16:29.016"></status>
</kw>
<kw name="Sleep" library="BuiltIn">
<doc>Pauses the test executed for the given time.</doc>
<arguments>
<arg>3s</arg>
</arguments>
<msg timestamp="20200314 00:16:32.018" level="INFO">Slept 3 seconds</msg>
<status status="PASS" starttime="20200314 00:16:29.016" endtime="20200314 00:16:32.018"></status>
</kw>
<kw name="Swipe Middle To Right On Home Page" library="home">
<kw name="Swipe" library="AppiumLibrary">
<doc>Swipe from one point to another point, for an optional duration.</doc>
<arguments>
<arg>0</arg>
<arg>560</arg>
<arg>1000</arg>
<arg>560</arg>
<arg>5000</arg>
</arguments>
<status status="PASS" starttime="20200314 00:16:32.019" endtime="20200314 00:16:35.228"></status>
</kw>
<status status="PASS" starttime="20200314 00:16:32.019" endtime="20200314 00:16:35.228"></status>
</kw>
<status status="PASS" starttime="20200314 00:15:49.929" endtime="20200314 00:16:35.228" critical="yes"></status>
</test>
<status status="PASS" starttime="20200314 00:15:49.690" endtime="20200314 00:16:35.230"></status>
</suite>
<statistics>
<total>
<stat pass="1" fail="0">Critical Tests</stat>
<stat pass="1" fail="0">All Tests</stat>
</total>
<tag>
</tag>
<suite>
<stat pass="1" fail="0" id="s1" name="Test">Test</stat>
</suite>
</statistics>
<errors>
<msg timestamp="20200314 00:15:49.683" level="WARN">Collapsing consecutive whitespace during parsing is deprecated. Fix ' #' in file 'D:\GitHub\workspace\Python\Ace\Android\test.robot' on line 45.</msg>
</errors>
</robot>
