<?xml version="1.0" encoding="UTF-8"?>
<robot generator="Robot 3.1.2 (Python 3.7.6 on darwin)" generated="20200330 14:35:34.660" rpa="false">
<suite id="s1" name="Test Login Me" source="/Users/shocklee/Documents/github/workspace/Python/Ace/Android/test_login_me.robot">
<test id="s1-t1" name="Test Login Ace On Android">
<kw name="Open Ace App And Login With Mail" library="login">
<kw name="Open Ace On Android" library="login">
<kw name="Open Application" library="AppiumLibrary">
<doc>Opens a new application to given Appium server.
Capabilities of appium server, Android and iOS,
Please check https://github.com/appium/appium/blob/master/docs/en/writing-running-appium/server-args.md
| *Option*            | *Man.* | *Description*     |
| remote_url          | Yes    | Appium server url |
| alias               | no     | alias             |</doc>
<arguments>
<arg>${host}</arg>
<arg>platformName=${platformName}</arg>
<arg>deviceName=${deviceName}</arg>
<arg>appPackage=${appPackage}</arg>
<arg>appActivity=${appActivity}</arg>
</arguments>
<status status="PASS" starttime="20200330 14:35:35.134" endtime="20200330 14:35:42.005"></status>
</kw>
<kw name="Goto Me Tab On Home Page" library="navigation">
<doc>我 分頁</doc>
<kw name="Wait Until Element Is Visible" library="AppiumLibrary">
<doc>Waits until element specified with `locator` is visible.</doc>
<arguments>
<arg>id=com.asiainnovations.ace.taiwan:id/navigation_me</arg>
</arguments>
<status status="PASS" starttime="20200330 14:35:42.006" endtime="20200330 14:35:43.538"></status>
</kw>
<kw name="Click Element" library="AppiumLibrary">
<doc>Click element identified by `locator`.</doc>
<arguments>
<arg>id=com.asiainnovations.ace.taiwan:id/navigation_me</arg>
</arguments>
<msg timestamp="20200330 14:35:43.541" level="INFO">Clicking element 'id=com.asiainnovations.ace.taiwan:id/navigation_me'.</msg>
<status status="PASS" starttime="20200330 14:35:43.538" endtime="20200330 14:35:43.667"></status>
</kw>
<status status="PASS" starttime="20200330 14:35:42.006" endtime="20200330 14:35:43.667"></status>
</kw>
<status status="PASS" starttime="20200330 14:35:35.134" endtime="20200330 14:35:43.667"></status>
</kw>
<kw name="Click Email Login On Me Page" library="me">
<doc>我-&gt;Email 登入</doc>
<kw name="Wait Until Element Is Visible" library="AppiumLibrary">
<doc>Waits until element specified with `locator` is visible.</doc>
<arguments>
<arg>id=com.asiainnovations.ace.taiwan:id/tv_email_login</arg>
</arguments>
<status status="PASS" starttime="20200330 14:35:43.668" endtime="20200330 14:35:44.486"></status>
</kw>
<kw name="Click Element" library="AppiumLibrary">
<doc>Click element identified by `locator`.</doc>
<arguments>
<arg>id=com.asiainnovations.ace.taiwan:id/tv_email_login</arg>
</arguments>
<msg timestamp="20200330 14:35:44.489" level="INFO">Clicking element 'id=com.asiainnovations.ace.taiwan:id/tv_email_login'.</msg>
<status status="PASS" starttime="20200330 14:35:44.486" endtime="20200330 14:35:45.163"></status>
</kw>
<status status="PASS" starttime="20200330 14:35:43.668" endtime="20200330 14:35:45.163"></status>
</kw>
<kw name="Input Email In Email Login On Me Page" library="me">
<doc>我-&gt;Email 登入-&gt;輸入 mail</doc>
<arguments>
<arg>ace.io.andro@gmail.com</arg>
</arguments>
<kw name="Wait Until Element Is Visible" library="AppiumLibrary">
<doc>Waits until element specified with `locator` is visible.</doc>
<arguments>
<arg>id=com.asiainnovations.ace.taiwan:id/aet_email</arg>
</arguments>
<status status="PASS" starttime="20200330 14:35:45.165" endtime="20200330 14:35:45.217"></status>
</kw>
<kw name="Input Text" library="AppiumLibrary">
<doc>Types the given `text` into text field identified by `locator`.</doc>
<arguments>
<arg>id=com.asiainnovations.ace.taiwan:id/aet_email</arg>
<arg>${Email}</arg>
</arguments>
<msg timestamp="20200330 14:35:45.219" level="INFO">Typing text 'ace.io.andro@gmail.com' into text field 'id=com.asiainnovations.ace.taiwan:id/aet_email'</msg>
<status status="PASS" starttime="20200330 14:35:45.217" endtime="20200330 14:35:45.313"></status>
</kw>
<status status="PASS" starttime="20200330 14:35:45.164" endtime="20200330 14:35:45.313"></status>
</kw>
<kw name="Input Password In Email Login On Me Page" library="me">
<doc>我-&gt;Email 登入-&gt;輸入 密碼</doc>
<arguments>
<arg>Arborabc1234</arg>
</arguments>
<kw name="Wait Until Element Is Visible" library="AppiumLibrary">
<doc>Waits until element specified with `locator` is visible.</doc>
<arguments>
<arg>id=com.asiainnovations.ace.taiwan:id/aet_password</arg>
</arguments>
<status status="PASS" starttime="20200330 14:35:45.314" endtime="20200330 14:35:45.850"></status>
</kw>
<kw name="Input Text" library="AppiumLibrary">
<doc>Types the given `text` into text field identified by `locator`.</doc>
<arguments>
<arg>id=com.asiainnovations.ace.taiwan:id/aet_password</arg>
<arg>${Password}</arg>
</arguments>
<msg timestamp="20200330 14:35:45.853" level="INFO">Typing text 'Arborabc1234' into text field 'id=com.asiainnovations.ace.taiwan:id/aet_password'</msg>
<status status="PASS" starttime="20200330 14:35:45.850" endtime="20200330 14:35:46.422"></status>
</kw>
<status status="PASS" starttime="20200330 14:35:45.313" endtime="20200330 14:35:46.423"></status>
</kw>
<kw name="Click Login Button In Login On Me Page" library="me">
<doc>我-&gt;電話orEmail 登入-&gt;登入</doc>
<kw name="Wait Until Element Is Visible" library="AppiumLibrary">
<doc>Waits until element specified with `locator` is visible.</doc>
<arguments>
<arg>id=com.asiainnovations.ace.taiwan:id/acb_login</arg>
</arguments>
<status status="PASS" starttime="20200330 14:35:46.424" endtime="20200330 14:35:46.956"></status>
</kw>
<kw name="Click Element" library="AppiumLibrary">
<doc>Click element identified by `locator`.</doc>
<arguments>
<arg>id=com.asiainnovations.ace.taiwan:id/acb_login</arg>
</arguments>
<msg timestamp="20200330 14:35:46.959" level="INFO">Clicking element 'id=com.asiainnovations.ace.taiwan:id/acb_login'.</msg>
<status status="PASS" starttime="20200330 14:35:46.957" endtime="20200330 14:35:47.053"></status>
</kw>
<kw name="Sleep" library="BuiltIn">
<doc>Pauses the test executed for the given time.</doc>
<arguments>
<arg>1s</arg>
</arguments>
<msg timestamp="20200330 14:35:48.056" level="INFO">Slept 1 second</msg>
<status status="PASS" starttime="20200330 14:35:47.054" endtime="20200330 14:35:48.057"></status>
</kw>
<status status="PASS" starttime="20200330 14:35:46.423" endtime="20200330 14:35:48.057"></status>
</kw>
<kw name="Input Google Auth In Login On Me Page" library="me">
<arguments>
<arg>${googleAuth}</arg>
</arguments>
<kw name="Run Keyword" library="BuiltIn">
<doc>Executes the given keyword with the given arguments.</doc>
<arguments>
<arg>get_totp_token</arg>
<arg>${key}</arg>
</arguments>
<assign>
<var>${token}</var>
</assign>
<kw name="Get Totp Token" library="getTotp">
<arguments>
<arg>${key}</arg>
</arguments>
<status status="PASS" starttime="20200330 14:35:48.059" endtime="20200330 14:35:48.060"></status>
</kw>
<msg timestamp="20200330 14:35:48.060" level="INFO">${token} = 010078</msg>
<status status="PASS" starttime="20200330 14:35:48.058" endtime="20200330 14:35:48.060"></status>
</kw>
<kw name="Wait Until Element Is Visible" library="AppiumLibrary">
<doc>Waits until element specified with `locator` is visible.</doc>
<arguments>
<arg>id=com.asiainnovations.ace.taiwan:id/aet_vertify</arg>
</arguments>
<status status="PASS" starttime="20200330 14:35:48.060" endtime="20200330 14:35:48.390"></status>
</kw>
<kw name="Input Text" library="AppiumLibrary">
<doc>Types the given `text` into text field identified by `locator`.</doc>
<arguments>
<arg>id=com.asiainnovations.ace.taiwan:id/aet_vertify</arg>
<arg>${token}</arg>
</arguments>
<msg timestamp="20200330 14:35:48.393" level="INFO">Typing text '010078' into text field 'id=com.asiainnovations.ace.taiwan:id/aet_vertify'</msg>
<status status="PASS" starttime="20200330 14:35:48.391" endtime="20200330 14:35:48.464"></status>
</kw>
<status status="PASS" starttime="20200330 14:35:48.057" endtime="20200330 14:35:48.464"></status>
</kw>
<kw name="Click Login Button In Auth On Me Page" library="me">
<arguments>
<arg>${googleAuth}</arg>
</arguments>
<kw name="Wait Until Element Is Visible" library="AppiumLibrary">
<doc>Waits until element specified with `locator` is visible.</doc>
<arguments>
<arg>id=com.asiainnovations.ace.taiwan:id/acb_commit</arg>
</arguments>
<status status="PASS" starttime="20200330 14:35:48.465" endtime="20200330 14:35:48.998"></status>
</kw>
<kw name="Click Element" library="AppiumLibrary">
<doc>Click element identified by `locator`.</doc>
<arguments>
<arg>id=com.asiainnovations.ace.taiwan:id/acb_commit</arg>
</arguments>
<msg timestamp="20200330 14:35:49.001" level="INFO">Clicking element 'id=com.asiainnovations.ace.taiwan:id/acb_commit'.</msg>
<status status="PASS" starttime="20200330 14:35:48.999" endtime="20200330 14:35:49.084"></status>
</kw>
<kw name="Sleep" library="BuiltIn">
<doc>Pauses the test executed for the given time.</doc>
<arguments>
<arg>2s</arg>
</arguments>
<msg timestamp="20200330 14:35:51.087" level="INFO">Slept 2 seconds</msg>
<status status="PASS" starttime="20200330 14:35:49.084" endtime="20200330 14:35:51.087"></status>
</kw>
<kw name="Run Keyword And Return Status" library="BuiltIn">
<doc>Runs the given keyword with given arguments and returns the status as a Boolean value.</doc>
<arguments>
<arg>Page Should Contain Element</arg>
<arg>id=com.asiainnovations.ace.taiwan:id/acb_commit</arg>
</arguments>
<assign>
<var>${status}</var>
</assign>
<kw name="Page Should Contain Element" library="AppiumLibrary">
<doc>Verifies that current page contains `locator` element.</doc>
<arguments>
<arg>id=com.asiainnovations.ace.taiwan:id/acb_commit</arg>
</arguments>
<kw name="Capture Page Screenshot" library="AppiumLibrary">
<doc>Takes a screenshot of the current page and embeds it into the log.</doc>
<msg timestamp="20200330 14:35:51.977" level="INFO" html="yes">&lt;/td&gt;&lt;/tr&gt;&lt;tr&gt;&lt;td colspan="3"&gt;&lt;a href="appium-screenshot-1.png"&gt;&lt;img src="appium-screenshot-1.png" width="800px"&gt;&lt;/a&gt;</msg>
<status status="PASS" starttime="20200330 14:35:51.284" endtime="20200330 14:35:51.977"></status>
</kw>
<msg timestamp="20200330 14:35:51.977" level="FAIL">Page should have contained element 'id=com.asiainnovations.ace.taiwan:id/acb_commit' but did not</msg>
<status status="FAIL" starttime="20200330 14:35:51.089" endtime="20200330 14:35:51.977"></status>
</kw>
<msg timestamp="20200330 14:35:51.978" level="INFO">${status} = False</msg>
<status status="PASS" starttime="20200330 14:35:51.088" endtime="20200330 14:35:51.978"></status>
</kw>
<kw name="Run Keyword" library="BuiltIn">
<doc>Executes the given keyword with the given arguments.</doc>
<arguments>
<arg>get_totp_token</arg>
<arg>${key}</arg>
</arguments>
<assign>
<var>${token}</var>
</assign>
<kw name="Get Totp Token" library="getTotp">
<arguments>
<arg>${key}</arg>
</arguments>
<status status="PASS" starttime="20200330 14:35:51.978" endtime="20200330 14:35:51.978"></status>
</kw>
<msg timestamp="20200330 14:35:51.978" level="INFO">${token} = 010078</msg>
<status status="PASS" starttime="20200330 14:35:51.978" endtime="20200330 14:35:51.978"></status>
</kw>
<kw name="Run Keyword If" library="BuiltIn">
<doc>Runs the given keyword with the given arguments, if ``condition`` is true.</doc>
<arguments>
<arg>${status} == True</arg>
<arg>Run Keywords</arg>
<arg>Input Text</arg>
<arg>id=com.asiainnovations.ace.taiwan:id/aet_vertify</arg>
<arg>${token}</arg>
<arg>AND</arg>
<arg>Click Element</arg>
<arg>id=com.asiainnovations.ace.taiwan:id/acb_commit</arg>
</arguments>
<status status="PASS" starttime="20200330 14:35:51.979" endtime="20200330 14:35:51.979"></status>
</kw>
<status status="PASS" starttime="20200330 14:35:48.464" endtime="20200330 14:35:51.979"></status>
</kw>
<status status="PASS" starttime="20200330 14:35:35.133" endtime="20200330 14:35:51.979"></status>
</kw>
<doc>登入ACE 使用 手機 google 驗證</doc>
<tags>
<tag>prod</tag>
</tags>
<status status="PASS" starttime="20200330 14:35:35.132" endtime="20200330 14:35:51.979" critical="yes"></status>
</test>
<test id="s1-t2" name="Test Click Me Page">
<kw name="Goto Me Tab On Home Page" library="navigation">
<doc>我 分頁</doc>
<kw name="Wait Until Element Is Visible" library="AppiumLibrary">
<doc>Waits until element specified with `locator` is visible.</doc>
<arguments>
<arg>id=com.asiainnovations.ace.taiwan:id/navigation_me</arg>
</arguments>
<status status="PASS" starttime="20200330 14:35:51.982" endtime="20200330 14:35:52.060"></status>
</kw>
<kw name="Click Element" library="AppiumLibrary">
<doc>Click element identified by `locator`.</doc>
<arguments>
<arg>id=com.asiainnovations.ace.taiwan:id/navigation_me</arg>
</arguments>
<msg timestamp="20200330 14:35:52.061" level="INFO">Clicking element 'id=com.asiainnovations.ace.taiwan:id/navigation_me'.</msg>
<status status="PASS" starttime="20200330 14:35:52.060" endtime="20200330 14:35:52.180"></status>
</kw>
<status status="PASS" starttime="20200330 14:35:51.982" endtime="20200330 14:35:52.180"></status>
</kw>
<kw name="Click Bank Account On Me Page" library="me">
<doc>我-&gt;銀行帳號</doc>
<kw name="Wait Until Element Is Visible" library="AppiumLibrary">
<doc>Waits until element specified with `locator` is visible.</doc>
<arguments>
<arg>xpath=//*[@resource-id='com.asiainnovations.ace.taiwan:id/setting_left' and @text='銀行帳號']</arg>
</arguments>
<status status="PASS" starttime="20200330 14:35:52.181" endtime="20200330 14:35:53.277"></status>
</kw>
<kw name="Click Element" library="AppiumLibrary">
<doc>Click element identified by `locator`.</doc>
<arguments>
<arg>xpath=//*[@resource-id='com.asiainnovations.ace.taiwan:id/setting_left' and @text='銀行帳號']</arg>
</arguments>
<msg timestamp="20200330 14:35:53.280" level="INFO">Clicking element 'xpath=//*[@resource-id='com.asiainnovations.ace.taiwan:id/setting_left' and @text='銀行帳號']'.</msg>
<status status="PASS" starttime="20200330 14:35:53.277" endtime="20200330 14:35:53.599"></status>
</kw>
<status status="PASS" starttime="20200330 14:35:52.181" endtime="20200330 14:35:53.599"></status>
</kw>
<kw name="Click Back Button On Me Page" library="me">
<doc>返回鍵</doc>
<kw name="Wait Until Element Is Visible" library="AppiumLibrary">
<doc>Waits until element specified with `locator` is visible.</doc>
<arguments>
<arg>id=com.asiainnovations.ace.taiwan:id/iv_back</arg>
<arg>timeout=10</arg>
</arguments>
<status status="PASS" starttime="20200330 14:35:53.600" endtime="20200330 14:35:55.011"></status>
</kw>
<kw name="Click Element" library="AppiumLibrary">
<doc>Click element identified by `locator`.</doc>
<arguments>
<arg>id=com.asiainnovations.ace.taiwan:id/iv_back</arg>
</arguments>
<msg timestamp="20200330 14:35:55.014" level="INFO">Clicking element 'id=com.asiainnovations.ace.taiwan:id/iv_back'.</msg>
<status status="PASS" starttime="20200330 14:35:55.011" endtime="20200330 14:35:55.084"></status>
</kw>
<status status="PASS" starttime="20200330 14:35:53.599" endtime="20200330 14:35:55.085"></status>
</kw>
<kw name="Click Coin Withdraw Address On Me Page" library="me">
<doc>我-&gt;我的提幣地址</doc>
<kw name="Wait Until Element Is Visible" library="AppiumLibrary">
<doc>Waits until element specified with `locator` is visible.</doc>
<arguments>
<arg>xpath=//*[@resource-id='com.asiainnovations.ace.taiwan:id/setting_left' and @text='我的提幣地址']</arg>
</arguments>
<status status="PASS" starttime="20200330 14:35:55.086" endtime="20200330 14:35:56.383"></status>
</kw>
<kw name="Click Element" library="AppiumLibrary">
<doc>Click element identified by `locator`.</doc>
<arguments>
<arg>xpath=//*[@resource-id='com.asiainnovations.ace.taiwan:id/setting_left' and @text='我的提幣地址']</arg>
</arguments>
<msg timestamp="20200330 14:35:56.384" level="INFO">Clicking element 'xpath=//*[@resource-id='com.asiainnovations.ace.taiwan:id/setting_left' and @text='我的提幣地址']'.</msg>
<status status="PASS" starttime="20200330 14:35:56.383" endtime="20200330 14:35:56.648"></status>
</kw>
<status status="PASS" starttime="20200330 14:35:55.085" endtime="20200330 14:35:56.648"></status>
</kw>
<kw name="Click Back Button On Me Page" library="me">
<doc>返回鍵</doc>
<kw name="Wait Until Element Is Visible" library="AppiumLibrary">
<doc>Waits until element specified with `locator` is visible.</doc>
<arguments>
<arg>id=com.asiainnovations.ace.taiwan:id/iv_back</arg>
<arg>timeout=10</arg>
</arguments>
<status status="PASS" starttime="20200330 14:35:56.650" endtime="20200330 14:35:57.933"></status>
</kw>
<kw name="Click Element" library="AppiumLibrary">
<doc>Click element identified by `locator`.</doc>
<arguments>
<arg>id=com.asiainnovations.ace.taiwan:id/iv_back</arg>
</arguments>
<msg timestamp="20200330 14:35:57.936" level="INFO">Clicking element 'id=com.asiainnovations.ace.taiwan:id/iv_back'.</msg>
<status status="PASS" starttime="20200330 14:35:57.934" endtime="20200330 14:35:58.028"></status>
</kw>
<status status="PASS" starttime="20200330 14:35:56.649" endtime="20200330 14:35:58.028"></status>
</kw>
<kw name="Click Invite Back On Me Page" library="me">
<doc>我-&gt;邀請返佣</doc>
<kw name="Wait Until Element Is Visible" library="AppiumLibrary">
<doc>Waits until element specified with `locator` is visible.</doc>
<arguments>
<arg>xpath=//*[@resource-id='com.asiainnovations.ace.taiwan:id/setting_left' and @text='邀請返佣']</arg>
</arguments>
<status status="PASS" starttime="20200330 14:35:58.030" endtime="20200330 14:35:59.517"></status>
</kw>
<kw name="Click Element" library="AppiumLibrary">
<doc>Click element identified by `locator`.</doc>
<arguments>
<arg>xpath=//*[@resource-id='com.asiainnovations.ace.taiwan:id/setting_left' and @text='邀請返佣']</arg>
</arguments>
<msg timestamp="20200330 14:35:59.521" level="INFO">Clicking element 'xpath=//*[@resource-id='com.asiainnovations.ace.taiwan:id/setting_left' and @text='邀請返佣']'.</msg>
<status status="PASS" starttime="20200330 14:35:59.518" endtime="20200330 14:35:59.784"></status>
</kw>
<status status="PASS" starttime="20200330 14:35:58.029" endtime="20200330 14:35:59.785"></status>
</kw>
<kw name="Click Back Button On Me Page" library="me">
<doc>返回鍵</doc>
<kw name="Wait Until Element Is Visible" library="AppiumLibrary">
<doc>Waits until element specified with `locator` is visible.</doc>
<arguments>
<arg>id=com.asiainnovations.ace.taiwan:id/iv_back</arg>
<arg>timeout=10</arg>
</arguments>
<status status="PASS" starttime="20200330 14:35:59.787" endtime="20200330 14:36:03.896"></status>
</kw>
<kw name="Click Element" library="AppiumLibrary">
<doc>Click element identified by `locator`.</doc>
<arguments>
<arg>id=com.asiainnovations.ace.taiwan:id/iv_back</arg>
</arguments>
<msg timestamp="20200330 14:36:03.899" level="INFO">Clicking element 'id=com.asiainnovations.ace.taiwan:id/iv_back'.</msg>
<status status="PASS" starttime="20200330 14:36:03.896" endtime="20200330 14:36:04.001"></status>
</kw>
<status status="PASS" starttime="20200330 14:35:59.785" endtime="20200330 14:36:04.001"></status>
</kw>
<kw name="Click Announcement On Me Page" library="me">
<doc>我-&gt;公告中心</doc>
<kw name="Wait Until Element Is Visible" library="AppiumLibrary">
<doc>Waits until element specified with `locator` is visible.</doc>
<arguments>
<arg>xpath=//*[@resource-id='com.asiainnovations.ace.taiwan:id/setting_left' and @text='公告中心']</arg>
</arguments>
<status status="PASS" starttime="20200330 14:36:04.003" endtime="20200330 14:36:05.053"></status>
</kw>
<kw name="Click Element" library="AppiumLibrary">
<doc>Click element identified by `locator`.</doc>
<arguments>
<arg>xpath=//*[@resource-id='com.asiainnovations.ace.taiwan:id/setting_left' and @text='公告中心']</arg>
</arguments>
<msg timestamp="20200330 14:36:05.056" level="INFO">Clicking element 'xpath=//*[@resource-id='com.asiainnovations.ace.taiwan:id/setting_left' and @text='公告中心']'.</msg>
<status status="PASS" starttime="20200330 14:36:05.053" endtime="20200330 14:36:05.313"></status>
</kw>
<status status="PASS" starttime="20200330 14:36:04.002" endtime="20200330 14:36:05.313"></status>
</kw>
<kw name="Click Back Button On Me Page" library="me">
<doc>返回鍵</doc>
<kw name="Wait Until Element Is Visible" library="AppiumLibrary">
<doc>Waits until element specified with `locator` is visible.</doc>
<arguments>
<arg>id=com.asiainnovations.ace.taiwan:id/iv_back</arg>
<arg>timeout=10</arg>
</arguments>
<status status="PASS" starttime="20200330 14:36:05.314" endtime="20200330 14:36:06.827"></status>
</kw>
<kw name="Click Element" library="AppiumLibrary">
<doc>Click element identified by `locator`.</doc>
<arguments>
<arg>id=com.asiainnovations.ace.taiwan:id/iv_back</arg>
</arguments>
<msg timestamp="20200330 14:36:06.830" level="INFO">Clicking element 'id=com.asiainnovations.ace.taiwan:id/iv_back'.</msg>
<status status="PASS" starttime="20200330 14:36:06.828" endtime="20200330 14:36:06.948"></status>
</kw>
<status status="PASS" starttime="20200330 14:36:05.313" endtime="20200330 14:36:06.948"></status>
</kw>
<kw name="Click System Settings On Me Page" library="me">
<doc>我-&gt;系統設置</doc>
<kw name="Wait Until Element Is Visible" library="AppiumLibrary">
<doc>Waits until element specified with `locator` is visible.</doc>
<arguments>
<arg>xpath=//*[@resource-id='com.asiainnovations.ace.taiwan:id/setting_left' and @text='系統設置']</arg>
</arguments>
<status status="PASS" starttime="20200330 14:36:06.950" endtime="20200330 14:36:08.201"></status>
</kw>
<kw name="Click Element" library="AppiumLibrary">
<doc>Click element identified by `locator`.</doc>
<arguments>
<arg>xpath=//*[@resource-id='com.asiainnovations.ace.taiwan:id/setting_left' and @text='系統設置']</arg>
</arguments>
<msg timestamp="20200330 14:36:08.204" level="INFO">Clicking element 'xpath=//*[@resource-id='com.asiainnovations.ace.taiwan:id/setting_left' and @text='系統設置']'.</msg>
<status status="PASS" starttime="20200330 14:36:08.202" endtime="20200330 14:36:08.484"></status>
</kw>
<status status="PASS" starttime="20200330 14:36:06.949" endtime="20200330 14:36:08.485"></status>
</kw>
<kw name="Click Back Button On Me Page" library="me">
<doc>返回鍵</doc>
<kw name="Wait Until Element Is Visible" library="AppiumLibrary">
<doc>Waits until element specified with `locator` is visible.</doc>
<arguments>
<arg>id=com.asiainnovations.ace.taiwan:id/iv_back</arg>
<arg>timeout=10</arg>
</arguments>
<status status="PASS" starttime="20200330 14:36:08.487" endtime="20200330 14:36:09.111"></status>
</kw>
<kw name="Click Element" library="AppiumLibrary">
<doc>Click element identified by `locator`.</doc>
<arguments>
<arg>id=com.asiainnovations.ace.taiwan:id/iv_back</arg>
</arguments>
<msg timestamp="20200330 14:36:09.114" level="INFO">Clicking element 'id=com.asiainnovations.ace.taiwan:id/iv_back'.</msg>
<status status="PASS" starttime="20200330 14:36:09.111" endtime="20200330 14:36:09.179"></status>
</kw>
<status status="PASS" starttime="20200330 14:36:08.485" endtime="20200330 14:36:09.179"></status>
</kw>
<kw name="Click Question Reply On Me Page" library="me">
<doc>我-&gt;問題回饋</doc>
<kw name="Wait Until Element Is Visible" library="AppiumLibrary">
<doc>Waits until element specified with `locator` is visible.</doc>
<arguments>
<arg>xpath=//*[@resource-id='com.asiainnovations.ace.taiwan:id/setting_left' and @text='問題回饋']</arg>
</arguments>
<status status="PASS" starttime="20200330 14:36:09.180" endtime="20200330 14:36:10.257"></status>
</kw>
<kw name="Click Element" library="AppiumLibrary">
<doc>Click element identified by `locator`.</doc>
<arguments>
<arg>xpath=//*[@resource-id='com.asiainnovations.ace.taiwan:id/setting_left' and @text='問題回饋']</arg>
</arguments>
<msg timestamp="20200330 14:36:10.260" level="INFO">Clicking element 'xpath=//*[@resource-id='com.asiainnovations.ace.taiwan:id/setting_left' and @text='問題回饋']'.</msg>
<status status="PASS" starttime="20200330 14:36:10.258" endtime="20200330 14:36:10.498"></status>
</kw>
<status status="PASS" starttime="20200330 14:36:09.180" endtime="20200330 14:36:10.498"></status>
</kw>
<kw name="Click Back Button On Me Page" library="me">
<doc>返回鍵</doc>
<kw name="Wait Until Element Is Visible" library="AppiumLibrary">
<doc>Waits until element specified with `locator` is visible.</doc>
<arguments>
<arg>id=com.asiainnovations.ace.taiwan:id/iv_back</arg>
<arg>timeout=10</arg>
</arguments>
<status status="PASS" starttime="20200330 14:36:10.500" endtime="20200330 14:36:12.533"></status>
</kw>
<kw name="Click Element" library="AppiumLibrary">
<doc>Click element identified by `locator`.</doc>
<arguments>
<arg>id=com.asiainnovations.ace.taiwan:id/iv_back</arg>
</arguments>
<msg timestamp="20200330 14:36:12.536" level="INFO">Clicking element 'id=com.asiainnovations.ace.taiwan:id/iv_back'.</msg>
<status status="PASS" starttime="20200330 14:36:12.533" endtime="20200330 14:36:12.632"></status>
</kw>
<status status="PASS" starttime="20200330 14:36:10.499" endtime="20200330 14:36:12.633"></status>
</kw>
<doc>切換到 我 點擊 各個頁面</doc>
<tags>
<tag>prod</tag>
</tags>
<status status="PASS" starttime="20200330 14:35:51.980" endtime="20200330 14:36:12.633" critical="yes"></status>
</test>
<status status="PASS" starttime="20200330 14:35:34.662" endtime="20200330 14:36:12.634"></status>
</suite>
<statistics>
<total>
<stat pass="2" fail="0">Critical Tests</stat>
<stat pass="2" fail="0">All Tests</stat>
</total>
<tag>
<stat pass="2" fail="0">prod</stat>
</tag>
<suite>
<stat pass="2" fail="0" id="s1" name="Test Login Me">Test Login Me</stat>
</suite>
</statistics>
<errors>
</errors>
</robot>
