<?xml version="1.0" encoding="UTF-8"?>
<robot generator="Robot 3.1.2 (Python 3.7.6 on darwin)" generated="20200313 18:25:23.434" rpa="false">
<suite id="s1" name="Test" source="/Users/shocklee/Documents/github/workspace/Python/Ace/Android/test.robot">
<test id="s1-t1" name="Login Ace On Android">
<kw name="Open Ace App And Login" library="login">
<kw name="Open Application" library="AppiumLibrary">
<doc>Opens a new application to given Appium server.
Capabilities of appium server, Android and iOS,
Please check https://github.com/appium/appium/blob/master/docs/en/writing-running-appium/server-args.md
| *Option*            | *Man.* | *Description*     |
| remote_url          | Yes    | Appium server url |
| alias               | no     | alias             |</doc>
<arguments>
<arg>${host}</arg>
<arg>platformName=${platformName}</arg>
<arg>deviceName=${deviceName}</arg>
<arg>appPackage=${appPackage}</arg>
<arg>appActivity=${appActivity}</arg>
</arguments>
<status status="PASS" starttime="20200313 18:25:23.991" endtime="20200313 18:25:34.252"></status>
</kw>
<kw name="Goto Me Tab On Home Page" library="navigation">
<doc>我 分頁</doc>
<kw name="Wait Until Element Is Visible" library="AppiumLibrary">
<doc>Waits until element specified with `locator` is visible.</doc>
<arguments>
<arg>id=com.asiainnovations.ace.taiwan:id/navigation_me</arg>
</arguments>
<status status="PASS" starttime="20200313 18:25:34.254" endtime="20200313 18:25:36.346"></status>
</kw>
<kw name="Click Element" library="AppiumLibrary">
<doc>Click element identified by `locator`.</doc>
<arguments>
<arg>id=com.asiainnovations.ace.taiwan:id/navigation_me</arg>
</arguments>
<msg timestamp="20200313 18:25:36.348" level="INFO">Clicking element 'id=com.asiainnovations.ace.taiwan:id/navigation_me'.</msg>
<status status="PASS" starttime="20200313 18:25:36.346" endtime="20200313 18:25:36.530"></status>
</kw>
<status status="PASS" starttime="20200313 18:25:34.253" endtime="20200313 18:25:36.530"></status>
</kw>
<kw name="Click Mobile Login On Me Page" library="me">
<kw name="Wait Until Element Is Visible" library="AppiumLibrary">
<doc>Waits until element specified with `locator` is visible.</doc>
<arguments>
<arg>id=com.asiainnovations.ace.taiwan:id/tv_phone_login</arg>
</arguments>
<status status="PASS" starttime="20200313 18:25:36.531" endtime="20200313 18:25:37.346"></status>
</kw>
<kw name="Click Element" library="AppiumLibrary">
<doc>Click element identified by `locator`.</doc>
<arguments>
<arg>id=com.asiainnovations.ace.taiwan:id/tv_phone_login</arg>
</arguments>
<msg timestamp="20200313 18:25:37.348" level="INFO">Clicking element 'id=com.asiainnovations.ace.taiwan:id/tv_phone_login'.</msg>
<status status="PASS" starttime="20200313 18:25:37.347" endtime="20200313 18:25:38.044"></status>
</kw>
<status status="PASS" starttime="20200313 18:25:36.530" endtime="20200313 18:25:38.044"></status>
</kw>
<kw name="Input Tel Number In Mobile Login On Me Page" library="me">
<arguments>
<arg>0936736561</arg>
</arguments>
<kw name="Wait Until Element Is Visible" library="AppiumLibrary">
<doc>Waits until element specified with `locator` is visible.</doc>
<arguments>
<arg>id=com.asiainnovations.ace.taiwan:id/aet_phone</arg>
</arguments>
<status status="PASS" starttime="20200313 18:25:38.045" endtime="20200313 18:25:38.110"></status>
</kw>
<kw name="Input Text" library="AppiumLibrary">
<doc>Types the given `text` into text field identified by `locator`.</doc>
<arguments>
<arg>id=com.asiainnovations.ace.taiwan:id/aet_phone</arg>
<arg>${tel_number}</arg>
</arguments>
<msg timestamp="20200313 18:25:38.112" level="INFO">Typing text '0936736561' into text field 'id=com.asiainnovations.ace.taiwan:id/aet_phone'</msg>
<status status="PASS" starttime="20200313 18:25:38.110" endtime="20200313 18:25:38.692"></status>
</kw>
<status status="PASS" starttime="20200313 18:25:38.045" endtime="20200313 18:25:38.693"></status>
</kw>
<kw name="Input Password In Mobile Login On Me Page" library="me">
<arguments>
<arg>Arborabc1234</arg>
</arguments>
<kw name="Wait Until Element Is Visible" library="AppiumLibrary">
<doc>Waits until element specified with `locator` is visible.</doc>
<arguments>
<arg>id=com.asiainnovations.ace.taiwan:id/aet_password</arg>
</arguments>
<status status="PASS" starttime="20200313 18:25:38.693" endtime="20200313 18:25:39.228"></status>
</kw>
<kw name="Input Text" library="AppiumLibrary">
<doc>Types the given `text` into text field identified by `locator`.</doc>
<arguments>
<arg>id=com.asiainnovations.ace.taiwan:id/aet_password</arg>
<arg>${Password}</arg>
</arguments>
<msg timestamp="20200313 18:25:39.230" level="INFO">Typing text 'Arborabc1234' into text field 'id=com.asiainnovations.ace.taiwan:id/aet_password'</msg>
<status status="PASS" starttime="20200313 18:25:39.228" endtime="20200313 18:25:39.324"></status>
</kw>
<status status="PASS" starttime="20200313 18:25:38.693" endtime="20200313 18:25:39.324"></status>
</kw>
<kw name="Click Login Button In Mobile Login On Me Page" library="me">
<kw name="Wait Until Element Is Visible" library="AppiumLibrary">
<doc>Waits until element specified with `locator` is visible.</doc>
<arguments>
<arg>id=com.asiainnovations.ace.taiwan:id/acb_login</arg>
</arguments>
<status status="PASS" starttime="20200313 18:25:39.325" endtime="20200313 18:25:39.862"></status>
</kw>
<kw name="Click Element" library="AppiumLibrary">
<doc>Click element identified by `locator`.</doc>
<arguments>
<arg>id=com.asiainnovations.ace.taiwan:id/acb_login</arg>
</arguments>
<msg timestamp="20200313 18:25:39.865" level="INFO">Clicking element 'id=com.asiainnovations.ace.taiwan:id/acb_login'.</msg>
<status status="PASS" starttime="20200313 18:25:39.862" endtime="20200313 18:25:39.960"></status>
</kw>
<status status="PASS" starttime="20200313 18:25:39.324" endtime="20200313 18:25:39.960"></status>
</kw>
<kw name="Input Google Auth In Login On Me Page" library="me">
<arguments>
<arg>${googleAuth}</arg>
</arguments>
<kw name="Run Keyword" library="BuiltIn">
<doc>Executes the given keyword with the given arguments.</doc>
<arguments>
<arg>get_totp_token</arg>
<arg>${key}</arg>
</arguments>
<assign>
<var>${token}</var>
</assign>
<kw name="Get Totp Token" library="getTotp">
<arguments>
<arg>${key}</arg>
</arguments>
<status status="PASS" starttime="20200313 18:25:39.963" endtime="20200313 18:25:39.964"></status>
</kw>
<msg timestamp="20200313 18:25:39.964" level="INFO">${token} = 399561</msg>
<status status="PASS" starttime="20200313 18:25:39.962" endtime="20200313 18:25:39.964"></status>
</kw>
<kw name="Wait Until Element Is Visible" library="AppiumLibrary">
<doc>Waits until element specified with `locator` is visible.</doc>
<arguments>
<arg>id=com.asiainnovations.ace.taiwan:id/aet_vertify</arg>
</arguments>
<status status="PASS" starttime="20200313 18:25:39.965" endtime="20200313 18:25:41.136"></status>
</kw>
<kw name="Input Text" library="AppiumLibrary">
<doc>Types the given `text` into text field identified by `locator`.</doc>
<arguments>
<arg>id=com.asiainnovations.ace.taiwan:id/aet_vertify</arg>
<arg>${token}</arg>
</arguments>
<msg timestamp="20200313 18:25:41.138" level="INFO">Typing text '399561' into text field 'id=com.asiainnovations.ace.taiwan:id/aet_vertify'</msg>
<status status="PASS" starttime="20200313 18:25:41.136" endtime="20200313 18:25:41.245"></status>
</kw>
<status status="PASS" starttime="20200313 18:25:39.961" endtime="20200313 18:25:41.246"></status>
</kw>
<kw name="Click Login Button In Auth On Me Page" library="me">
<kw name="Wait Until Element Is Visible" library="AppiumLibrary">
<doc>Waits until element specified with `locator` is visible.</doc>
<arguments>
<arg>id=com.asiainnovations.ace.taiwan:id/acb_commit</arg>
</arguments>
<status status="PASS" starttime="20200313 18:25:41.246" endtime="20200313 18:25:41.781"></status>
</kw>
<kw name="Click Element" library="AppiumLibrary">
<doc>Click element identified by `locator`.</doc>
<arguments>
<arg>id=com.asiainnovations.ace.taiwan:id/acb_commit</arg>
</arguments>
<msg timestamp="20200313 18:25:41.783" level="INFO">Clicking element 'id=com.asiainnovations.ace.taiwan:id/acb_commit'.</msg>
<status status="PASS" starttime="20200313 18:25:41.781" endtime="20200313 18:25:41.878"></status>
</kw>
<status status="PASS" starttime="20200313 18:25:41.246" endtime="20200313 18:25:41.879"></status>
</kw>
<status status="PASS" starttime="20200313 18:25:23.991" endtime="20200313 18:25:41.880"></status>
</kw>
<kw name="Goto Home Tab On Home Page" library="navigation">
<doc>Home 分頁</doc>
<kw name="Wait Until Element Is Visible" library="AppiumLibrary">
<doc>Waits until element specified with `locator` is visible.</doc>
<arguments>
<arg>id=com.asiainnovations.ace.taiwan:id/navigation_home</arg>
</arguments>
<status status="PASS" starttime="20200313 18:25:41.881" endtime="20200313 18:25:43.318"></status>
</kw>
<kw name="Click Element" library="AppiumLibrary">
<doc>Click element identified by `locator`.</doc>
<arguments>
<arg>id=com.asiainnovations.ace.taiwan:id/navigation_home</arg>
</arguments>
<msg timestamp="20200313 18:25:43.320" level="INFO">Clicking element 'id=com.asiainnovations.ace.taiwan:id/navigation_home'.</msg>
<status status="PASS" starttime="20200313 18:25:43.319" endtime="20200313 18:25:43.547"></status>
</kw>
<status status="PASS" starttime="20200313 18:25:41.880" endtime="20200313 18:25:43.548"></status>
</kw>
<kw name="Click Price Tab On Home Page" library="home">
<kw name="Wait Until Element Is Visible" library="AppiumLibrary">
<doc>Waits until element specified with `locator` is visible.</doc>
<arguments>
<arg>xpath=//*[@class='androidx.appcompat.app.ActionBar.Tab' and @index='0']</arg>
</arguments>
<status status="PASS" starttime="20200313 18:25:43.550" endtime="20200313 18:25:44.621"></status>
</kw>
<kw name="Click Element" library="AppiumLibrary">
<doc>Click element identified by `locator`.</doc>
<arguments>
<arg>xpath=//*[@class='androidx.appcompat.app.ActionBar.Tab' and @index='0']</arg>
</arguments>
<msg timestamp="20200313 18:25:44.625" level="INFO">Clicking element 'xpath=//*[@class='androidx.appcompat.app.ActionBar.Tab' and @index='0']'.</msg>
<status status="PASS" starttime="20200313 18:25:44.621" endtime="20200313 18:25:45.567"></status>
</kw>
<status status="PASS" starttime="20200313 18:25:43.549" endtime="20200313 18:25:45.567"></status>
</kw>
<kw name="Click Gainers Tab On Home Page" library="home">
<kw name="Wait Until Element Is Visible" library="AppiumLibrary">
<doc>Waits until element specified with `locator` is visible.</doc>
<arguments>
<arg>xpath=//*[@class='androidx.appcompat.app.ActionBar.Tab' and @index='1']</arg>
</arguments>
<status status="PASS" starttime="20200313 18:25:45.568" endtime="20200313 18:25:45.913"></status>
</kw>
<kw name="Click Element" library="AppiumLibrary">
<doc>Click element identified by `locator`.</doc>
<arguments>
<arg>xpath=//*[@class='androidx.appcompat.app.ActionBar.Tab' and @index='1']</arg>
</arguments>
<msg timestamp="20200313 18:25:45.915" level="INFO">Clicking element 'xpath=//*[@class='androidx.appcompat.app.ActionBar.Tab' and @index='1']'.</msg>
<status status="PASS" starttime="20200313 18:25:45.913" endtime="20200313 18:25:46.278"></status>
</kw>
<status status="PASS" starttime="20200313 18:25:45.567" endtime="20200313 18:25:46.279"></status>
</kw>
<kw name="Click Event Button On Home Page" library="home">
<kw name="Wait Until Element Is Visible" library="AppiumLibrary">
<doc>Waits until element specified with `locator` is visible.</doc>
<arguments>
<arg>id=com.asiainnovations.ace.taiwan:id/goEvent</arg>
</arguments>
<status status="PASS" starttime="20200313 18:25:46.279" endtime="20200313 18:25:46.890"></status>
</kw>
<kw name="Click Element" library="AppiumLibrary">
<doc>Click element identified by `locator`.</doc>
<arguments>
<arg>id=com.asiainnovations.ace.taiwan:id/goEvent</arg>
</arguments>
<msg timestamp="20200313 18:25:46.892" level="INFO">Clicking element 'id=com.asiainnovations.ace.taiwan:id/goEvent'.</msg>
<status status="PASS" starttime="20200313 18:25:46.890" endtime="20200313 18:25:47.060"></status>
</kw>
<status status="PASS" starttime="20200313 18:25:46.279" endtime="20200313 18:25:47.060"></status>
</kw>
<kw name="Click Back Button In Event On Home Page" library="home">
<kw name="Wait Until Element Is Visible" library="AppiumLibrary">
<doc>Waits until element specified with `locator` is visible.</doc>
<arguments>
<arg>id=com.asiainnovations.ace.taiwan:id/iv_back</arg>
</arguments>
<status status="PASS" starttime="20200313 18:25:47.061" endtime="20200313 18:25:47.889"></status>
</kw>
<kw name="Click Element" library="AppiumLibrary">
<doc>Click element identified by `locator`.</doc>
<arguments>
<arg>id=com.asiainnovations.ace.taiwan:id/iv_back</arg>
</arguments>
<msg timestamp="20200313 18:25:47.891" level="INFO">Clicking element 'id=com.asiainnovations.ace.taiwan:id/iv_back'.</msg>
<kw name="Capture Page Screenshot" library="AppiumLibrary">
<doc>Takes a screenshot of the current page and embeds it into the log.</doc>
<msg timestamp="20200313 18:25:49.206" level="INFO" html="yes">&lt;/td&gt;&lt;/tr&gt;&lt;tr&gt;&lt;td colspan="3"&gt;&lt;a href="appium-screenshot-1.png"&gt;&lt;img src="appium-screenshot-1.png" width="800px"&gt;&lt;/a&gt;</msg>
<status status="PASS" starttime="20200313 18:25:48.502" endtime="20200313 18:25:49.206"></status>
</kw>
<msg timestamp="20200313 18:25:49.232" level="FAIL">StaleElementReferenceException: Message: Cached elements 'By.id: com.asiainnovations.ace.taiwan:id/iv_back' do not exist in DOM anymore
</msg>
<status status="FAIL" starttime="20200313 18:25:47.889" endtime="20200313 18:25:49.232"></status>
</kw>
<status status="FAIL" starttime="20200313 18:25:47.061" endtime="20200313 18:25:49.232"></status>
</kw>
<status status="FAIL" starttime="20200313 18:25:23.990" endtime="20200313 18:25:49.233" critical="yes">StaleElementReferenceException: Message: Cached elements 'By.id: com.asiainnovations.ace.taiwan:id/iv_back' do not exist in DOM anymore
</status>
</test>
<status status="FAIL" starttime="20200313 18:25:23.438" endtime="20200313 18:25:49.234"></status>
</suite>
<statistics>
<total>
<stat pass="0" fail="1">Critical Tests</stat>
<stat pass="0" fail="1">All Tests</stat>
</total>
<tag>
</tag>
<suite>
<stat pass="0" fail="1" id="s1" name="Test">Test</stat>
</suite>
</statistics>
<errors>
<msg timestamp="20200313 18:25:23.410" level="WARN">Collapsing consecutive whitespace during parsing is deprecated. Fix ' #' in file '/Users/shocklee/Documents/github/workspace/Python/Ace/Android/test.robot' on line 42.</msg>
</errors>
</robot>
